<?xml version="1.0" encoding="UTF-8"?>
<coverage generated="1765007697564" clover="3.2.0">
  <project timestamp="1765007697564" name="All files">
    <metrics statements="995" coveredstatements="654" conditionals="282" coveredconditionals="127" methods="134" coveredmethods="94" elements="1411" coveredelements="875" complexity="0" loc="995" ncloc="995" packages="5" files="20" classes="20"/>
    <package name="shared">
      <metrics statements="4" coveredstatements="4" conditionals="0" coveredconditionals="0" methods="1" coveredmethods="0"/>
      <file name="types.ts" path="/home/runner/work/vscode-visual-xml-schema-editor/vscode-visual-xml-schema-editor/shared/types.ts">
        <metrics statements="4" coveredstatements="4" conditionals="0" coveredconditionals="0" methods="1" coveredmethods="0"/>
        <line num="7" count="2" type="stmt"/>
        <line num="10" count="2" type="stmt"/>
        <line num="13" count="2" type="stmt"/>
        <line num="16" count="2" type="stmt"/>
      </file>
    </package>
    <package name="shared.commands">
      <metrics statements="7" coveredstatements="7" conditionals="0" coveredconditionals="0" methods="0" coveredmethods="0"/>
      <file name="index.ts" path="/home/runner/work/vscode-visual-xml-schema-editor/vscode-visual-xml-schema-editor/shared/commands/index.ts">
        <metrics statements="7" coveredstatements="7" conditionals="0" coveredconditionals="0" methods="0" coveredmethods="0"/>
        <line num="7" count="2" type="stmt"/>
        <line num="10" count="2" type="stmt"/>
        <line num="11" count="2" type="stmt"/>
        <line num="12" count="2" type="stmt"/>
        <line num="13" count="2" type="stmt"/>
        <line num="14" count="2" type="stmt"/>
        <line num="15" count="2" type="stmt"/>
      </file>
    </package>
    <package name="src">
      <metrics statements="57" coveredstatements="43" conditionals="10" coveredconditionals="4" methods="13" coveredmethods="8"/>
      <file name="extension.ts" path="/home/runner/work/vscode-visual-xml-schema-editor/vscode-visual-xml-schema-editor/src/extension.ts">
        <metrics statements="15" coveredstatements="12" conditionals="8" coveredconditionals="4" methods="3" coveredmethods="3"/>
        <line num="1" count="1" type="stmt"/>
        <line num="2" count="1" type="stmt"/>
        <line num="10" count="1" type="stmt"/>
        <line num="12" count="5" type="stmt"/>
        <line num="14" count="5" type="stmt"/>
        <line num="28" count="5" type="stmt"/>
        <line num="34" count="2" type="stmt"/>
        <line num="36" count="2" type="cond" truecount="0" falsecount="1"/>
        <line num="37" count="0" type="stmt"/>
        <line num="38" count="0" type="cond" truecount="0" falsecount="3"/>
        <line num="39" count="0" type="stmt"/>
        <line num="43" count="2" type="cond" truecount="4" falsecount="0"/>
        <line num="44" count="1" type="stmt"/>
        <line num="50" count="1" type="stmt"/>
        <line num="63" count="1" type="stmt"/>
      </file>
      <file name="webviewProvider.ts" path="/home/runner/work/vscode-visual-xml-schema-editor/vscode-visual-xml-schema-editor/src/webviewProvider.ts">
        <metrics statements="42" coveredstatements="31" conditionals="2" coveredconditionals="0" methods="10" coveredmethods="5"/>
        <line num="1" count="2" type="stmt"/>
        <line num="2" count="2" type="stmt"/>
        <line num="3" count="2" type="stmt"/>
        <line num="11" count="2" type="stmt"/>
        <line num="18" count="11" type="stmt"/>
        <line num="33" count="4" type="stmt"/>
        <line num="37" count="4" type="stmt"/>
        <line num="40" count="4" type="stmt"/>
        <line num="43" count="4" type="stmt"/>
        <line num="45" count="0" type="cond" truecount="0" falsecount="1"/>
        <line num="46" count="0" type="stmt"/>
        <line num="52" count="4" type="stmt"/>
        <line num="54" count="0" type="stmt"/>
        <line num="59" count="4" type="stmt"/>
        <line num="60" count="0" type="stmt"/>
        <line num="75" count="4" type="stmt"/>
        <line num="76" count="4" type="stmt"/>
        <line num="77" count="4" type="stmt"/>
        <line num="78" count="4" type="stmt"/>
        <line num="79" count="4" type="stmt"/>
        <line num="82" count="4" type="stmt"/>
        <line num="84" count="4" type="stmt"/>
        <line num="85" count="4" type="stmt"/>
        <line num="88" count="4" type="stmt"/>
        <line num="93" count="0" type="stmt"/>
        <line num="94" count="0" type="stmt"/>
        <line num="112" count="0" type="cond" truecount="0" falsecount="1"/>
        <line num="114" count="0" type="stmt"/>
        <line num="115" count="0" type="stmt"/>
        <line num="134" count="0" type="stmt"/>
        <line num="135" count="0" type="stmt"/>
        <line num="147" count="4" type="stmt"/>
        <line num="150" count="4" type="stmt"/>
        <line num="153" count="4" type="stmt"/>
        <line num="154" count="4" type="stmt"/>
        <line num="156" count="4" type="stmt"/>
        <line num="158" count="4" type="stmt"/>
        <line num="192" count="4" type="stmt"/>
        <line num="194" count="4" type="stmt"/>
        <line num="195" count="4" type="stmt"/>
        <line num="196" count="128" type="stmt"/>
        <line num="198" count="4" type="stmt"/>
      </file>
    </package>
    <package name="webview-src">
      <metrics statements="306" coveredstatements="129" conditionals="100" coveredconditionals="23" methods="46" coveredmethods="22"/>
      <file name="main.ts" path="/home/runner/work/vscode-visual-xml-schema-editor/vscode-visual-xml-schema-editor/webview-src/main.ts">
        <metrics statements="126" coveredstatements="57" conditionals="40" coveredconditionals="11" methods="21" coveredmethods="9"/>
        <line num="1" count="4" type="stmt"/>
        <line num="2" count="4" type="stmt"/>
        <line num="25" count="4" type="stmt"/>
        <line num="26" count="4" type="stmt"/>
        <line num="28" count="4" type="stmt"/>
        <line num="29" count="4" type="cond" truecount="2" falsecount="1"/>
        <line num="30" count="0" type="stmt"/>
        <line num="33" count="4" type="stmt"/>
        <line num="34" count="4" type="stmt"/>
        <line num="38" count="4" type="stmt"/>
        <line num="39" count="4" type="stmt"/>
        <line num="40" count="4" type="stmt"/>
        <line num="43" count="4" type="stmt"/>
        <line num="44" count="4" type="cond" truecount="0" falsecount="1"/>
        <line num="45" count="0" type="cond" truecount="0" falsecount="2"/>
        <line num="46" count="0" type="cond" truecount="0" falsecount="1"/>
        <line num="47" count="0" type="stmt"/>
        <line num="48" count="0" type="stmt"/>
        <line num="57" count="4" type="stmt"/>
        <line num="60" count="2" type="stmt"/>
        <line num="62" count="2" type="cond" truecount="2" falsecount="0"/>
        <line num="64" count="1" type="stmt"/>
        <line num="65" count="1" type="stmt"/>
        <line num="66" count="1" type="stmt"/>
        <line num="67" count="1" type="stmt"/>
        <line num="71" count="1" type="cond" truecount="1" falsecount="1"/>
        <line num="72" count="1" type="stmt"/>
        <line num="73" count="1" type="stmt"/>
        <line num="85" count="1" type="cond" truecount="0" falsecount="1"/>
        <line num="86" count="0" type="stmt"/>
        <line num="87" count="0" type="stmt"/>
        <line num="90" count="1" type="stmt"/>
        <line num="91" count="1" type="stmt"/>
        <line num="94" count="1" type="stmt"/>
        <line num="97" count="0" type="stmt"/>
        <line num="102" count="1" type="cond" truecount="3" falsecount="0"/>
        <line num="103" count="1" type="stmt"/>
        <line num="106" count="0" type="stmt"/>
        <line num="107" count="0" type="stmt"/>
        <line num="115" count="1" type="stmt"/>
        <line num="116" count="1" type="cond" truecount="0" falsecount="1"/>
        <line num="119" count="1" type="stmt"/>
        <line num="120" count="1" type="stmt"/>
        <line num="124" count="1" type="stmt"/>
        <line num="125" count="1" type="stmt"/>
        <line num="127" count="1" type="stmt"/>
        <line num="128" count="1" type="stmt"/>
        <line num="140" count="0" type="cond" truecount="0" falsecount="2"/>
        <line num="142" count="0" type="stmt"/>
        <line num="145" count="0" type="stmt"/>
        <line num="148" count="0" type="stmt"/>
        <line num="156" count="4" type="stmt"/>
        <line num="157" count="4" type="stmt"/>
        <line num="158" count="4" type="stmt"/>
        <line num="160" count="4" type="stmt"/>
        <line num="161" count="0" type="stmt"/>
        <line num="164" count="4" type="stmt"/>
        <line num="165" count="0" type="stmt"/>
        <line num="168" count="4" type="stmt"/>
        <line num="169" count="0" type="cond" truecount="0" falsecount="1"/>
        <line num="171" count="0" type="stmt"/>
        <line num="172" count="0" type="stmt"/>
        <line num="173" count="0" type="stmt"/>
        <line num="182" count="0" type="cond" truecount="0" falsecount="1"/>
        <line num="184" count="0" type="stmt"/>
        <line num="185" count="0" type="cond" truecount="0" falsecount="1"/>
        <line num="188" count="0" type="stmt"/>
        <line num="189" count="0" type="stmt"/>
        <line num="192" count="0" type="stmt"/>
        <line num="193" count="0" type="stmt"/>
        <line num="196" count="0" type="stmt"/>
        <line num="199" count="0" type="stmt"/>
        <line num="200" count="0" type="stmt"/>
        <line num="202" count="0" type="stmt"/>
        <line num="203" count="0" type="stmt"/>
        <line num="210" count="4" type="stmt"/>
        <line num="211" count="4" type="cond" truecount="2" falsecount="1"/>
        <line num="212" count="0" type="stmt"/>
        <line num="214" count="4" type="stmt"/>
        <line num="215" count="4" type="stmt"/>
        <line num="216" count="4" type="stmt"/>
        <line num="217" count="4" type="stmt"/>
        <line num="219" count="4" type="stmt"/>
        <line num="220" count="0" type="stmt"/>
        <line num="223" count="0" type="stmt"/>
        <line num="224" count="0" type="cond" truecount="0" falsecount="2"/>
        <line num="225" count="0" type="cond" truecount="0" falsecount="2"/>
        <line num="227" count="0" type="cond" truecount="0" falsecount="4"/>
        <line num="228" count="0" type="stmt"/>
        <line num="229" count="0" type="stmt"/>
        <line num="230" count="0" type="stmt"/>
        <line num="231" count="0" type="stmt"/>
        <line num="232" count="0" type="stmt"/>
        <line num="233" count="0" type="stmt"/>
        <line num="237" count="4" type="stmt"/>
        <line num="238" count="0" type="cond" truecount="0" falsecount="1"/>
        <line num="239" count="0" type="stmt"/>
        <line num="240" count="0" type="stmt"/>
        <line num="241" count="0" type="stmt"/>
        <line num="242" count="0" type="stmt"/>
        <line num="246" count="4" type="stmt"/>
        <line num="247" count="0" type="cond" truecount="0" falsecount="1"/>
        <line num="248" count="0" type="stmt"/>
        <line num="249" count="0" type="stmt"/>
        <line num="250" count="0" type="cond" truecount="0" falsecount="1"/>
        <line num="251" count="0" type="stmt"/>
        <line num="253" count="0" type="stmt"/>
        <line num="259" count="4" type="stmt"/>
        <line num="260" count="0" type="stmt"/>
        <line num="263" count="0" type="stmt"/>
        <line num="264" count="0" type="stmt"/>
        <line num="265" count="0" type="stmt"/>
        <line num="268" count="0" type="stmt"/>
        <line num="269" count="0" type="stmt"/>
        <line num="272" count="0" type="cond" truecount="0" falsecount="2"/>
        <line num="273" count="0" type="stmt"/>
        <line num="276" count="0" type="stmt"/>
        <line num="277" count="0" type="stmt"/>
        <line num="279" count="0" type="stmt"/>
        <line num="280" count="0" type="stmt"/>
        <line num="289" count="1" type="stmt"/>
        <line num="297" count="0" type="stmt"/>
        <line num="304" count="2" type="stmt"/>
        <line num="312" count="4" type="cond" truecount="1" falsecount="1"/>
        <line num="313" count="0" type="stmt"/>
        <line num="315" count="4" type="stmt"/>
      </file>
      <file name="propertyPanel.ts" path="/home/runner/work/vscode-visual-xml-schema-editor/vscode-visual-xml-schema-editor/webview-src/propertyPanel.ts">
        <metrics statements="54" coveredstatements="24" conditionals="22" coveredconditionals="11" methods="7" coveredmethods="4"/>
        <line num="11" count="5" type="stmt"/>
        <line num="20" count="9" type="stmt"/>
        <line num="30" count="4" type="stmt"/>
        <line num="33" count="4" type="stmt"/>
        <line num="36" count="4" type="cond" truecount="1" falsecount="0"/>
        <line num="37" count="1" type="stmt"/>
        <line num="41" count="4" type="cond" truecount="0" falsecount="1"/>
        <line num="42" count="0" type="stmt"/>
        <line num="46" count="4" type="cond" truecount="2" falsecount="1"/>
        <line num="47" count="4" type="cond" truecount="1" falsecount="1"/>
        <line num="48" count="4" type="cond" truecount="3" falsecount="1"/>
        <line num="49" count="4" type="stmt"/>
        <line num="53" count="4" type="cond" truecount="0" falsecount="1"/>
        <line num="54" count="0" type="stmt"/>
        <line num="58" count="4" type="cond" truecount="2" falsecount="1"/>
        <line num="59" count="0" type="stmt"/>
        <line num="60" count="0" type="stmt"/>
        <line num="62" count="0" type="stmt"/>
        <line num="63" count="0" type="stmt"/>
        <line num="64" count="0" type="stmt"/>
        <line num="68" count="0" type="cond" truecount="0" falsecount="1"/>
        <line num="69" count="0" type="stmt"/>
        <line num="71" count="0" type="cond" truecount="0" falsecount="1"/>
        <line num="72" count="0" type="stmt"/>
        <line num="74" count="0" type="stmt"/>
        <line num="77" count="0" type="stmt"/>
        <line num="81" count="4" type="cond" truecount="2" falsecount="1"/>
        <line num="82" count="0" type="stmt"/>
        <line num="93" count="9" type="stmt"/>
        <line num="94" count="9" type="stmt"/>
        <line num="96" count="9" type="stmt"/>
        <line num="97" count="9" type="stmt"/>
        <line num="99" count="9" type="stmt"/>
        <line num="100" count="9" type="stmt"/>
        <line num="102" count="9" type="stmt"/>
        <line num="103" count="9" type="stmt"/>
        <line num="104" count="9" type="stmt"/>
        <line num="115" count="0" type="stmt"/>
        <line num="116" count="0" type="stmt"/>
        <line num="118" count="0" type="stmt"/>
        <line num="119" count="0" type="stmt"/>
        <line num="121" count="0" type="stmt"/>
        <line num="122" count="0" type="stmt"/>
        <line num="124" count="0" type="stmt"/>
        <line num="125" count="0" type="stmt"/>
        <line num="126" count="0" type="stmt"/>
        <line num="137" count="0" type="stmt"/>
        <line num="138" count="0" type="stmt"/>
        <line num="140" count="0" type="stmt"/>
        <line num="141" count="0" type="stmt"/>
        <line num="143" count="0" type="stmt"/>
        <line num="144" count="0" type="stmt"/>
        <line num="145" count="0" type="stmt"/>
        <line num="153" count="1" type="stmt"/>
      </file>
      <file name="renderer.ts" path="/home/runner/work/vscode-visual-xml-schema-editor/vscode-visual-xml-schema-editor/webview-src/renderer.ts">
        <metrics statements="126" coveredstatements="48" conditionals="38" coveredconditionals="1" methods="18" coveredmethods="9"/>
        <line num="3" count="5" type="stmt"/>
        <line num="11" count="5" type="stmt"/>
        <line num="15" count="9" type="stmt"/>
        <line num="16" count="9" type="stmt"/>
        <line num="19" count="9" type="stmt"/>
        <line num="29" count="9" type="stmt"/>
        <line num="30" count="9" type="stmt"/>
        <line num="33" count="9" type="stmt"/>
        <line num="37" count="9" type="stmt"/>
        <line num="38" count="9" type="stmt"/>
        <line num="41" count="9" type="stmt"/>
        <line num="42" count="9" type="stmt"/>
        <line num="45" count="9" type="stmt"/>
        <line num="57" count="3" type="stmt"/>
        <line num="58" count="3" type="stmt"/>
        <line num="60" count="3" type="cond" truecount="0" falsecount="1"/>
        <line num="61" count="0" type="stmt"/>
        <line num="62" count="0" type="stmt"/>
        <line num="65" count="3" type="stmt"/>
        <line num="67" count="3" type="stmt"/>
        <line num="70" count="3" type="stmt"/>
        <line num="71" count="3" type="stmt"/>
        <line num="74" count="3" type="stmt"/>
        <line num="77" count="3" type="stmt"/>
        <line num="80" count="3" type="stmt"/>
        <line num="83" count="0" type="stmt"/>
        <line num="85" count="3" type="stmt"/>
        <line num="86" count="3" type="stmt"/>
        <line num="95" count="0" type="cond" truecount="0" falsecount="1"/>
        <line num="97" count="0" type="stmt"/>
        <line num="99" count="0" type="stmt"/>
        <line num="102" count="0" type="stmt"/>
        <line num="105" count="0" type="stmt"/>
        <line num="107" count="0" type="stmt"/>
        <line num="108" count="0" type="stmt"/>
        <line num="116" count="9" type="stmt"/>
        <line num="117" count="0" type="stmt"/>
        <line num="120" count="0" type="stmt"/>
        <line num="121" count="0" type="cond" truecount="0" falsecount="1"/>
        <line num="122" count="0" type="stmt"/>
        <line num="123" count="0" type="cond" truecount="0" falsecount="1"/>
        <line num="124" count="0" type="stmt"/>
        <line num="125" count="0" type="stmt"/>
        <line num="126" count="0" type="cond" truecount="0" falsecount="3"/>
        <line num="127" count="0" type="stmt"/>
        <line num="130" count="0" type="stmt"/>
        <line num="131" count="0" type="stmt"/>
        <line num="135" count="0" type="stmt"/>
        <line num="136" count="0" type="cond" truecount="0" falsecount="1"/>
        <line num="137" count="0" type="stmt"/>
        <line num="138" count="0" type="stmt"/>
        <line num="139" count="0" type="cond" truecount="0" falsecount="3"/>
        <line num="140" count="0" type="stmt"/>
        <line num="152" count="0" type="cond" truecount="0" falsecount="3"/>
        <line num="154" count="0" type="stmt"/>
        <line num="155" count="0" type="cond" truecount="0" falsecount="1"/>
        <line num="157" count="0" type="stmt"/>
        <line num="158" count="0" type="stmt"/>
        <line num="159" count="0" type="cond" truecount="0" falsecount="1"/>
        <line num="162" count="0" type="stmt"/>
        <line num="165" count="0" type="stmt"/>
        <line num="166" count="0" type="stmt"/>
        <line num="167" count="0" type="cond" truecount="0" falsecount="1"/>
        <line num="170" count="0" type="stmt"/>
        <line num="178" count="3" type="stmt"/>
        <line num="179" count="3" type="cond" truecount="1" falsecount="0"/>
        <line num="181" count="0" type="stmt"/>
        <line num="182" count="0" type="stmt"/>
        <line num="183" count="0" type="stmt"/>
        <line num="184" count="0" type="stmt"/>
        <line num="188" count="0" type="stmt"/>
        <line num="189" count="0" type="stmt"/>
        <line num="192" count="0" type="stmt"/>
        <line num="200" count="3" type="cond" truecount="0" falsecount="1"/>
        <line num="202" count="3" type="stmt"/>
        <line num="203" count="6" type="cond" truecount="0" falsecount="1"/>
        <line num="204" count="0" type="stmt"/>
        <line num="205" count="0" type="cond" truecount="0" falsecount="2"/>
        <line num="207" count="6" type="stmt"/>
        <line num="208" count="3" type="stmt"/>
        <line num="212" count="3" type="stmt"/>
        <line num="213" count="3" type="stmt"/>
        <line num="231" count="4" type="stmt"/>
        <line num="232" count="4" type="stmt"/>
        <line num="233" count="4" type="stmt"/>
        <line num="234" count="4" type="stmt"/>
        <line num="235" count="4" type="stmt"/>
        <line num="236" count="4" type="stmt"/>
        <line num="244" count="11" type="stmt"/>
        <line num="247" count="11" type="stmt"/>
        <line num="260" count="0" type="cond" truecount="0" falsecount="3"/>
        <line num="261" count="0" type="stmt"/>
        <line num="264" count="0" type="stmt"/>
        <line num="266" count="0" type="cond" truecount="0" falsecount="3"/>
        <line num="268" count="0" type="cond" truecount="0" falsecount="3"/>
        <line num="270" count="0" type="cond" truecount="0" falsecount="1"/>
        <line num="276" count="0" type="stmt"/>
        <line num="280" count="0" type="stmt"/>
        <line num="281" count="0" type="stmt"/>
        <line num="284" count="0" type="stmt"/>
        <line num="285" count="0" type="stmt"/>
        <line num="286" count="0" type="stmt"/>
        <line num="289" count="0" type="stmt"/>
        <line num="290" count="0" type="stmt"/>
        <line num="293" count="0" type="stmt"/>
        <line num="294" count="0" type="stmt"/>
        <line num="297" count="0" type="stmt"/>
        <line num="298" count="0" type="stmt"/>
        <line num="300" count="0" type="stmt"/>
        <line num="301" count="0" type="stmt"/>
        <line num="302" count="0" type="stmt"/>
        <line num="311" count="0" type="stmt"/>
        <line num="312" count="0" type="stmt"/>
        <line num="316" count="0" type="stmt"/>
        <line num="317" count="0" type="cond" truecount="0" falsecount="1"/>
        <line num="318" count="0" type="stmt"/>
        <line num="328" count="4" type="stmt"/>
        <line num="329" count="4" type="stmt"/>
        <line num="333" count="4" type="stmt"/>
        <line num="335" count="4" type="stmt"/>
        <line num="336" count="4" type="stmt"/>
        <line num="345" count="0" type="stmt"/>
        <line num="346" count="0" type="stmt"/>
        <line num="350" count="0" type="stmt"/>
        <line num="352" count="0" type="stmt"/>
        <line num="353" count="0" type="stmt"/>
      </file>
    </package>
    <package name="webview-src.diagram">
      <metrics statements="621" coveredstatements="471" conditionals="172" coveredconditionals="100" methods="74" coveredmethods="64"/>
      <file name="Diagram.ts" path="/home/runner/work/vscode-visual-xml-schema-editor/vscode-visual-xml-schema-editor/webview-src/diagram/Diagram.ts">
        <metrics statements="29" coveredstatements="29" conditionals="1" coveredconditionals="1" methods="4" coveredmethods="4"/>
        <line num="8" count="12" type="stmt"/>
        <line num="18" count="12" type="stmt"/>
        <line num="20" count="76" type="stmt"/>
        <line num="23" count="76" type="stmt"/>
        <line num="26" count="76" type="stmt"/>
        <line num="29" count="76" type="stmt"/>
        <line num="32" count="76" type="stmt"/>
        <line num="35" count="76" type="stmt"/>
        <line num="38" count="76" type="stmt"/>
        <line num="41" count="76" type="stmt"/>
        <line num="44" count="76" type="stmt"/>
        <line num="58" count="15" type="stmt"/>
        <line num="59" count="15" type="stmt"/>
        <line num="70" count="5" type="cond" truecount="1" falsecount="0"/>
        <line num="71" count="1" type="stmt"/>
        <line num="72" count="1" type="stmt"/>
        <line num="75" count="4" type="stmt"/>
        <line num="76" count="4" type="stmt"/>
        <line num="77" count="4" type="stmt"/>
        <line num="78" count="4" type="stmt"/>
        <line num="80" count="4" type="stmt"/>
        <line num="81" count="4" type="stmt"/>
        <line num="82" count="4" type="stmt"/>
        <line num="83" count="4" type="stmt"/>
        <line num="84" count="4" type="stmt"/>
        <line num="85" count="4" type="stmt"/>
        <line num="88" count="4" type="stmt"/>
        <line num="95" count="4" type="stmt"/>
        <line num="106" count="2" type="stmt"/>
      </file>
      <file name="DiagramBuilder.ts" path="/home/runner/work/vscode-visual-xml-schema-editor/vscode-visual-xml-schema-editor/webview-src/diagram/DiagramBuilder.ts">
        <metrics statements="45" coveredstatements="42" conditionals="9" coveredconditionals="6" methods="8" coveredmethods="8"/>
        <line num="11" count="6" type="stmt"/>
        <line num="12" count="6" type="stmt"/>
        <line num="13" count="6" type="stmt"/>
        <line num="15" count="6" type="stmt"/>
        <line num="19" count="6" type="stmt"/>
        <line num="24" count="6" type="stmt"/>
        <line num="36" count="6" type="stmt"/>
        <line num="38" count="12" type="stmt"/>
        <line num="44" count="12" type="stmt"/>
        <line num="55" count="12" type="stmt"/>
        <line num="56" count="12" type="stmt"/>
        <line num="57" count="12" type="stmt"/>
        <line num="59" count="12" type="stmt"/>
        <line num="62" count="12" type="cond" truecount="2" falsecount="0"/>
        <line num="63" count="12" type="stmt"/>
        <line num="71" count="12" type="stmt"/>
        <line num="74" count="7" type="stmt"/>
        <line num="77" count="12" type="stmt"/>
        <line num="80" count="1" type="stmt"/>
        <line num="83" count="12" type="stmt"/>
        <line num="86" count="3" type="stmt"/>
        <line num="90" count="12" type="cond" truecount="1" falsecount="0"/>
        <line num="91" count="3" type="stmt"/>
        <line num="97" count="3" type="stmt"/>
        <line num="100" count="12" type="stmt"/>
        <line num="101" count="12" type="stmt"/>
        <line num="112" count="7" type="stmt"/>
        <line num="113" count="7" type="cond" truecount="0" falsecount="1"/>
        <line num="114" count="0" type="stmt"/>
        <line num="118" count="7" type="cond" truecount="1" falsecount="0"/>
        <line num="119" count="1" type="stmt"/>
        <line num="123" count="7" type="cond" truecount="1" falsecount="0"/>
        <line num="124" count="1" type="stmt"/>
        <line num="127" count="7" type="stmt"/>
        <line num="138" count="1" type="stmt"/>
        <line num="139" count="1" type="cond" truecount="0" falsecount="1"/>
        <line num="140" count="0" type="stmt"/>
        <line num="143" count="1" type="stmt"/>
        <line num="145" count="1" type="stmt"/>
        <line num="156" count="3" type="stmt"/>
        <line num="157" count="3" type="cond" truecount="0" falsecount="1"/>
        <line num="158" count="0" type="stmt"/>
        <line num="162" count="3" type="cond" truecount="1" falsecount="0"/>
        <line num="163" count="3" type="stmt"/>
        <line num="166" count="3" type="stmt"/>
      </file>
      <file name="DiagramBuilderHelpers.ts" path="/home/runner/work/vscode-visual-xml-schema-editor/vscode-visual-xml-schema-editor/webview-src/diagram/DiagramBuilderHelpers.ts">
        <metrics statements="28" coveredstatements="28" conditionals="24" coveredconditionals="20" methods="7" coveredmethods="7"/>
        <line num="24" count="9" type="stmt"/>
        <line num="25" count="59" type="cond" truecount="1" falsecount="0"/>
        <line num="26" count="35" type="stmt"/>
        <line num="28" count="24" type="cond" truecount="2" falsecount="0"/>
        <line num="38" count="9" type="stmt"/>
        <line num="39" count="30" type="cond" truecount="1" falsecount="0"/>
        <line num="40" count="24" type="stmt"/>
        <line num="43" count="6" type="stmt"/>
        <line num="44" count="6" type="cond" truecount="1" falsecount="1"/>
        <line num="54" count="9" type="stmt"/>
        <line num="58" count="14" type="cond" truecount="1" falsecount="0"/>
        <line num="59" count="2" type="cond" truecount="2" falsecount="0"/>
        <line num="61" count="14" type="cond" truecount="1" falsecount="0"/>
        <line num="62" count="3" type="stmt"/>
        <line num="63" count="3" type="stmt"/>
        <line num="75" count="9" type="stmt"/>
        <line num="76" count="14" type="cond" truecount="1" falsecount="0"/>
        <line num="77" count="2" type="stmt"/>
        <line num="80" count="12" type="stmt"/>
        <line num="82" count="12" type="stmt"/>
        <line num="83" count="7" type="cond" truecount="1" falsecount="0"/>
        <line num="84" count="1" type="stmt"/>
        <line num="87" count="6" type="stmt"/>
        <line num="101" count="9" type="stmt"/>
        <line num="109" count="9" type="stmt"/>
        <line num="110" count="39" type="stmt"/>
        <line num="117" count="9" type="stmt"/>
        <line num="118" count="28" type="stmt"/>
      </file>
      <file name="DiagramItem.ts" path="/home/runner/work/vscode-visual-xml-schema-editor/vscode-visual-xml-schema-editor/webview-src/diagram/DiagramItem.ts">
        <metrics statements="53" coveredstatements="53" conditionals="6" coveredconditionals="6" methods="8" coveredmethods="8"/>
        <line num="6" count="13" type="stmt"/>
        <line num="15" count="13" type="stmt"/>
        <line num="19" count="102" type="stmt"/>
        <line num="21" count="102" type="stmt"/>
        <line num="22" count="102" type="stmt"/>
        <line num="23" count="102" type="stmt"/>
        <line num="24" count="102" type="stmt"/>
        <line num="27" count="102" type="stmt"/>
        <line num="28" count="102" type="stmt"/>
        <line num="31" count="102" type="stmt"/>
        <line num="32" count="102" type="stmt"/>
        <line num="33" count="102" type="stmt"/>
        <line num="34" count="102" type="stmt"/>
        <line num="35" count="102" type="stmt"/>
        <line num="38" count="102" type="stmt"/>
        <line num="39" count="102" type="stmt"/>
        <line num="40" count="102" type="stmt"/>
        <line num="41" count="102" type="stmt"/>
        <line num="42" count="102" type="stmt"/>
        <line num="43" count="102" type="stmt"/>
        <line num="46" count="102" type="stmt"/>
        <line num="49" count="102" type="stmt"/>
        <line num="52" count="102" type="stmt"/>
        <line num="61" count="102" type="stmt"/>
        <line num="69" count="102" type="stmt"/>
        <line num="70" count="102" type="stmt"/>
        <line num="71" count="102" type="stmt"/>
        <line num="72" count="102" type="stmt"/>
        <line num="79" count="23" type="stmt"/>
        <line num="80" count="23" type="stmt"/>
        <line num="81" count="23" type="stmt"/>
        <line num="88" count="1" type="stmt"/>
        <line num="95" count="3" type="cond" truecount="1" falsecount="0"/>
        <line num="96" count="2" type="stmt"/>
        <line num="103" count="3" type="cond" truecount="1" falsecount="0"/>
        <line num="104" count="2" type="stmt"/>
        <line num="114" count="2" type="cond" truecount="1" falsecount="0"/>
        <line num="115" count="1" type="stmt"/>
        <line num="125" count="8" type="cond" truecount="1" falsecount="0"/>
        <line num="126" count="7" type="stmt"/>
        <line num="138" count="14" type="stmt"/>
        <line num="139" count="14" type="stmt"/>
        <line num="140" count="14" type="stmt"/>
        <line num="141" count="14" type="stmt"/>
        <line num="143" count="14" type="cond" truecount="1" falsecount="0"/>
        <line num="144" count="3" type="stmt"/>
        <line num="145" count="3" type="stmt"/>
        <line num="146" count="3" type="stmt"/>
        <line num="147" count="3" type="stmt"/>
        <line num="148" count="3" type="stmt"/>
        <line num="149" count="3" type="stmt"/>
        <line num="153" count="14" type="stmt"/>
        <line num="160" count="14" type="stmt"/>
      </file>
      <file name="DiagramLayout.ts" path="/home/runner/work/vscode-visual-xml-schema-editor/vscode-visual-xml-schema-editor/webview-src/diagram/DiagramLayout.ts">
        <metrics statements="58" coveredstatements="26" conditionals="16" coveredconditionals="5" methods="7" coveredmethods="4"/>
        <line num="8" count="5" type="stmt"/>
        <line num="10" count="5" type="stmt"/>
        <line num="12" count="9" type="stmt"/>
        <line num="13" count="9" type="stmt"/>
        <line num="14" count="9" type="stmt"/>
        <line num="15" count="9" type="stmt"/>
        <line num="16" count="9" type="stmt"/>
        <line num="17" count="9" type="stmt"/>
        <line num="18" count="9" type="stmt"/>
        <line num="19" count="9" type="stmt"/>
        <line num="26" count="3" type="stmt"/>
        <line num="27" count="3" type="stmt"/>
        <line num="28" count="3" type="stmt"/>
        <line num="29" count="3" type="stmt"/>
        <line num="30" count="3" type="stmt"/>
        <line num="34" count="3" type="stmt"/>
        <line num="42" count="3" type="stmt"/>
        <line num="45" count="3" type="stmt"/>
        <line num="53" count="3" type="cond" truecount="1" falsecount="0"/>
        <line num="54" count="3" type="stmt"/>
        <line num="63" count="3" type="cond" truecount="1" falsecount="2"/>
        <line num="64" count="0" type="stmt"/>
        <line num="68" count="3" type="cond" truecount="1" falsecount="2"/>
        <line num="69" count="0" type="stmt"/>
        <line num="73" count="3" type="stmt"/>
        <line num="80" count="3" type="cond" truecount="2" falsecount="3"/>
        <line num="83" count="3" type="stmt"/>
        <line num="87" count="3" type="stmt"/>
        <line num="90" count="0" type="stmt"/>
        <line num="94" count="0" type="stmt"/>
        <line num="97" count="0" type="stmt"/>
        <line num="101" count="0" type="stmt"/>
        <line num="104" count="0" type="stmt"/>
        <line num="119" count="0" type="cond" truecount="0" falsecount="2"/>
        <line num="123" count="0" type="stmt"/>
        <line num="124" count="0" type="stmt"/>
        <line num="126" count="0" type="stmt"/>
        <line num="127" count="0" type="stmt"/>
        <line num="129" count="0" type="stmt"/>
        <line num="131" count="0" type="stmt"/>
        <line num="132" count="0" type="stmt"/>
        <line num="133" count="0" type="stmt"/>
        <line num="134" count="0" type="stmt"/>
        <line num="142" count="0" type="cond" truecount="0" falsecount="1"/>
        <line num="143" count="0" type="stmt"/>
        <line num="144" count="0" type="stmt"/>
        <line num="149" count="0" type="stmt"/>
        <line num="150" count="0" type="stmt"/>
        <line num="151" count="0" type="stmt"/>
        <line num="152" count="0" type="stmt"/>
        <line num="154" count="0" type="stmt"/>
        <line num="166" count="0" type="stmt"/>
        <line num="169" count="0" type="stmt"/>
        <line num="170" count="0" type="stmt"/>
        <line num="171" count="0" type="stmt"/>
        <line num="172" count="0" type="stmt"/>
        <line num="176" count="0" type="cond" truecount="0" falsecount="1"/>
        <line num="177" count="0" type="stmt"/>
      </file>
      <file name="DiagramSvgRenderer.ts" path="/home/runner/work/vscode-visual-xml-schema-editor/vscode-visual-xml-schema-editor/webview-src/diagram/DiagramSvgRenderer.ts">
        <metrics statements="96" coveredstatements="30" conditionals="20" coveredconditionals="4" methods="7" coveredmethods="4"/>
        <line num="8" count="5" type="stmt"/>
        <line num="12" count="5" type="stmt"/>
        <line num="17" count="5" type="stmt"/>
        <line num="22" count="5" type="stmt"/>
        <line num="28" count="5" type="stmt"/>
        <line num="39" count="9" type="stmt"/>
        <line num="41" count="9" type="stmt"/>
        <line num="44" count="9" type="cond" truecount="0" falsecount="1"/>
        <line num="45" count="0" type="stmt"/>
        <line num="48" count="9" type="stmt"/>
        <line num="52" count="9" type="stmt"/>
        <line num="61" count="3" type="stmt"/>
        <line num="63" count="3" type="stmt"/>
        <line num="67" count="3" type="stmt"/>
        <line num="70" count="3" type="stmt"/>
        <line num="71" count="3" type="stmt"/>
        <line num="80" count="3" type="stmt"/>
        <line num="81" count="3" type="stmt"/>
        <line num="82" count="3" type="stmt"/>
        <line num="85" count="3" type="cond" truecount="0" falsecount="1"/>
        <line num="86" count="0" type="stmt"/>
        <line num="90" count="0" type="stmt"/>
        <line num="91" count="0" type="stmt"/>
        <line num="95" count="3" type="cond" truecount="0" falsecount="1"/>
        <line num="96" count="0" type="stmt"/>
        <line num="97" count="0" type="stmt"/>
        <line num="99" count="0" type="stmt"/>
        <line num="103" count="3" type="stmt"/>
        <line num="106" count="3" type="cond" truecount="1" falsecount="0"/>
        <line num="107" count="3" type="stmt"/>
        <line num="111" count="0" type="cond" truecount="0" falsecount="3"/>
        <line num="112" count="0" type="stmt"/>
        <line num="116" count="0" type="stmt"/>
        <line num="119" count="0" type="cond" truecount="0" falsecount="1"/>
        <line num="120" count="0" type="stmt"/>
        <line num="124" count="0" type="cond" truecount="0" falsecount="1"/>
        <line num="125" count="0" type="stmt"/>
        <line num="128" count="0" type="stmt"/>
        <line num="137" count="0" type="cond" truecount="0" falsecount="1"/>
        <line num="139" count="0" type="stmt"/>
        <line num="140" count="0" type="stmt"/>
        <line num="144" count="0" type="stmt"/>
        <line num="146" count="0" type="cond" truecount="0" falsecount="2"/>
        <line num="148" count="0" type="stmt"/>
        <line num="149" count="0" type="stmt"/>
        <line num="151" count="0" type="stmt"/>
        <line num="157" count="0" type="stmt"/>
        <line num="160" count="0" type="stmt"/>
        <line num="170" count="0" type="stmt"/>
        <line num="180" count="0" type="stmt"/>
        <line num="190" count="0" type="stmt"/>
        <line num="191" count="0" type="stmt"/>
        <line num="193" count="0" type="stmt"/>
        <line num="198" count="0" type="stmt"/>
        <line num="199" count="0" type="stmt"/>
        <line num="202" count="0" type="stmt"/>
        <line num="203" count="0" type="stmt"/>
        <line num="206" count="0" type="stmt"/>
        <line num="217" count="0" type="stmt"/>
        <line num="220" count="0" type="stmt"/>
        <line num="223" count="0" type="stmt"/>
        <line num="233" count="0" type="stmt"/>
        <line num="250" count="3" type="stmt"/>
        <line num="252" count="3" type="stmt"/>
        <line num="253" count="3" type="stmt"/>
        <line num="254" count="3" type="cond" truecount="1" falsecount="1"/>
        <line num="256" count="3" type="cond" truecount="1" falsecount="2"/>
        <line num="258" count="3" type="stmt"/>
        <line num="265" count="3" type="stmt"/>
        <line num="268" count="0" type="stmt"/>
        <line num="275" count="0" type="stmt"/>
        <line num="278" count="0" type="stmt"/>
        <line num="285" count="0" type="stmt"/>
        <line num="295" count="0" type="stmt"/>
        <line num="296" count="0" type="stmt"/>
        <line num="297" count="0" type="stmt"/>
        <line num="300" count="0" type="stmt"/>
        <line num="304" count="0" type="stmt"/>
        <line num="305" count="0" type="stmt"/>
        <line num="307" count="0" type="stmt"/>
        <line num="310" count="0" type="stmt"/>
        <line num="311" count="0" type="stmt"/>
        <line num="312" count="0" type="stmt"/>
        <line num="315" count="0" type="stmt"/>
        <line num="324" count="0" type="cond" truecount="0" falsecount="1"/>
        <line num="326" count="0" type="stmt"/>
        <line num="336" count="0" type="stmt"/>
        <line num="345" count="0" type="stmt"/>
        <line num="346" count="0" type="stmt"/>
        <line num="347" count="0" type="stmt"/>
        <line num="348" count="0" type="stmt"/>
        <line num="349" count="0" type="stmt"/>
        <line num="350" count="0" type="stmt"/>
        <line num="352" count="0" type="stmt"/>
        <line num="355" count="0" type="stmt"/>
        <line num="361" count="0" type="stmt"/>
      </file>
      <file name="DiagramTypes.ts" path="/home/runner/work/vscode-visual-xml-schema-editor/vscode-visual-xml-schema-editor/webview-src/diagram/DiagramTypes.ts">
        <metrics statements="13" coveredstatements="12" conditionals="7" coveredconditionals="7" methods="3" coveredmethods="3"/>
        <line num="6" count="13" type="cond" truecount="2" falsecount="0"/>
        <line num="7" count="13" type="stmt"/>
        <line num="8" count="13" type="stmt"/>
        <line num="9" count="13" type="stmt"/>
        <line num="10" count="13" type="stmt"/>
        <line num="13" count="13" type="cond" truecount="2" falsecount="0"/>
        <line num="14" count="13" type="stmt"/>
        <line num="15" count="13" type="stmt"/>
        <line num="16" count="13" type="stmt"/>
        <line num="50" count="52" type="cond" truecount="1" falsecount="0"/>
        <line num="51" count="52" type="stmt"/>
        <line num="57" count="0" type="stmt"/>
        <line num="60" count="13" type="stmt"/>
      </file>
      <file name="SchemaProcessors.ts" path="/home/runner/work/vscode-visual-xml-schema-editor/vscode-visual-xml-schema-editor/webview-src/diagram/SchemaProcessors.ts">
        <metrics statements="84" coveredstatements="69" conditionals="41" coveredconditionals="22" methods="11" coveredmethods="9"/>
        <line num="6" count="7" type="stmt"/>
        <line num="7" count="7" type="stmt"/>
        <line num="8" count="7" type="stmt"/>
        <line num="23" count="7" type="stmt"/>
        <line num="28" count="37" type="stmt"/>
        <line num="29" count="37" type="stmt"/>
        <line num="30" count="12" type="stmt"/>
        <line num="31" count="12" type="cond" truecount="1" falsecount="0"/>
        <line num="32" count="12" type="stmt"/>
        <line num="44" count="7" type="stmt"/>
        <line num="49" count="1" type="cond" truecount="1" falsecount="0"/>
        <line num="50" count="1" type="stmt"/>
        <line num="54" count="1" type="cond" truecount="1" falsecount="0"/>
        <line num="55" count="1" type="cond" truecount="2" falsecount="0"/>
        <line num="59" count="1" type="stmt"/>
        <line num="69" count="7" type="stmt"/>
        <line num="74" count="3" type="stmt"/>
        <line num="77" count="3" type="cond" truecount="1" falsecount="0"/>
        <line num="78" count="3" type="cond" truecount="2" falsecount="0"/>
        <line num="82" count="3" type="cond" truecount="1" falsecount="0"/>
        <line num="83" count="3" type="stmt"/>
        <line num="87" count="3" type="cond" truecount="1" falsecount="0"/>
        <line num="88" count="2" type="stmt"/>
        <line num="99" count="7" type="stmt"/>
        <line num="101" count="4" type="stmt"/>
        <line num="104" count="4" type="cond" truecount="1" falsecount="0"/>
        <line num="105" count="1" type="stmt"/>
        <line num="107" count="1" type="cond" truecount="1" falsecount="0"/>
        <line num="108" count="1" type="stmt"/>
        <line num="111" count="1" type="cond" truecount="0" falsecount="1"/>
        <line num="112" count="0" type="stmt"/>
        <line num="117" count="4" type="cond" truecount="1" falsecount="0"/>
        <line num="118" count="1" type="stmt"/>
        <line num="119" count="1" type="stmt"/>
        <line num="121" count="1" type="cond" truecount="0" falsecount="1"/>
        <line num="122" count="0" type="stmt"/>
        <line num="125" count="1" type="cond" truecount="1" falsecount="0"/>
        <line num="126" count="1" type="stmt"/>
        <line num="131" count="4" type="cond" truecount="1" falsecount="0"/>
        <line num="132" count="1" type="stmt"/>
        <line num="136" count="4" type="cond" truecount="0" falsecount="1"/>
        <line num="137" count="0" type="stmt"/>
        <line num="141" count="4" type="cond" truecount="0" falsecount="1"/>
        <line num="142" count="0" type="stmt"/>
        <line num="153" count="7" type="stmt"/>
        <line num="154" count="1" type="stmt"/>
        <line num="164" count="7" type="stmt"/>
        <line num="165" count="0" type="stmt"/>
        <line num="175" count="7" type="stmt"/>
        <line num="176" count="0" type="stmt"/>
        <line num="194" count="1" type="stmt"/>
        <line num="200" count="1" type="stmt"/>
        <line num="205" count="1" type="stmt"/>
        <line num="206" count="1" type="stmt"/>
        <line num="212" count="1" type="cond" truecount="1" falsecount="0"/>
        <line num="213" count="1" type="stmt"/>
        <line num="215" count="1" type="cond" truecount="2" falsecount="0"/>
        <line num="218" count="1" type="cond" truecount="0" falsecount="1"/>
        <line num="219" count="0" type="cond" truecount="0" falsecount="2"/>
        <line num="221" count="1" type="cond" truecount="0" falsecount="1"/>
        <line num="222" count="0" type="stmt"/>
        <line num="223" count="0" type="stmt"/>
        <line num="227" count="1" type="stmt"/>
        <line num="231" count="1" type="cond" truecount="1" falsecount="0"/>
        <line num="232" count="1" type="stmt"/>
        <line num="243" count="7" type="stmt"/>
        <line num="245" count="3" type="cond" truecount="1" falsecount="0"/>
        <line num="246" count="3" type="stmt"/>
        <line num="250" count="3" type="stmt"/>
        <line num="253" count="3" type="cond" truecount="0" falsecount="1"/>
        <line num="254" count="0" type="stmt"/>
        <line num="258" count="3" type="cond" truecount="0" falsecount="1"/>
        <line num="259" count="0" type="stmt"/>
        <line num="263" count="3" type="cond" truecount="0" falsecount="1"/>
        <line num="264" count="0" type="stmt"/>
        <line num="275" count="7" type="stmt"/>
        <line num="277" count="8" type="cond" truecount="1" falsecount="0"/>
        <line num="278" count="8" type="stmt"/>
        <line num="282" count="8" type="cond" truecount="0" falsecount="1"/>
        <line num="283" count="0" type="stmt"/>
        <line num="287" count="8" type="cond" truecount="0" falsecount="1"/>
        <line num="288" count="0" type="stmt"/>
        <line num="292" count="8" type="cond" truecount="0" falsecount="1"/>
        <line num="293" count="0" type="stmt"/>
      </file>
      <file name="ShapeRenderers.ts" path="/home/runner/work/vscode-visual-xml-schema-editor/vscode-visual-xml-schema-editor/webview-src/diagram/ShapeRenderers.ts">
        <metrics statements="85" coveredstatements="85" conditionals="7" coveredconditionals="7" methods="6" coveredmethods="6"/>
        <line num="7" count="6" type="stmt"/>
        <line num="8" count="6" type="stmt"/>
        <line num="11" count="6" type="stmt"/>
        <line num="21" count="6" type="stmt"/>
        <line num="28" count="6" type="cond" truecount="1" falsecount="0"/>
        <line num="30" count="2" type="stmt"/>
        <line num="31" count="2" type="stmt"/>
        <line num="32" count="2" type="stmt"/>
        <line num="33" count="2" type="stmt"/>
        <line num="35" count="6" type="stmt"/>
        <line num="46" count="6" type="stmt"/>
        <line num="53" count="5" type="stmt"/>
        <line num="54" count="5" type="stmt"/>
        <line num="65" count="5" type="cond" truecount="1" falsecount="0"/>
        <line num="67" count="8" type="stmt"/>
        <line num="71" count="1" type="stmt"/>
        <line num="73" count="5" type="stmt"/>
        <line num="76" count="5" type="stmt"/>
        <line num="87" count="6" type="stmt"/>
        <line num="94" count="4" type="stmt"/>
        <line num="95" count="4" type="stmt"/>
        <line num="104" count="4" type="cond" truecount="1" falsecount="0"/>
        <line num="106" count="6" type="stmt"/>
        <line num="110" count="1" type="stmt"/>
        <line num="114" count="4" type="stmt"/>
        <line num="117" count="4" type="cond" truecount="1" falsecount="0"/>
        <line num="118" count="2" type="stmt"/>
        <line num="125" count="2" type="stmt"/>
        <line num="126" count="2" type="stmt"/>
        <line num="136" count="6" type="stmt"/>
        <line num="141" count="9" type="stmt"/>
        <line num="142" count="9" type="stmt"/>
        <line num="143" count="9" type="stmt"/>
        <line num="144" count="9" type="stmt"/>
        <line num="146" count="9" type="cond" truecount="3" falsecount="0"/>
        <line num="149" count="4" type="stmt"/>
        <line num="150" count="4" type="stmt"/>
        <line num="152" count="4" type="stmt"/>
        <line num="161" count="4" type="stmt"/>
        <line num="162" count="12" type="stmt"/>
        <line num="170" count="4" type="stmt"/>
        <line num="174" count="3" type="stmt"/>
        <line num="175" count="3" type="stmt"/>
        <line num="176" count="3" type="stmt"/>
        <line num="177" count="3" type="stmt"/>
        <line num="178" count="3" type="stmt"/>
        <line num="179" count="3" type="stmt"/>
        <line num="180" count="3" type="stmt"/>
        <line num="181" count="3" type="stmt"/>
        <line num="182" count="3" type="stmt"/>
        <line num="183" count="3" type="stmt"/>
        <line num="186" count="3" type="stmt"/>
        <line num="187" count="3" type="stmt"/>
        <line num="190" count="3" type="stmt"/>
        <line num="191" count="3" type="stmt"/>
        <line num="192" count="3" type="stmt"/>
        <line num="193" count="3" type="stmt"/>
        <line num="196" count="3" type="stmt"/>
        <line num="197" count="3" type="stmt"/>
        <line num="198" count="3" type="stmt"/>
        <line num="199" count="3" type="stmt"/>
        <line num="200" count="3" type="stmt"/>
        <line num="204" count="2" type="stmt"/>
        <line num="205" count="2" type="stmt"/>
        <line num="206" count="2" type="stmt"/>
        <line num="207" count="2" type="stmt"/>
        <line num="208" count="2" type="stmt"/>
        <line num="209" count="2" type="stmt"/>
        <line num="210" count="2" type="stmt"/>
        <line num="211" count="2" type="stmt"/>
        <line num="212" count="2" type="stmt"/>
        <line num="213" count="2" type="stmt"/>
        <line num="216" count="2" type="stmt"/>
        <line num="217" count="2" type="stmt"/>
        <line num="225" count="2" type="stmt"/>
        <line num="226" count="2" type="stmt"/>
        <line num="229" count="2" type="stmt"/>
        <line num="230" count="2" type="stmt"/>
        <line num="238" count="2" type="stmt"/>
        <line num="239" count="2" type="stmt"/>
        <line num="242" count="2" type="stmt"/>
        <line num="243" count="2" type="stmt"/>
        <line num="244" count="2" type="stmt"/>
        <line num="245" count="2" type="stmt"/>
        <line num="246" count="2" type="stmt"/>
      </file>
      <file name="SvgHelpers.ts" path="/home/runner/work/vscode-visual-xml-schema-editor/vscode-visual-xml-schema-editor/webview-src/diagram/SvgHelpers.ts">
        <metrics statements="40" coveredstatements="40" conditionals="1" coveredconditionals="1" methods="6" coveredmethods="6"/>
        <line num="17" count="7" type="stmt"/>
        <line num="25" count="42" type="stmt"/>
        <line num="26" count="42" type="stmt"/>
        <line num="27" count="42" type="stmt"/>
        <line num="28" count="42" type="stmt"/>
        <line num="29" count="42" type="stmt"/>
        <line num="30" count="42" type="stmt"/>
        <line num="31" count="42" type="stmt"/>
        <line num="41" count="7" type="stmt"/>
        <line num="47" count="12" type="stmt"/>
        <line num="51" count="12" type="stmt"/>
        <line num="52" count="12" type="stmt"/>
        <line num="53" count="12" type="stmt"/>
        <line num="54" count="12" type="stmt"/>
        <line num="55" count="12" type="stmt"/>
        <line num="56" count="12" type="stmt"/>
        <line num="66" count="7" type="stmt"/>
        <line num="72" count="17" type="stmt"/>
        <line num="76" count="94" type="stmt"/>
        <line num="77" count="17" type="stmt"/>
        <line num="78" count="17" type="stmt"/>
        <line num="79" count="17" type="stmt"/>
        <line num="90" count="7" type="stmt"/>
        <line num="97" count="32" type="stmt"/>
        <line num="101" count="32" type="stmt"/>
        <line num="102" count="32" type="stmt"/>
        <line num="103" count="32" type="stmt"/>
        <line num="104" count="32" type="stmt"/>
        <line num="105" count="32" type="stmt"/>
        <line num="117" count="7" type="stmt"/>
        <line num="125" count="8" type="stmt"/>
        <line num="129" count="8" type="stmt"/>
        <line num="130" count="8" type="stmt"/>
        <line num="131" count="8" type="stmt"/>
        <line num="132" count="8" type="stmt"/>
        <line num="135" count="8" type="cond" truecount="1" falsecount="0"/>
        <line num="136" count="1" type="stmt"/>
        <line num="140" count="1" type="stmt"/>
        <line num="141" count="1" type="stmt"/>
        <line num="144" count="8" type="stmt"/>
      </file>
      <file name="TextRenderers.ts" path="/home/runner/work/vscode-visual-xml-schema-editor/vscode-visual-xml-schema-editor/webview-src/diagram/TextRenderers.ts">
        <metrics statements="52" coveredstatements="19" conditionals="23" coveredconditionals="4" methods="4" coveredmethods="2"/>
        <line num="7" count="5" type="stmt"/>
        <line num="10" count="5" type="stmt"/>
        <line num="18" count="5" type="stmt"/>
        <line num="23" count="3" type="stmt"/>
        <line num="24" count="3" type="stmt"/>
        <line num="25" count="3" type="stmt"/>
        <line num="27" count="3" type="stmt"/>
        <line num="28" count="3" type="cond" truecount="1" falsecount="2"/>
        <line num="29" count="0" type="stmt"/>
        <line num="33" count="3" type="stmt"/>
        <line num="34" count="3" type="cond" truecount="1" falsecount="1"/>
        <line num="35" count="3" type="stmt"/>
        <line num="37" count="0" type="stmt"/>
        <line num="55" count="5" type="stmt"/>
        <line num="62" count="3" type="stmt"/>
        <line num="66" count="3" type="stmt"/>
        <line num="72" count="3" type="stmt"/>
        <line num="73" count="3" type="stmt"/>
        <line num="75" count="3" type="stmt"/>
        <line num="76" count="0" type="stmt"/>
        <line num="79" count="0" type="cond" truecount="0" falsecount="1"/>
        <line num="80" count="0" type="stmt"/>
        <line num="84" count="0" type="stmt"/>
        <line num="85" count="0" type="stmt"/>
        <line num="86" count="0" type="stmt"/>
        <line num="88" count="0" type="stmt"/>
        <line num="89" count="0" type="stmt"/>
        <line num="90" count="0" type="stmt"/>
        <line num="92" count="0" type="stmt"/>
        <line num="93" count="0" type="stmt"/>
        <line num="94" count="0" type="stmt"/>
        <line num="95" count="0" type="stmt"/>
        <line num="97" count="0" type="cond" truecount="0" falsecount="2"/>
        <line num="98" count="0" type="stmt"/>
        <line num="99" count="0" type="stmt"/>
        <line num="101" count="0" type="stmt"/>
        <line num="105" count="0" type="stmt"/>
        <line num="113" count="5" type="stmt"/>
        <line num="117" count="0" type="stmt"/>
        <line num="118" count="0" type="cond" truecount="0" falsecount="3"/>
        <line num="121" count="0" type="stmt"/>
        <line num="122" count="0" type="cond" truecount="0" falsecount="2"/>
        <line num="124" count="0" type="stmt"/>
        <line num="125" count="0" type="stmt"/>
        <line num="126" count="0" type="stmt"/>
        <line num="141" count="5" type="stmt"/>
        <line num="142" count="0" type="cond" truecount="0" falsecount="1"/>
        <line num="147" count="0" type="stmt"/>
        <line num="151" count="0" type="cond" truecount="0" falsecount="2"/>
        <line num="152" count="0" type="stmt"/>
        <line num="153" count="0" type="stmt"/>
        <line num="155" count="0" type="stmt"/>
      </file>
      <file name="TypeNodeCreators.ts" path="/home/runner/work/vscode-visual-xml-schema-editor/vscode-visual-xml-schema-editor/webview-src/diagram/TypeNodeCreators.ts">
        <metrics statements="29" coveredstatements="29" conditionals="17" coveredconditionals="17" methods="3" coveredmethods="3"/>
        <line num="7" count="7" type="stmt"/>
        <line num="8" count="7" type="stmt"/>
        <line num="9" count="7" type="stmt"/>
        <line num="23" count="7" type="stmt"/>
        <line num="27" count="14" type="cond" truecount="3" falsecount="0"/>
        <line num="28" count="2" type="stmt"/>
        <line num="31" count="12" type="stmt"/>
        <line num="39" count="12" type="cond" truecount="1" falsecount="0"/>
        <line num="40" count="4" type="stmt"/>
        <line num="44" count="12" type="cond" truecount="1" falsecount="0"/>
        <line num="45" count="1" type="stmt"/>
        <line num="49" count="12" type="cond" truecount="2" falsecount="0"/>
        <line num="52" count="12" type="stmt"/>
        <line num="54" count="12" type="stmt"/>
        <line num="65" count="7" type="stmt"/>
        <line num="69" count="5" type="cond" truecount="3" falsecount="0"/>
        <line num="70" count="2" type="stmt"/>
        <line num="73" count="3" type="stmt"/>
        <line num="80" count="3" type="stmt"/>
        <line num="83" count="3" type="cond" truecount="2" falsecount="0"/>
        <line num="85" count="3" type="stmt"/>
        <line num="96" count="7" type="stmt"/>
        <line num="100" count="7" type="cond" truecount="3" falsecount="0"/>
        <line num="101" count="2" type="stmt"/>
        <line num="104" count="5" type="stmt"/>
        <line num="111" count="5" type="stmt"/>
        <line num="112" count="5" type="stmt"/>
        <line num="115" count="5" type="cond" truecount="2" falsecount="0"/>
        <line num="117" count="5" type="stmt"/>
      </file>
      <file name="index.ts" path="/home/runner/work/vscode-visual-xml-schema-editor/vscode-visual-xml-schema-editor/webview-src/diagram/index.ts">
        <metrics statements="9" coveredstatements="9" conditionals="0" coveredconditionals="0" methods="0" coveredmethods="0"/>
        <line num="6" count="5" type="stmt"/>
        <line num="7" count="5" type="stmt"/>
        <line num="8" count="5" type="stmt"/>
        <line num="9" count="5" type="stmt"/>
        <line num="10" count="5" type="stmt"/>
        <line num="11" count="5" type="stmt"/>
        <line num="12" count="5" type="stmt"/>
        <line num="13" count="5" type="stmt"/>
        <line num="14" count="5" type="stmt"/>
      </file>
    </package>
  </project>
</coverage>
