{"/home/runner/work/vscode-visual-xml-schema-editor/vscode-visual-xml-schema-editor/shared/types.ts": {"path":"/home/runner/work/vscode-visual-xml-schema-editor/vscode-visual-xml-schema-editor/shared/types.ts","statementMap":{"0":{"start":{"line":7,"column":0},"end":{"line":7,"column":28}},"1":{"start":{"line":10,"column":0},"end":{"line":10,"column":9}},"2":{"start":{"line":10,"column":9},"end":{"line":10,"column":25}},"3":{"start":{"line":13,"column":0},"end":{"line":13,"column":27}},"4":{"start":{"line":16,"column":0},"end":{"line":16,"column":27}}},"fnMap":{"0":{"name":"(anonymous_4)","decl":{"start":{"line":10,"column":9},"end":{"line":10,"column":15}},"loc":{"start":{"line":10,"column":9},"end":{"line":10,"column":25}}}},"branchMap":{},"s":{"0":0,"1":0,"2":0,"3":0,"4":0},"f":{"0":0},"b":{}}
,"/home/runner/work/vscode-visual-xml-schema-editor/vscode-visual-xml-schema-editor/shared/commands/index.ts": {"path":"/home/runner/work/vscode-visual-xml-schema-editor/vscode-visual-xml-schema-editor/shared/commands/index.ts","statementMap":{"0":{"start":{"line":7,"column":0},"end":{"line":7,"column":23}},"1":{"start":{"line":10,"column":0},"end":{"line":10,"column":26}},"2":{"start":{"line":11,"column":0},"end":{"line":11,"column":28}},"3":{"start":{"line":12,"column":0},"end":{"line":12,"column":30}},"4":{"start":{"line":13,"column":0},"end":{"line":13,"column":24}},"5":{"start":{"line":14,"column":0},"end":{"line":14,"column":27}},"6":{"start":{"line":15,"column":0},"end":{"line":15,"column":25}}},"fnMap":{},"branchMap":{},"s":{"0":0,"1":0,"2":0,"3":0,"4":0,"5":0,"6":0},"f":{},"b":{}}
,"/home/runner/work/vscode-visual-xml-schema-editor/vscode-visual-xml-schema-editor/src/extension.test.ts": {"path":"/home/runner/work/vscode-visual-xml-schema-editor/vscode-visual-xml-schema-editor/src/extension.test.ts","statementMap":{"0":{"start":{"line":5,"column":0},"end":{"line":5,"column":33}},"1":{"start":{"line":6,"column":0},"end":{"line":6,"column":51}},"2":{"start":{"line":8,"column":0},"end":{"line":106,"column":3}},"3":{"start":{"line":11,"column":4},"end":{"line":11,"column":null}},"4":{"start":{"line":15,"column":2},"end":{"line":23,"column":5}},"5":{"start":{"line":17,"column":4},"end":{"line":17,"column":25}},"6":{"start":{"line":20,"column":4},"end":{"line":22,"column":44}},"7":{"start":{"line":25,"column":2},"end":{"line":55,"column":5}},"8":{"start":{"line":26,"column":4},"end":{"line":39,"column":7}},"9":{"start":{"line":27,"column":6},"end":{"line":27,"column":28}},"10":{"start":{"line":29,"column":6},"end":{"line":38,"column":8}},"11":{"start":{"line":41,"column":4},"end":{"line":48,"column":7}},"12":{"start":{"line":42,"column":6},"end":{"line":42,"column":28}},"13":{"start":{"line":44,"column":6},"end":{"line":47,"column":8}},"14":{"start":{"line":50,"column":4},"end":{"line":54,"column":7}},"15":{"start":{"line":51,"column":6},"end":{"line":51,"column":28}},"16":{"start":{"line":53,"column":6},"end":{"line":53,"column":66}},"17":{"start":{"line":57,"column":2},"end":{"line":99,"column":5}},"18":{"start":{"line":58,"column":4},"end":{"line":79,"column":7}},"19":{"start":{"line":59,"column":6},"end":{"line":59,"column":28}},"20":{"start":{"line":62,"column":29},"end":{"line":64,"column":12}},"21":{"start":{"line":63,"column":23},"end":{"line":63,"column":69}},"22":{"start":{"line":66,"column":6},"end":{"line":68,"column":7}},"23":{"start":{"line":67,"column":8},"end":{"line":67,"column":69}},"24":{"start":{"line":71,"column":22},"end":{"line":71,"column":55}},"25":{"start":{"line":72,"column":6},"end":{"line":72,"column":36}},"26":{"start":{"line":74,"column":6},"end":{"line":78,"column":8}},"27":{"start":{"line":81,"column":4},"end":{"line":98,"column":7}},"28":{"start":{"line":82,"column":6},"end":{"line":82,"column":28}},"29":{"start":{"line":84,"column":29},"end":{"line":86,"column":12}},"30":{"start":{"line":85,"column":23},"end":{"line":85,"column":69}},"31":{"start":{"line":88,"column":6},"end":{"line":90,"column":7}},"32":{"start":{"line":89,"column":8},"end":{"line":89,"column":69}},"33":{"start":{"line":92,"column":22},"end":{"line":92,"column":55}},"34":{"start":{"line":93,"column":6},"end":{"line":93,"column":36}},"35":{"start":{"line":95,"column":6},"end":{"line":97,"column":8}},"36":{"start":{"line":101,"column":2},"end":{"line":105,"column":5}},"37":{"start":{"line":102,"column":4},"end":{"line":104,"column":7}},"38":{"start":{"line":103,"column":6},"end":{"line":103,"column":47}},"39":{"start":{"line":103,"column":19},"end":{"line":103,"column":31}}},"fnMap":{"0":{"name":"(anonymous_9)","decl":{"start":{"line":8,"column":22},"end":{"line":8,"column":25}},"loc":{"start":{"line":8,"column":27},"end":{"line":106,"column":1}}},"1":{"name":"(anonymous_10)","decl":{"start":{"line":15,"column":13},"end":{"line":15,"column":16}},"loc":{"start":{"line":15,"column":18},"end":{"line":23,"column":3}}},"2":{"name":"(anonymous_11)","decl":{"start":{"line":25,"column":23},"end":{"line":25,"column":26}},"loc":{"start":{"line":25,"column":28},"end":{"line":55,"column":3}}},"3":{"name":"(anonymous_12)","decl":{"start":{"line":26,"column":49},"end":{"line":26,"column":52}},"loc":{"start":{"line":26,"column":54},"end":{"line":39,"column":5}}},"4":{"name":"(anonymous_13)","decl":{"start":{"line":41,"column":45},"end":{"line":41,"column":48}},"loc":{"start":{"line":41,"column":50},"end":{"line":48,"column":5}}},"5":{"name":"(anonymous_14)","decl":{"start":{"line":50,"column":60},"end":{"line":50,"column":63}},"loc":{"start":{"line":50,"column":65},"end":{"line":54,"column":5}}},"6":{"name":"(anonymous_15)","decl":{"start":{"line":57,"column":33},"end":{"line":57,"column":36}},"loc":{"start":{"line":57,"column":38},"end":{"line":99,"column":3}}},"7":{"name":"(anonymous_16)","decl":{"start":{"line":58,"column":67},"end":{"line":58,"column":72}},"loc":{"start":{"line":58,"column":78},"end":{"line":79,"column":5}}},"8":{"name":"(anonymous_17)","decl":{"start":{"line":63,"column":8},"end":{"line":63,"column":9}},"loc":{"start":{"line":63,"column":23},"end":{"line":63,"column":69}}},"9":{"name":"(anonymous_18)","decl":{"start":{"line":81,"column":58},"end":{"line":81,"column":63}},"loc":{"start":{"line":81,"column":69},"end":{"line":98,"column":5}}},"10":{"name":"(anonymous_19)","decl":{"start":{"line":85,"column":8},"end":{"line":85,"column":9}},"loc":{"start":{"line":85,"column":23},"end":{"line":85,"column":69}}},"11":{"name":"(anonymous_20)","decl":{"start":{"line":101,"column":25},"end":{"line":101,"column":28}},"loc":{"start":{"line":101,"column":30},"end":{"line":105,"column":3}}},"12":{"name":"(anonymous_21)","decl":{"start":{"line":102,"column":41},"end":{"line":102,"column":44}},"loc":{"start":{"line":102,"column":46},"end":{"line":104,"column":5}}},"13":{"name":"(anonymous_22)","decl":{"start":{"line":103,"column":13},"end":{"line":103,"column":16}},"loc":{"start":{"line":103,"column":19},"end":{"line":103,"column":31}}}},"branchMap":{"0":{"loc":{"start":{"line":66,"column":6},"end":{"line":68,"column":7}},"type":"if","locations":[{"start":{"line":66,"column":6},"end":{"line":68,"column":7}}]},"1":{"loc":{"start":{"line":88,"column":6},"end":{"line":90,"column":7}},"type":"if","locations":[{"start":{"line":88,"column":6},"end":{"line":90,"column":7}}]}},"s":{"0":0,"1":0,"2":0,"3":0,"4":0,"5":0,"6":0,"7":0,"8":0,"9":0,"10":0,"11":0,"12":0,"13":0,"14":0,"15":0,"16":0,"17":0,"18":0,"19":0,"20":0,"21":0,"22":0,"23":0,"24":0,"25":0,"26":0,"27":0,"28":0,"29":0,"30":0,"31":0,"32":0,"33":0,"34":0,"35":0,"36":0,"37":0,"38":0,"39":0},"f":{"0":0,"1":0,"2":0,"3":0,"4":0,"5":0,"6":0,"7":0,"8":0,"9":0,"10":0,"11":0,"12":0,"13":0},"b":{"0":[0],"1":[0]}}
,"/home/runner/work/vscode-visual-xml-schema-editor/vscode-visual-xml-schema-editor/src/extension.ts": {"path":"/home/runner/work/vscode-visual-xml-schema-editor/vscode-visual-xml-schema-editor/src/extension.ts","statementMap":{"0":{"start":{"line":10,"column":0},"end":{"line":10,"column":16}},"1":{"start":{"line":63,"column":0},"end":{"line":63,"column":16}},"2":{"start":{"line":1,"column":0},"end":{"line":1,"column":33}},"3":{"start":{"line":2,"column":0},"end":{"line":2,"column":57}},"4":{"start":{"line":12,"column":19},"end":{"line":12,"column":52}},"5":{"start":{"line":14,"column":2},"end":{"line":25,"column":4}},"6":{"start":{"line":28,"column":2},"end":{"line":56,"column":4}},"7":{"start":{"line":34,"column":22},"end":{"line":34,"column":25}},"8":{"start":{"line":36,"column":8},"end":{"line":41,"column":9}},"9":{"start":{"line":37,"column":25},"end":{"line":37,"column":55}},"10":{"start":{"line":38,"column":10},"end":{"line":40,"column":11}},"11":{"start":{"line":39,"column":12},"end":{"line":39,"column":42}},"12":{"start":{"line":43,"column":8},"end":{"line":53,"column":9}},"13":{"start":{"line":44,"column":10},"end":{"line":48,"column":12}},"14":{"start":{"line":50,"column":10},"end":{"line":52,"column":12}}},"fnMap":{"0":{"name":"activate","decl":{"start":{"line":10,"column":16},"end":{"line":10,"column":24}},"loc":{"start":{"line":10,"column":57},"end":{"line":57,"column":1}}},"1":{"name":"(anonymous_10)","decl":{"start":{"line":31,"column":6},"end":{"line":31,"column":11}},"loc":{"start":{"line":31,"column":33},"end":{"line":54,"column":7}}},"2":{"name":"deactivate","decl":{"start":{"line":63,"column":16},"end":{"line":63,"column":26}},"loc":{"start":{"line":63,"column":26},"end":{"line":63,"column":31}}}},"branchMap":{"0":{"loc":{"start":{"line":36,"column":8},"end":{"line":41,"column":9}},"type":"if","locations":[{"start":{"line":36,"column":8},"end":{"line":41,"column":9}}]},"1":{"loc":{"start":{"line":38,"column":10},"end":{"line":40,"column":11}},"type":"if","locations":[{"start":{"line":38,"column":10},"end":{"line":40,"column":11}}]},"2":{"loc":{"start":{"line":38,"column":14},"end":{"line":38,"column":65}},"type":"binary-expr","locations":[{"start":{"line":38,"column":14},"end":{"line":38,"column":20}},{"start":{"line":38,"column":24},"end":{"line":38,"column":65}}]},"3":{"loc":{"start":{"line":43,"column":8},"end":{"line":53,"column":9}},"type":"if","locations":[{"start":{"line":43,"column":8},"end":{"line":53,"column":9}},{"start":{"line":49,"column":15},"end":{"line":53,"column":9}}]},"4":{"loc":{"start":{"line":43,"column":12},"end":{"line":43,"column":54}},"type":"binary-expr","locations":[{"start":{"line":43,"column":12},"end":{"line":43,"column":19}},{"start":{"line":43,"column":23},"end":{"line":43,"column":54}}]}},"s":{"0":0,"1":0,"2":0,"3":0,"4":0,"5":0,"6":0,"7":0,"8":0,"9":0,"10":0,"11":0,"12":0,"13":0,"14":0},"f":{"0":0,"1":0,"2":0},"b":{"0":[0],"1":[0],"2":[0,0],"3":[0,0],"4":[0,0]}}
,"/home/runner/work/vscode-visual-xml-schema-editor/vscode-visual-xml-schema-editor/src/webviewProvider.test.ts": {"path":"/home/runner/work/vscode-visual-xml-schema-editor/vscode-visual-xml-schema-editor/src/webviewProvider.test.ts","statementMap":{"0":{"start":{"line":5,"column":0},"end":{"line":5,"column":33}},"1":{"start":{"line":6,"column":0},"end":{"line":6,"column":57}},"2":{"start":{"line":9,"column":24},"end":{"line":9,"column":33}},"3":{"start":{"line":10,"column":19},"end":{"line":10,"column":54}},"4":{"start":{"line":10,"column":49},"end":{"line":10,"column":53}},"5":{"start":{"line":12,"column":0},"end":{"line":100,"column":3}},"6":{"start":{"line":19,"column":2},"end":{"line":46,"column":5}},"7":{"start":{"line":20,"column":4},"end":{"line":20,"column":25}},"8":{"start":{"line":22,"column":4},"end":{"line":25,"column":44}},"9":{"start":{"line":27,"column":4},"end":{"line":33,"column":35}},"10":{"start":{"line":35,"column":4},"end":{"line":38,"column":40}},"11":{"start":{"line":40,"column":4},"end":{"line":43,"column":40}},"12":{"start":{"line":41,"column":29},"end":{"line":41,"column":47}},"13":{"start":{"line":42,"column":29},"end":{"line":42,"column":54}},"14":{"start":{"line":45,"column":4},"end":{"line":45,"column":53}},"15":{"start":{"line":48,"column":2},"end":{"line":56,"column":5}},"16":{"start":{"line":49,"column":4},"end":{"line":51,"column":7}},"17":{"start":{"line":50,"column":6},"end":{"line":50,"column":60}},"18":{"start":{"line":53,"column":4},"end":{"line":55,"column":7}},"19":{"start":{"line":54,"column":6},"end":{"line":54,"column":37}},"20":{"start":{"line":58,"column":2},"end":{"line":99,"column":5}},"21":{"start":{"line":59,"column":4},"end":{"line":67,"column":7}},"22":{"start":{"line":60,"column":6},"end":{"line":64,"column":8}},"23":{"start":{"line":66,"column":6},"end":{"line":66,"column":67}},"24":{"start":{"line":69,"column":4},"end":{"line":78,"column":7}},"25":{"start":{"line":70,"column":6},"end":{"line":74,"column":8}},"26":{"start":{"line":76,"column":6},"end":{"line":76,"column":44}},"27":{"start":{"line":77,"column":6},"end":{"line":77,"column":57}},"28":{"start":{"line":80,"column":4},"end":{"line":88,"column":7}},"29":{"start":{"line":81,"column":6},"end":{"line":85,"column":8}},"30":{"start":{"line":87,"column":6},"end":{"line":87,"column":74}},"31":{"start":{"line":90,"column":4},"end":{"line":98,"column":7}},"32":{"start":{"line":91,"column":6},"end":{"line":95,"column":8}},"33":{"start":{"line":97,"column":6},"end":{"line":97,"column":65}}},"fnMap":{"0":{"name":"(anonymous_9)","decl":{"start":{"line":10,"column":27},"end":{"line":10,"column":28}},"loc":{"start":{"line":10,"column":49},"end":{"line":10,"column":53}}},"1":{"name":"(anonymous_10)","decl":{"start":{"line":12,"column":33},"end":{"line":12,"column":36}},"loc":{"start":{"line":12,"column":38},"end":{"line":100,"column":1}}},"2":{"name":"(anonymous_11)","decl":{"start":{"line":19,"column":13},"end":{"line":19,"column":16}},"loc":{"start":{"line":19,"column":18},"end":{"line":46,"column":3}}},"3":{"name":"(anonymous_12)","decl":{"start":{"line":41,"column":23},"end":{"line":41,"column":26}},"loc":{"start":{"line":41,"column":29},"end":{"line":41,"column":47}}},"4":{"name":"(anonymous_13)","decl":{"start":{"line":42,"column":23},"end":{"line":42,"column":26}},"loc":{"start":{"line":42,"column":29},"end":{"line":42,"column":54}}},"5":{"name":"(anonymous_14)","decl":{"start":{"line":48,"column":26},"end":{"line":48,"column":29}},"loc":{"start":{"line":48,"column":31},"end":{"line":56,"column":3}}},"6":{"name":"(anonymous_15)","decl":{"start":{"line":49,"column":42},"end":{"line":49,"column":45}},"loc":{"start":{"line":49,"column":47},"end":{"line":51,"column":5}}},"7":{"name":"(anonymous_16)","decl":{"start":{"line":53,"column":31},"end":{"line":53,"column":34}},"loc":{"start":{"line":53,"column":36},"end":{"line":55,"column":5}}},"8":{"name":"(anonymous_17)","decl":{"start":{"line":58,"column":38},"end":{"line":58,"column":41}},"loc":{"start":{"line":58,"column":43},"end":{"line":99,"column":3}}},"9":{"name":"(anonymous_18)","decl":{"start":{"line":59,"column":43},"end":{"line":59,"column":46}},"loc":{"start":{"line":59,"column":48},"end":{"line":67,"column":5}}},"10":{"name":"(anonymous_19)","decl":{"start":{"line":69,"column":45},"end":{"line":69,"column":48}},"loc":{"start":{"line":69,"column":50},"end":{"line":78,"column":5}}},"11":{"name":"(anonymous_20)","decl":{"start":{"line":80,"column":51},"end":{"line":80,"column":54}},"loc":{"start":{"line":80,"column":56},"end":{"line":88,"column":5}}},"12":{"name":"(anonymous_21)","decl":{"start":{"line":90,"column":56},"end":{"line":90,"column":59}},"loc":{"start":{"line":90,"column":61},"end":{"line":98,"column":5}}}},"branchMap":{},"s":{"0":0,"1":0,"2":0,"3":0,"4":0,"5":0,"6":0,"7":0,"8":0,"9":0,"10":0,"11":0,"12":0,"13":0,"14":0,"15":0,"16":0,"17":0,"18":0,"19":0,"20":0,"21":0,"22":0,"23":0,"24":0,"25":0,"26":0,"27":0,"28":0,"29":0,"30":0,"31":0,"32":0,"33":0},"f":{"0":0,"1":0,"2":0,"3":0,"4":0,"5":0,"6":0,"7":0,"8":0,"9":0,"10":0,"11":0,"12":0},"b":{}}
,"/home/runner/work/vscode-visual-xml-schema-editor/vscode-visual-xml-schema-editor/src/webviewProvider.ts": {"path":"/home/runner/work/vscode-visual-xml-schema-editor/vscode-visual-xml-schema-editor/src/webviewProvider.ts","statementMap":{"0":{"start":{"line":1,"column":0},"end":{"line":1,"column":33}},"1":{"start":{"line":2,"column":0},"end":{"line":2,"column":50}},"2":{"start":{"line":3,"column":0},"end":{"line":3,"column":41}},"3":{"start":{"line":18,"column":31},"end":{"line":18,"column":63}},"4":{"start":{"line":33,"column":4},"end":{"line":35,"column":6}},"5":{"start":{"line":37,"column":4},"end":{"line":37,"column":77}},"6":{"start":{"line":40,"column":4},"end":{"line":40,"column":55}},"7":{"start":{"line":43,"column":39},"end":{"line":48,"column":null}},"8":{"start":{"line":45,"column":8},"end":{"line":47,"column":9}},"9":{"start":{"line":46,"column":10},"end":{"line":46,"column":61}},"10":{"start":{"line":52,"column":4},"end":{"line":57,"column":6}},"11":{"start":{"line":54,"column":8},"end":{"line":54,"column":57}},"12":{"start":{"line":59,"column":4},"end":{"line":61,"column":7}},"13":{"start":{"line":60,"column":6},"end":{"line":60,"column":43}},"14":{"start":{"line":75,"column":4},"end":{"line":98,"column":5}},"15":{"start":{"line":76,"column":6},"end":{"line":76,"column":45}},"16":{"start":{"line":77,"column":25},"end":{"line":77,"column":43}},"17":{"start":{"line":78,"column":6},"end":{"line":78,"column":60}},"18":{"start":{"line":79,"column":6},"end":{"line":79,"column":72}},"19":{"start":{"line":82,"column":24},"end":{"line":82,"column":53}},"20":{"start":{"line":84,"column":6},"end":{"line":84,"column":48}},"21":{"start":{"line":85,"column":6},"end":{"line":85,"column":47}},"22":{"start":{"line":88,"column":6},"end":{"line":91,"column":9}},"23":{"start":{"line":93,"column":6},"end":{"line":93,"column":52}},"24":{"start":{"line":94,"column":6},"end":{"line":97,"column":9}},"25":{"start":{"line":112,"column":4},"end":{"line":117,"column":5}},"26":{"start":{"line":114,"column":8},"end":{"line":114,"column":62}},"27":{"start":{"line":115,"column":8},"end":{"line":115,"column":14}},"28":{"start":{"line":134,"column":17},"end":{"line":134,"column":43}},"29":{"start":{"line":135,"column":4},"end":{"line":135,"column":43}},"30":{"start":{"line":147,"column":22},"end":{"line":148,"column":null}},"31":{"start":{"line":150,"column":21},"end":{"line":151,"column":null}},"32":{"start":{"line":153,"column":22},"end":{"line":153,"column":42}},"33":{"start":{"line":154,"column":21},"end":{"line":154,"column":40}},"34":{"start":{"line":156,"column":18},"end":{"line":156,"column":33}},"35":{"start":{"line":158,"column":4},"end":{"line":182,"column":9}},"36":{"start":{"line":192,"column":15},"end":{"line":192,"column":17}},"37":{"start":{"line":194,"column":6},"end":{"line":194,"column":70}},"38":{"start":{"line":195,"column":4},"end":{"line":197,"column":5}},"39":{"start":{"line":195,"column":17},"end":{"line":195,"column":18}},"40":{"start":{"line":196,"column":6},"end":{"line":196,"column":75}},"41":{"start":{"line":198,"column":4},"end":{"line":198,"column":16}},"42":{"start":{"line":11,"column":0},"end":{"line":11,"column":13}}},"fnMap":{"0":{"name":"(anonymous_9)","decl":{"start":{"line":18,"column":2},"end":{"line":18,"column":31}},"loc":{"start":{"line":18,"column":63},"end":{"line":18,"column":67}}},"1":{"name":"(anonymous_10)","decl":{"start":{"line":28,"column":9},"end":{"line":28,"column":32}},"loc":{"start":{"line":31,"column":36},"end":{"line":62,"column":3}}},"2":{"name":"(anonymous_11)","decl":{"start":{"line":44,"column":6},"end":{"line":44,"column":7}},"loc":{"start":{"line":44,"column":12},"end":{"line":48,"column":7}}},"3":{"name":"(anonymous_12)","decl":{"start":{"line":53,"column":6},"end":{"line":53,"column":7}},"loc":{"start":{"line":54,"column":8},"end":{"line":54,"column":57}}},"4":{"name":"(anonymous_13)","decl":{"start":{"line":59,"column":30},"end":{"line":59,"column":33}},"loc":{"start":{"line":59,"column":35},"end":{"line":61,"column":5}}},"5":{"name":"(anonymous_14)","decl":{"start":{"line":71,"column":10},"end":{"line":71,"column":23}},"loc":{"start":{"line":73,"column":27},"end":{"line":99,"column":3}}},"6":{"name":"(anonymous_15)","decl":{"start":{"line":108,"column":10},"end":{"line":108,"column":15}},"loc":{"start":{"line":110,"column":33},"end":{"line":118,"column":3}}},"7":{"name":"(anonymous_16)","decl":{"start":{"line":127,"column":10},"end":{"line":127,"column":15}},"loc":{"start":{"line":129,"column":22},"end":{"line":136,"column":3}}},"8":{"name":"(anonymous_17)","decl":{"start":{"line":146,"column":10},"end":{"line":146,"column":27}},"loc":{"start":{"line":146,"column":51},"end":{"line":183,"column":3}}},"9":{"name":"(anonymous_18)","decl":{"start":{"line":191,"column":10},"end":{"line":191,"column":18}},"loc":{"start":{"line":191,"column":18},"end":{"line":199,"column":3}}}},"branchMap":{"0":{"loc":{"start":{"line":45,"column":8},"end":{"line":47,"column":9}},"type":"if","locations":[{"start":{"line":45,"column":8},"end":{"line":47,"column":9}}]},"1":{"loc":{"start":{"line":112,"column":4},"end":{"line":117,"column":5}},"type":"switch","locations":[{"start":{"line":113,"column":6},"end":{"line":116,"column":7}}]}},"s":{"0":0,"1":0,"2":0,"3":0,"4":0,"5":0,"6":0,"7":0,"8":0,"9":0,"10":0,"11":0,"12":0,"13":0,"14":0,"15":0,"16":0,"17":0,"18":0,"19":0,"20":0,"21":0,"22":0,"23":0,"24":0,"25":0,"26":0,"27":0,"28":0,"29":0,"30":0,"31":0,"32":0,"33":0,"34":0,"35":0,"36":0,"37":0,"38":0,"39":0,"40":0,"41":0,"42":0},"f":{"0":0,"1":0,"2":0,"3":0,"4":0,"5":0,"6":0,"7":0,"8":0,"9":0},"b":{"0":[0],"1":[0]}}
,"/home/runner/work/vscode-visual-xml-schema-editor/vscode-visual-xml-schema-editor/webview-src/main.ts": {"path":"/home/runner/work/vscode-visual-xml-schema-editor/vscode-visual-xml-schema-editor/webview-src/main.ts","statementMap":{"0":{"start":{"line":1,"column":0},"end":{"line":1,"column":45}},"1":{"start":{"line":2,"column":0},"end":{"line":2,"column":48}},"2":{"start":{"line":25,"column":4},"end":{"line":25,"column":51}},"3":{"start":{"line":26,"column":4},"end":{"line":26,"column":51}},"4":{"start":{"line":28,"column":19},"end":{"line":28,"column":59}},"5":{"start":{"line":29,"column":4},"end":{"line":31,"column":5}},"6":{"start":{"line":30,"column":6},"end":{"line":30,"column":75}},"7":{"start":{"line":33,"column":4},"end":{"line":33,"column":64}},"8":{"start":{"line":34,"column":4},"end":{"line":36,"column":6}},"9":{"start":{"line":38,"column":4},"end":{"line":38,"column":32}},"10":{"start":{"line":39,"column":4},"end":{"line":39,"column":24}},"11":{"start":{"line":40,"column":4},"end":{"line":40,"column":34}},"12":{"start":{"line":43,"column":18},"end":{"line":43,"column":40}},"13":{"start":{"line":44,"column":4},"end":{"line":50,"column":5}},"14":{"start":{"line":45,"column":6},"end":{"line":45,"column":57}},"15":{"start":{"line":46,"column":6},"end":{"line":49,"column":7}},"16":{"start":{"line":47,"column":8},"end":{"line":47,"column":42}},"17":{"start":{"line":48,"column":8},"end":{"line":48,"column":40}},"18":{"start":{"line":57,"column":4},"end":{"line":77,"column":6}},"19":{"start":{"line":60,"column":24},"end":{"line":60,"column":34}},"20":{"start":{"line":62,"column":8},"end":{"line":75,"column":9}},"21":{"start":{"line":64,"column":12},"end":{"line":64,"column":46}},"22":{"start":{"line":65,"column":12},"end":{"line":65,"column":44}},"23":{"start":{"line":66,"column":12},"end":{"line":66,"column":29}},"24":{"start":{"line":67,"column":12},"end":{"line":67,"column":18}},"25":{"start":{"line":71,"column":33},"end":{"line":71,"column":72}},"26":{"start":{"line":72,"column":12},"end":{"line":72,"column":41}},"27":{"start":{"line":73,"column":12},"end":{"line":73,"column":18}},"28":{"start":{"line":85,"column":4},"end":{"line":88,"column":5}},"29":{"start":{"line":86,"column":6},"end":{"line":86,"column":47}},"30":{"start":{"line":87,"column":6},"end":{"line":87,"column":13}},"31":{"start":{"line":90,"column":4},"end":{"line":108,"column":5}},"32":{"start":{"line":91,"column":6},"end":{"line":91,"column":56}},"33":{"start":{"line":94,"column":6},"end":{"line":99,"column":8}},"34":{"start":{"line":97,"column":10},"end":{"line":97,"column":49}},"35":{"start":{"line":102,"column":6},"end":{"line":104,"column":7}},"36":{"start":{"line":103,"column":8},"end":{"line":103,"column":29}},"37":{"start":{"line":106,"column":6},"end":{"line":106,"column":54}},"38":{"start":{"line":107,"column":6},"end":{"line":107,"column":70}},"39":{"start":{"line":115,"column":19},"end":{"line":115,"column":59}},"40":{"start":{"line":116,"column":4},"end":{"line":116,"column":24}},"41":{"start":{"line":116,"column":17},"end":{"line":116,"column":24}},"42":{"start":{"line":119,"column":24},"end":{"line":119,"column":42}},"43":{"start":{"line":120,"column":25},"end":{"line":120,"column":44}},"44":{"start":{"line":124,"column":4},"end":{"line":124,"column":48}},"45":{"start":{"line":125,"column":4},"end":{"line":125,"column":49}},"46":{"start":{"line":127,"column":4},"end":{"line":127,"column":45}},"47":{"start":{"line":128,"column":4},"end":{"line":128,"column":21}},"48":{"start":{"line":140,"column":4},"end":{"line":149,"column":5}},"49":{"start":{"line":142,"column":6},"end":{"line":142,"column":55}},"50":{"start":{"line":145,"column":6},"end":{"line":145,"column":30}},"51":{"start":{"line":148,"column":6},"end":{"line":148,"column":39}},"52":{"start":{"line":156,"column":22},"end":{"line":156,"column":55}},"53":{"start":{"line":157,"column":23},"end":{"line":157,"column":57}},"54":{"start":{"line":158,"column":23},"end":{"line":158,"column":57}},"55":{"start":{"line":160,"column":4},"end":{"line":162,"column":7}},"56":{"start":{"line":161,"column":6},"end":{"line":161,"column":34}},"57":{"start":{"line":164,"column":4},"end":{"line":166,"column":7}},"58":{"start":{"line":165,"column":6},"end":{"line":165,"column":34}},"59":{"start":{"line":168,"column":4},"end":{"line":174,"column":7}},"60":{"start":{"line":169,"column":6},"end":{"line":169,"column":38}},"61":{"start":{"line":169,"column":31},"end":{"line":169,"column":38}},"62":{"start":{"line":171,"column":22},"end":{"line":171,"column":51}},"63":{"start":{"line":172,"column":6},"end":{"line":172,"column":31}},"64":{"start":{"line":173,"column":6},"end":{"line":173,"column":23}},"65":{"start":{"line":182,"column":4},"end":{"line":182,"column":36}},"66":{"start":{"line":182,"column":29},"end":{"line":182,"column":36}},"67":{"start":{"line":184,"column":19},"end":{"line":184,"column":59}},"68":{"start":{"line":185,"column":4},"end":{"line":185,"column":24}},"69":{"start":{"line":185,"column":17},"end":{"line":185,"column":24}},"70":{"start":{"line":188,"column":20},"end":{"line":188,"column":42}},"71":{"start":{"line":189,"column":20},"end":{"line":189,"column":43}},"72":{"start":{"line":192,"column":19},"end":{"line":192,"column":72}},"73":{"start":{"line":193,"column":19},"end":{"line":193,"column":72}},"74":{"start":{"line":196,"column":4},"end":{"line":196,"column":33}},"75":{"start":{"line":199,"column":4},"end":{"line":199,"column":65}},"76":{"start":{"line":200,"column":4},"end":{"line":200,"column":65}},"77":{"start":{"line":202,"column":4},"end":{"line":202,"column":45}},"78":{"start":{"line":203,"column":4},"end":{"line":203,"column":21}},"79":{"start":{"line":210,"column":19},"end":{"line":210,"column":59}},"80":{"start":{"line":211,"column":4},"end":{"line":213,"column":5}},"81":{"start":{"line":212,"column":6},"end":{"line":212,"column":13}},"82":{"start":{"line":214,"column":20},"end":{"line":214,"column":25}},"83":{"start":{"line":215,"column":17},"end":{"line":215,"column":18}},"84":{"start":{"line":216,"column":17},"end":{"line":216,"column":18}},"85":{"start":{"line":217,"column":19},"end":{"line":217,"column":24}},"86":{"start":{"line":219,"column":4},"end":{"line":235,"column":7}},"87":{"start":{"line":220,"column":21},"end":{"line":220,"column":43}},"88":{"start":{"line":223,"column":29},"end":{"line":223,"column":43}},"89":{"start":{"line":224,"column":31},"end":{"line":224,"column":58}},"90":{"start":{"line":225,"column":32},"end":{"line":225,"column":67}},"91":{"start":{"line":227,"column":6},"end":{"line":234,"column":7}},"92":{"start":{"line":228,"column":8},"end":{"line":228,"column":25}},"93":{"start":{"line":229,"column":8},"end":{"line":229,"column":25}},"94":{"start":{"line":230,"column":8},"end":{"line":230,"column":49}},"95":{"start":{"line":231,"column":8},"end":{"line":231,"column":49}},"96":{"start":{"line":232,"column":8},"end":{"line":232,"column":27}},"97":{"start":{"line":233,"column":8},"end":{"line":233,"column":41}},"98":{"start":{"line":237,"column":4},"end":{"line":244,"column":7}},"99":{"start":{"line":238,"column":6},"end":{"line":243,"column":7}},"100":{"start":{"line":239,"column":8},"end":{"line":239,"column":24}},"101":{"start":{"line":240,"column":8},"end":{"line":240,"column":49}},"102":{"start":{"line":241,"column":8},"end":{"line":241,"column":49}},"103":{"start":{"line":242,"column":8},"end":{"line":242,"column":49}},"104":{"start":{"line":246,"column":4},"end":{"line":256,"column":7}},"105":{"start":{"line":247,"column":6},"end":{"line":255,"column":7}},"106":{"start":{"line":248,"column":8},"end":{"line":248,"column":26}},"107":{"start":{"line":249,"column":8},"end":{"line":249,"column":37}},"108":{"start":{"line":250,"column":8},"end":{"line":254,"column":9}},"109":{"start":{"line":251,"column":10},"end":{"line":251,"column":27}},"110":{"start":{"line":253,"column":10},"end":{"line":253,"column":30}},"111":{"start":{"line":259,"column":4},"end":{"line":281,"column":7}},"112":{"start":{"line":260,"column":6},"end":{"line":260,"column":25}},"113":{"start":{"line":263,"column":19},"end":{"line":263,"column":49}},"114":{"start":{"line":264,"column":21},"end":{"line":264,"column":42}},"115":{"start":{"line":265,"column":21},"end":{"line":265,"column":41}},"116":{"start":{"line":268,"column":21},"end":{"line":268,"column":73}},"117":{"start":{"line":269,"column":21},"end":{"line":269,"column":73}},"118":{"start":{"line":272,"column":20},"end":{"line":272,"column":44}},"119":{"start":{"line":273,"column":6},"end":{"line":273,"column":35}},"120":{"start":{"line":276,"column":6},"end":{"line":276,"column":66}},"121":{"start":{"line":277,"column":6},"end":{"line":277,"column":66}},"122":{"start":{"line":279,"column":6},"end":{"line":279,"column":47}},"123":{"start":{"line":280,"column":6},"end":{"line":280,"column":23}},"124":{"start":{"line":289,"column":4},"end":{"line":289,"column":37}},"125":{"start":{"line":297,"column":4},"end":{"line":297,"column":39}},"126":{"start":{"line":304,"column":4},"end":{"line":307,"column":7}},"127":{"start":{"line":312,"column":0},"end":{"line":316,"column":1}},"128":{"start":{"line":313,"column":2},"end":{"line":313,"column":77}},"129":{"start":{"line":313,"column":54},"end":{"line":313,"column":75}},"130":{"start":{"line":315,"column":2},"end":{"line":315,"column":24}}},"fnMap":{"0":{"name":"(anonymous_0)","decl":{"start":{"line":24,"column":2},"end":{"line":24,"column":null}},"loc":{"start":{"line":24,"column":2},"end":{"line":51,"column":3}}},"1":{"name":"(anonymous_1)","decl":{"start":{"line":56,"column":10},"end":{"line":56,"column":30}},"loc":{"start":{"line":56,"column":30},"end":{"line":78,"column":3}}},"2":{"name":"(anonymous_2)","decl":{"start":{"line":59,"column":6},"end":{"line":59,"column":7}},"loc":{"start":{"line":59,"column":48},"end":{"line":76,"column":7}}},"3":{"name":"(anonymous_3)","decl":{"start":{"line":84,"column":10},"end":{"line":84,"column":22}},"loc":{"start":{"line":84,"column":40},"end":{"line":109,"column":3}}},"4":{"name":"(anonymous_4)","decl":{"start":{"line":96,"column":8},"end":{"line":96,"column":9}},"loc":{"start":{"line":96,"column":55},"end":{"line":98,"column":9}}},"5":{"name":"(anonymous_5)","decl":{"start":{"line":114,"column":10},"end":{"line":114,"column":23}},"loc":{"start":{"line":114,"column":23},"end":{"line":129,"column":3}}},"6":{"name":"(anonymous_6)","decl":{"start":{"line":136,"column":10},"end":{"line":136,"column":21}},"loc":{"start":{"line":138,"column":35},"end":{"line":150,"column":3}}},"7":{"name":"(anonymous_7)","decl":{"start":{"line":155,"column":10},"end":{"line":155,"column":22}},"loc":{"start":{"line":155,"column":22},"end":{"line":175,"column":3}}},"8":{"name":"(anonymous_8)","decl":{"start":{"line":160,"column":41},"end":{"line":160,"column":44}},"loc":{"start":{"line":160,"column":46},"end":{"line":162,"column":5}}},"9":{"name":"(anonymous_9)","decl":{"start":{"line":164,"column":42},"end":{"line":164,"column":45}},"loc":{"start":{"line":164,"column":47},"end":{"line":166,"column":5}}},"10":{"name":"(anonymous_10)","decl":{"start":{"line":168,"column":42},"end":{"line":168,"column":45}},"loc":{"start":{"line":168,"column":47},"end":{"line":174,"column":5}}},"11":{"name":"(anonymous_11)","decl":{"start":{"line":181,"column":10},"end":{"line":181,"column":27}},"loc":{"start":{"line":181,"column":41},"end":{"line":204,"column":3}}},"12":{"name":"(anonymous_12)","decl":{"start":{"line":209,"column":10},"end":{"line":209,"column":32}},"loc":{"start":{"line":209,"column":32},"end":{"line":282,"column":3}}},"13":{"name":"(anonymous_13)","decl":{"start":{"line":219,"column":41},"end":{"line":219,"column":42}},"loc":{"start":{"line":219,"column":59},"end":{"line":235,"column":5}}},"14":{"name":"(anonymous_14)","decl":{"start":{"line":237,"column":41},"end":{"line":237,"column":42}},"loc":{"start":{"line":237,"column":59},"end":{"line":244,"column":5}}},"15":{"name":"(anonymous_15)","decl":{"start":{"line":246,"column":39},"end":{"line":246,"column":40}},"loc":{"start":{"line":246,"column":57},"end":{"line":256,"column":5}}},"16":{"name":"(anonymous_16)","decl":{"start":{"line":259,"column":37},"end":{"line":259,"column":38}},"loc":{"start":{"line":259,"column":55},"end":{"line":281,"column":5}}},"17":{"name":"(anonymous_17)","decl":{"start":{"line":288,"column":10},"end":{"line":288,"column":19}},"loc":{"start":{"line":288,"column":35},"end":{"line":290,"column":3}}},"18":{"name":"(anonymous_18)","decl":{"start":{"line":296,"column":10},"end":{"line":296,"column":21}},"loc":{"start":{"line":296,"column":37},"end":{"line":298,"column":3}}},"19":{"name":"(anonymous_19)","decl":{"start":{"line":303,"column":10},"end":{"line":303,"column":19}},"loc":{"start":{"line":303,"column":19},"end":{"line":308,"column":3}}},"20":{"name":"(anonymous_20)","decl":{"start":{"line":313,"column":48},"end":{"line":313,"column":51}},"loc":{"start":{"line":313,"column":54},"end":{"line":313,"column":75}}}},"branchMap":{"0":{"loc":{"start":{"line":29,"column":4},"end":{"line":31,"column":5}},"type":"if","locations":[{"start":{"line":29,"column":4},"end":{"line":31,"column":5}}]},"1":{"loc":{"start":{"line":29,"column":8},"end":{"line":29,"column":53}},"type":"binary-expr","locations":[{"start":{"line":29,"column":8},"end":{"line":29,"column":15}},{"start":{"line":29,"column":19},"end":{"line":29,"column":53}}]},"2":{"loc":{"start":{"line":44,"column":4},"end":{"line":50,"column":5}},"type":"if","locations":[{"start":{"line":44,"column":4},"end":{"line":50,"column":5}}]},"3":{"loc":{"start":{"line":45,"column":23},"end":{"line":45,"column":56}},"type":"binary-expr","locations":[{"start":{"line":45,"column":23},"end":{"line":45,"column":38}},{"start":{"line":45,"column":42},"end":{"line":45,"column":56}}]},"4":{"loc":{"start":{"line":46,"column":6},"end":{"line":49,"column":7}},"type":"if","locations":[{"start":{"line":46,"column":6},"end":{"line":49,"column":7}}]},"5":{"loc":{"start":{"line":62,"column":8},"end":{"line":75,"column":9}},"type":"switch","locations":[{"start":{"line":63,"column":10},"end":{"line":68,"column":11}},{"start":{"line":70,"column":10},"end":{"line":74,"column":11}}]},"6":{"loc":{"start":{"line":71,"column":33},"end":{"line":71,"column":72}},"type":"binary-expr","locations":[{"start":{"line":71,"column":33},"end":{"line":71,"column":53}},{"start":{"line":71,"column":57},"end":{"line":71,"column":72}}]},"7":{"loc":{"start":{"line":85,"column":4},"end":{"line":88,"column":5}},"type":"if","locations":[{"start":{"line":85,"column":4},"end":{"line":88,"column":5}}]},"8":{"loc":{"start":{"line":102,"column":6},"end":{"line":104,"column":7}},"type":"if","locations":[{"start":{"line":102,"column":6},"end":{"line":104,"column":7}}]},"9":{"loc":{"start":{"line":102,"column":10},"end":{"line":102,"column":64}},"type":"binary-expr","locations":[{"start":{"line":102,"column":10},"end":{"line":102,"column":35}},{"start":{"line":102,"column":39},"end":{"line":102,"column":64}}]},"10":{"loc":{"start":{"line":116,"column":4},"end":{"line":116,"column":24}},"type":"if","locations":[{"start":{"line":116,"column":4},"end":{"line":116,"column":24}}]},"11":{"loc":{"start":{"line":138,"column":4},"end":{"line":138,"column":35}},"type":"default-arg","locations":[{"start":{"line":138,"column":30},"end":{"line":138,"column":35}}]},"12":{"loc":{"start":{"line":140,"column":4},"end":{"line":149,"column":5}},"type":"if","locations":[{"start":{"line":140,"column":4},"end":{"line":149,"column":5}},{"start":{"line":146,"column":11},"end":{"line":149,"column":5}}]},"13":{"loc":{"start":{"line":169,"column":6},"end":{"line":169,"column":38}},"type":"if","locations":[{"start":{"line":169,"column":6},"end":{"line":169,"column":38}}]},"14":{"loc":{"start":{"line":182,"column":4},"end":{"line":182,"column":36}},"type":"if","locations":[{"start":{"line":182,"column":4},"end":{"line":182,"column":36}}]},"15":{"loc":{"start":{"line":185,"column":4},"end":{"line":185,"column":24}},"type":"if","locations":[{"start":{"line":185,"column":4},"end":{"line":185,"column":24}}]},"16":{"loc":{"start":{"line":211,"column":4},"end":{"line":213,"column":5}},"type":"if","locations":[{"start":{"line":211,"column":4},"end":{"line":213,"column":5}}]},"17":{"loc":{"start":{"line":211,"column":8},"end":{"line":211,"column":53}},"type":"binary-expr","locations":[{"start":{"line":211,"column":8},"end":{"line":211,"column":15}},{"start":{"line":211,"column":19},"end":{"line":211,"column":53}}]},"18":{"loc":{"start":{"line":224,"column":31},"end":{"line":224,"column":58}},"type":"binary-expr","locations":[{"start":{"line":224,"column":31},"end":{"line":224,"column":45}},{"start":{"line":224,"column":49},"end":{"line":224,"column":58}}]},"19":{"loc":{"start":{"line":225,"column":32},"end":{"line":225,"column":67}},"type":"binary-expr","locations":[{"start":{"line":225,"column":32},"end":{"line":225,"column":46}},{"start":{"line":225,"column":50},"end":{"line":225,"column":67}}]},"20":{"loc":{"start":{"line":227,"column":6},"end":{"line":234,"column":7}},"type":"if","locations":[{"start":{"line":227,"column":6},"end":{"line":234,"column":7}}]},"21":{"loc":{"start":{"line":227,"column":10},"end":{"line":227,"column":65}},"type":"binary-expr","locations":[{"start":{"line":227,"column":10},"end":{"line":227,"column":24}},{"start":{"line":227,"column":28},"end":{"line":227,"column":44}},{"start":{"line":227,"column":48},"end":{"line":227,"column":65}}]},"22":{"loc":{"start":{"line":238,"column":6},"end":{"line":243,"column":7}},"type":"if","locations":[{"start":{"line":238,"column":6},"end":{"line":243,"column":7}}]},"23":{"loc":{"start":{"line":247,"column":6},"end":{"line":255,"column":7}},"type":"if","locations":[{"start":{"line":247,"column":6},"end":{"line":255,"column":7}}]},"24":{"loc":{"start":{"line":250,"column":8},"end":{"line":254,"column":9}},"type":"if","locations":[{"start":{"line":250,"column":8},"end":{"line":254,"column":9}}]},"25":{"loc":{"start":{"line":272,"column":20},"end":{"line":272,"column":44}},"type":"cond-expr","locations":[{"start":{"line":272,"column":35},"end":{"line":272,"column":38}},{"start":{"line":272,"column":41},"end":{"line":272,"column":44}}]},"26":{"loc":{"start":{"line":312,"column":0},"end":{"line":316,"column":1}},"type":"if","locations":[{"start":{"line":312,"column":0},"end":{"line":316,"column":1}},{"start":{"line":314,"column":7},"end":{"line":316,"column":1}}]}},"s":{"0":4,"1":4,"2":4,"3":4,"4":4,"5":4,"6":0,"7":4,"8":4,"9":4,"10":4,"11":4,"12":4,"13":4,"14":0,"15":0,"16":0,"17":0,"18":4,"19":2,"20":2,"21":1,"22":1,"23":1,"24":1,"25":1,"26":1,"27":1,"28":1,"29":0,"30":0,"31":1,"32":1,"33":1,"34":0,"35":1,"36":1,"37":0,"38":0,"39":1,"40":1,"41":0,"42":1,"43":1,"44":1,"45":1,"46":1,"47":1,"48":0,"49":0,"50":0,"51":0,"52":4,"53":4,"54":4,"55":4,"56":0,"57":4,"58":0,"59":4,"60":0,"61":0,"62":0,"63":0,"64":0,"65":0,"66":0,"67":0,"68":0,"69":0,"70":0,"71":0,"72":0,"73":0,"74":0,"75":0,"76":0,"77":0,"78":0,"79":4,"80":4,"81":0,"82":4,"83":4,"84":4,"85":4,"86":4,"87":0,"88":0,"89":0,"90":0,"91":0,"92":0,"93":0,"94":0,"95":0,"96":0,"97":0,"98":4,"99":0,"100":0,"101":0,"102":0,"103":0,"104":4,"105":0,"106":0,"107":0,"108":0,"109":0,"110":0,"111":4,"112":0,"113":0,"114":0,"115":0,"116":0,"117":0,"118":0,"119":0,"120":0,"121":0,"122":0,"123":0,"124":1,"125":0,"126":2,"127":4,"128":0,"129":0,"130":4},"f":{"0":4,"1":4,"2":2,"3":1,"4":0,"5":1,"6":0,"7":4,"8":0,"9":0,"10":0,"11":0,"12":4,"13":0,"14":0,"15":0,"16":0,"17":1,"18":0,"19":2,"20":0},"b":{"0":[0],"1":[4,4],"2":[0],"3":[0,0],"4":[0],"5":[1,1],"6":[1,0],"7":[0],"8":[1],"9":[1,1],"10":[0],"11":[0],"12":[0,0],"13":[0],"14":[0],"15":[0],"16":[0],"17":[4,4],"18":[0,0],"19":[0,0],"20":[0],"21":[0,0,0],"22":[0],"23":[0],"24":[0],"25":[0,0],"26":[0,4]}}
,"/home/runner/work/vscode-visual-xml-schema-editor/vscode-visual-xml-schema-editor/webview-src/propertyPanel.ts": {"path":"/home/runner/work/vscode-visual-xml-schema-editor/vscode-visual-xml-schema-editor/webview-src/propertyPanel.ts","statementMap":{"0":{"start":{"line":20,"column":4},"end":{"line":20,"column":31}},"1":{"start":{"line":30,"column":4},"end":{"line":30,"column":34}},"2":{"start":{"line":33,"column":4},"end":{"line":33,"column":40}},"3":{"start":{"line":36,"column":4},"end":{"line":38,"column":5}},"4":{"start":{"line":37,"column":6},"end":{"line":37,"column":42}},"5":{"start":{"line":41,"column":4},"end":{"line":43,"column":5}},"6":{"start":{"line":42,"column":6},"end":{"line":42,"column":52}},"7":{"start":{"line":46,"column":4},"end":{"line":50,"column":5}},"8":{"start":{"line":47,"column":18},"end":{"line":47,"column":41}},"9":{"start":{"line":48,"column":18},"end":{"line":48,"column":75}},"10":{"start":{"line":49,"column":6},"end":{"line":49,"column":56}},"11":{"start":{"line":53,"column":4},"end":{"line":55,"column":5}},"12":{"start":{"line":54,"column":6},"end":{"line":54,"column":65}},"13":{"start":{"line":58,"column":4},"end":{"line":78,"column":5}},"14":{"start":{"line":59,"column":23},"end":{"line":59,"column":51}},"15":{"start":{"line":60,"column":6},"end":{"line":60,"column":44}},"16":{"start":{"line":62,"column":6},"end":{"line":75,"column":9}},"17":{"start":{"line":63,"column":19},"end":{"line":63,"column":47}},"18":{"start":{"line":64,"column":8},"end":{"line":67,"column":18}},"19":{"start":{"line":68,"column":8},"end":{"line":70,"column":9}},"20":{"start":{"line":69,"column":10},"end":{"line":69,"column":93}},"21":{"start":{"line":71,"column":8},"end":{"line":73,"column":9}},"22":{"start":{"line":72,"column":10},"end":{"line":72,"column":87}},"23":{"start":{"line":74,"column":8},"end":{"line":74,"column":33}},"24":{"start":{"line":77,"column":6},"end":{"line":77,"column":58}},"25":{"start":{"line":81,"column":4},"end":{"line":83,"column":5}},"26":{"start":{"line":82,"column":6},"end":{"line":82,"column":73}},"27":{"start":{"line":93,"column":24},"end":{"line":93,"column":53}},"28":{"start":{"line":94,"column":4},"end":{"line":94,"column":39}},"29":{"start":{"line":96,"column":20},"end":{"line":96,"column":51}},"30":{"start":{"line":97,"column":4},"end":{"line":97,"column":38}},"31":{"start":{"line":99,"column":20},"end":{"line":99,"column":50}},"32":{"start":{"line":100,"column":4},"end":{"line":100,"column":32}},"33":{"start":{"line":102,"column":4},"end":{"line":102,"column":37}},"34":{"start":{"line":103,"column":4},"end":{"line":103,"column":37}},"35":{"start":{"line":104,"column":4},"end":{"line":104,"column":44}},"36":{"start":{"line":115,"column":24},"end":{"line":115,"column":53}},"37":{"start":{"line":116,"column":4},"end":{"line":116,"column":39}},"38":{"start":{"line":118,"column":20},"end":{"line":118,"column":51}},"39":{"start":{"line":119,"column":4},"end":{"line":119,"column":38}},"40":{"start":{"line":121,"column":20},"end":{"line":121,"column":47}},"41":{"start":{"line":122,"column":4},"end":{"line":122,"column":32}},"42":{"start":{"line":124,"column":4},"end":{"line":124,"column":37}},"43":{"start":{"line":125,"column":4},"end":{"line":125,"column":37}},"44":{"start":{"line":126,"column":4},"end":{"line":126,"column":44}},"45":{"start":{"line":137,"column":24},"end":{"line":137,"column":53}},"46":{"start":{"line":138,"column":4},"end":{"line":138,"column":39}},"47":{"start":{"line":140,"column":20},"end":{"line":140,"column":51}},"48":{"start":{"line":141,"column":4},"end":{"line":141,"column":38}},"49":{"start":{"line":143,"column":4},"end":{"line":143,"column":37}},"50":{"start":{"line":144,"column":4},"end":{"line":144,"column":37}},"51":{"start":{"line":145,"column":4},"end":{"line":145,"column":44}},"52":{"start":{"line":153,"column":4},"end":{"line":153,"column":34}},"53":{"start":{"line":11,"column":0},"end":{"line":11,"column":13}}},"fnMap":{"0":{"name":"(anonymous_0)","decl":{"start":{"line":19,"column":2},"end":{"line":19,"column":14}},"loc":{"start":{"line":19,"column":39},"end":{"line":21,"column":3}}},"1":{"name":"(anonymous_1)","decl":{"start":{"line":29,"column":9},"end":{"line":29,"column":16}},"loc":{"start":{"line":29,"column":34},"end":{"line":84,"column":3}}},"2":{"name":"(anonymous_2)","decl":{"start":{"line":62,"column":30},"end":{"line":62,"column":31}},"loc":{"start":{"line":62,"column":39},"end":{"line":75,"column":7}}},"3":{"name":"(anonymous_3)","decl":{"start":{"line":92,"column":10},"end":{"line":92,"column":21}},"loc":{"start":{"line":92,"column":50},"end":{"line":105,"column":3}}},"4":{"name":"(anonymous_4)","decl":{"start":{"line":114,"column":10},"end":{"line":114,"column":26}},"loc":{"start":{"line":114,"column":55},"end":{"line":127,"column":3}}},"5":{"name":"(anonymous_5)","decl":{"start":{"line":136,"column":10},"end":{"line":136,"column":32}},"loc":{"start":{"line":136,"column":68},"end":{"line":146,"column":3}}},"6":{"name":"(anonymous_6)","decl":{"start":{"line":152,"column":9},"end":{"line":152,"column":14}},"loc":{"start":{"line":152,"column":14},"end":{"line":154,"column":3}}}},"branchMap":{"0":{"loc":{"start":{"line":36,"column":4},"end":{"line":38,"column":5}},"type":"if","locations":[{"start":{"line":36,"column":4},"end":{"line":38,"column":5}}]},"1":{"loc":{"start":{"line":41,"column":4},"end":{"line":43,"column":5}},"type":"if","locations":[{"start":{"line":41,"column":4},"end":{"line":43,"column":5}}]},"2":{"loc":{"start":{"line":46,"column":4},"end":{"line":50,"column":5}},"type":"if","locations":[{"start":{"line":46,"column":4},"end":{"line":50,"column":5}}]},"3":{"loc":{"start":{"line":46,"column":8},"end":{"line":46,"column":76}},"type":"binary-expr","locations":[{"start":{"line":46,"column":8},"end":{"line":46,"column":40}},{"start":{"line":46,"column":44},"end":{"line":46,"column":76}}]},"4":{"loc":{"start":{"line":47,"column":18},"end":{"line":47,"column":41}},"type":"binary-expr","locations":[{"start":{"line":47,"column":18},"end":{"line":47,"column":36}},{"start":{"line":47,"column":40},"end":{"line":47,"column":41}}]},"5":{"loc":{"start":{"line":48,"column":18},"end":{"line":48,"column":75}},"type":"cond-expr","locations":[{"start":{"line":48,"column":46},"end":{"line":48,"column":49}},{"start":{"line":48,"column":52},"end":{"line":48,"column":75}}]},"6":{"loc":{"start":{"line":48,"column":52},"end":{"line":48,"column":75}},"type":"binary-expr","locations":[{"start":{"line":48,"column":52},"end":{"line":48,"column":70}},{"start":{"line":48,"column":74},"end":{"line":48,"column":75}}]},"7":{"loc":{"start":{"line":53,"column":4},"end":{"line":55,"column":5}},"type":"if","locations":[{"start":{"line":53,"column":4},"end":{"line":55,"column":5}}]},"8":{"loc":{"start":{"line":58,"column":4},"end":{"line":78,"column":5}},"type":"if","locations":[{"start":{"line":58,"column":4},"end":{"line":78,"column":5}}]},"9":{"loc":{"start":{"line":58,"column":8},"end":{"line":58,"column":53}},"type":"binary-expr","locations":[{"start":{"line":58,"column":8},"end":{"line":58,"column":23}},{"start":{"line":58,"column":27},"end":{"line":58,"column":53}}]},"10":{"loc":{"start":{"line":66,"column":46},"end":{"line":66,"column":68}},"type":"binary-expr","locations":[{"start":{"line":66,"column":46},"end":{"line":66,"column":54}},{"start":{"line":66,"column":58},"end":{"line":66,"column":68}}]},"11":{"loc":{"start":{"line":68,"column":8},"end":{"line":70,"column":9}},"type":"if","locations":[{"start":{"line":68,"column":8},"end":{"line":70,"column":9}}]},"12":{"loc":{"start":{"line":71,"column":8},"end":{"line":73,"column":9}},"type":"if","locations":[{"start":{"line":71,"column":8},"end":{"line":73,"column":9}}]},"13":{"loc":{"start":{"line":81,"column":4},"end":{"line":83,"column":5}},"type":"if","locations":[{"start":{"line":81,"column":4},"end":{"line":83,"column":5}}]},"14":{"loc":{"start":{"line":81,"column":8},"end":{"line":81,"column":59}},"type":"binary-expr","locations":[{"start":{"line":81,"column":8},"end":{"line":81,"column":26}},{"start":{"line":81,"column":30},"end":{"line":81,"column":59}}]}},"s":{"0":9,"1":4,"2":4,"3":4,"4":1,"5":4,"6":0,"7":4,"8":4,"9":4,"10":4,"11":4,"12":0,"13":4,"14":0,"15":0,"16":0,"17":0,"18":0,"19":0,"20":0,"21":0,"22":0,"23":0,"24":0,"25":4,"26":0,"27":9,"28":9,"29":9,"30":9,"31":9,"32":9,"33":9,"34":9,"35":9,"36":0,"37":0,"38":0,"39":0,"40":0,"41":0,"42":0,"43":0,"44":0,"45":0,"46":0,"47":0,"48":0,"49":0,"50":0,"51":0,"52":1,"53":5},"f":{"0":9,"1":4,"2":0,"3":9,"4":0,"5":0,"6":1},"b":{"0":[1],"1":[0],"2":[4],"3":[4,0],"4":[4,0],"5":[1,3],"6":[3,0],"7":[0],"8":[0],"9":[4,4],"10":[0,0],"11":[0],"12":[0],"13":[0],"14":[4,4]}}
,"/home/runner/work/vscode-visual-xml-schema-editor/vscode-visual-xml-schema-editor/webview-src/renderer.ts": {"path":"/home/runner/work/vscode-visual-xml-schema-editor/vscode-visual-xml-schema-editor/webview-src/renderer.ts","statementMap":{"0":{"start":{"line":3,"column":0},"end":{"line":3,"column":null}},"1":{"start":{"line":15,"column":10},"end":{"line":15,"column":63}},"2":{"start":{"line":16,"column":10},"end":{"line":16,"column":48}},"3":{"start":{"line":19,"column":10},"end":{"line":21,"column":18}},"4":{"start":{"line":29,"column":4},"end":{"line":29,"column":25}},"5":{"start":{"line":30,"column":4},"end":{"line":30,"column":31}},"6":{"start":{"line":33,"column":4},"end":{"line":36,"column":6}},"7":{"start":{"line":37,"column":4},"end":{"line":37,"column":44}},"8":{"start":{"line":38,"column":4},"end":{"line":38,"column":31}},"9":{"start":{"line":41,"column":4},"end":{"line":41,"column":75}},"10":{"start":{"line":42,"column":4},"end":{"line":42,"column":38}},"11":{"start":{"line":45,"column":4},"end":{"line":45,"column":30}},"12":{"start":{"line":57,"column":4},"end":{"line":57,"column":43}},"13":{"start":{"line":58,"column":4},"end":{"line":58,"column":31}},"14":{"start":{"line":60,"column":4},"end":{"line":63,"column":5}},"15":{"start":{"line":61,"column":6},"end":{"line":61,"column":47}},"16":{"start":{"line":62,"column":6},"end":{"line":62,"column":13}},"17":{"start":{"line":65,"column":4},"end":{"line":87,"column":5}},"18":{"start":{"line":67,"column":26},"end":{"line":67,"column":48}},"19":{"start":{"line":70,"column":22},"end":{"line":70,"column":42}},"20":{"start":{"line":71,"column":6},"end":{"line":71,"column":63}},"21":{"start":{"line":74,"column":6},"end":{"line":74,"column":43}},"22":{"start":{"line":77,"column":6},"end":{"line":77,"column":46}},"23":{"start":{"line":80,"column":6},"end":{"line":80,"column":51}},"24":{"start":{"line":83,"column":6},"end":{"line":83,"column":38}},"25":{"start":{"line":85,"column":6},"end":{"line":85,"column":77}},"26":{"start":{"line":86,"column":6},"end":{"line":86,"column":54}},"27":{"start":{"line":95,"column":4},"end":{"line":95,"column":37}},"28":{"start":{"line":95,"column":30},"end":{"line":95,"column":37}},"29":{"start":{"line":97,"column":4},"end":{"line":109,"column":5}},"30":{"start":{"line":99,"column":6},"end":{"line":99,"column":46}},"31":{"start":{"line":102,"column":6},"end":{"line":102,"column":51}},"32":{"start":{"line":105,"column":6},"end":{"line":105,"column":38}},"33":{"start":{"line":107,"column":6},"end":{"line":107,"column":79}},"34":{"start":{"line":108,"column":6},"end":{"line":108,"column":53}},"35":{"start":{"line":116,"column":4},"end":{"line":143,"column":7}},"36":{"start":{"line":117,"column":21},"end":{"line":117,"column":43}},"37":{"start":{"line":120,"column":27},"end":{"line":120,"column":73}},"38":{"start":{"line":121,"column":6},"end":{"line":132,"column":7}},"39":{"start":{"line":122,"column":26},"end":{"line":122,"column":78}},"40":{"start":{"line":123,"column":8},"end":{"line":129,"column":9}},"41":{"start":{"line":124,"column":25},"end":{"line":124,"column":63}},"42":{"start":{"line":125,"column":23},"end":{"line":125,"column":48}},"43":{"start":{"line":126,"column":10},"end":{"line":128,"column":11}},"44":{"start":{"line":127,"column":12},"end":{"line":127,"column":49}},"45":{"start":{"line":130,"column":8},"end":{"line":130,"column":28}},"46":{"start":{"line":131,"column":8},"end":{"line":131,"column":15}},"47":{"start":{"line":135,"column":24},"end":{"line":135,"column":70}},"48":{"start":{"line":136,"column":6},"end":{"line":142,"column":7}},"49":{"start":{"line":137,"column":23},"end":{"line":137,"column":61}},"50":{"start":{"line":138,"column":21},"end":{"line":138,"column":46}},"51":{"start":{"line":139,"column":8},"end":{"line":141,"column":9}},"52":{"start":{"line":140,"column":10},"end":{"line":140,"column":48}},"53":{"start":{"line":152,"column":4},"end":{"line":152,"column":53}},"54":{"start":{"line":152,"column":41},"end":{"line":152,"column":53}},"55":{"start":{"line":154,"column":25},"end":{"line":163,"column":5}},"56":{"start":{"line":155,"column":6},"end":{"line":155,"column":42}},"57":{"start":{"line":155,"column":30},"end":{"line":155,"column":42}},"58":{"start":{"line":157,"column":6},"end":{"line":160,"column":7}},"59":{"start":{"line":158,"column":22},"end":{"line":158,"column":41}},"60":{"start":{"line":159,"column":8},"end":{"line":159,"column":32}},"61":{"start":{"line":159,"column":19},"end":{"line":159,"column":32}},"62":{"start":{"line":162,"column":6},"end":{"line":162,"column":18}},"63":{"start":{"line":165,"column":4},"end":{"line":168,"column":5}},"64":{"start":{"line":166,"column":20},"end":{"line":166,"column":38}},"65":{"start":{"line":167,"column":6},"end":{"line":167,"column":30}},"66":{"start":{"line":167,"column":17},"end":{"line":167,"column":30}},"67":{"start":{"line":170,"column":4},"end":{"line":170,"column":16}},"68":{"start":{"line":178,"column":18},"end":{"line":178,"column":44}},"69":{"start":{"line":179,"column":4},"end":{"line":179,"column":43}},"70":{"start":{"line":179,"column":30},"end":{"line":179,"column":43}},"71":{"start":{"line":181,"column":26},"end":{"line":186,"column":5}},"72":{"start":{"line":182,"column":6},"end":{"line":182,"column":49}},"73":{"start":{"line":183,"column":6},"end":{"line":185,"column":7}},"74":{"start":{"line":184,"column":8},"end":{"line":184,"column":29}},"75":{"start":{"line":188,"column":4},"end":{"line":190,"column":5}},"76":{"start":{"line":189,"column":6},"end":{"line":189,"column":26}},"77":{"start":{"line":192,"column":4},"end":{"line":192,"column":17}},"78":{"start":{"line":200,"column":4},"end":{"line":200,"column":37}},"79":{"start":{"line":200,"column":30},"end":{"line":200,"column":37}},"80":{"start":{"line":202,"column":29},"end":{"line":210,"column":5}},"81":{"start":{"line":203,"column":6},"end":{"line":206,"column":7}},"82":{"start":{"line":204,"column":27},"end":{"line":204,"column":45}},"83":{"start":{"line":205,"column":8},"end":{"line":205,"column":70}},"84":{"start":{"line":207,"column":6},"end":{"line":209,"column":7}},"85":{"start":{"line":208,"column":8},"end":{"line":208,"column":32}},"86":{"start":{"line":212,"column":4},"end":{"line":214,"column":5}},"87":{"start":{"line":213,"column":6},"end":{"line":213,"column":29}},"88":{"start":{"line":231,"column":17},"end":{"line":231,"column":79}},"89":{"start":{"line":232,"column":4},"end":{"line":232,"column":41}},"90":{"start":{"line":233,"column":4},"end":{"line":233,"column":41}},"91":{"start":{"line":234,"column":4},"end":{"line":234,"column":31}},"92":{"start":{"line":235,"column":4},"end":{"line":235,"column":34}},"93":{"start":{"line":236,"column":4},"end":{"line":236,"column":16}},"94":{"start":{"line":244,"column":4},"end":{"line":244,"column":31}},"95":{"start":{"line":247,"column":4},"end":{"line":250,"column":6}},"96":{"start":{"line":260,"column":4},"end":{"line":262,"column":5}},"97":{"start":{"line":261,"column":6},"end":{"line":261,"column":28}},"98":{"start":{"line":264,"column":17},"end":{"line":264,"column":41}},"99":{"start":{"line":266,"column":6},"end":{"line":266,"column":71}},"100":{"start":{"line":268,"column":6},"end":{"line":268,"column":73}},"101":{"start":{"line":270,"column":4},"end":{"line":277,"column":5}},"102":{"start":{"line":276,"column":6},"end":{"line":276,"column":28}},"103":{"start":{"line":280,"column":24},"end":{"line":280,"column":48}},"104":{"start":{"line":281,"column":25},"end":{"line":281,"column":50}},"105":{"start":{"line":284,"column":19},"end":{"line":284,"column":44}},"106":{"start":{"line":285,"column":19},"end":{"line":285,"column":46}},"107":{"start":{"line":286,"column":18},"end":{"line":286,"column":42}},"108":{"start":{"line":289,"column":27},"end":{"line":289,"column":50}},"109":{"start":{"line":290,"column":27},"end":{"line":290,"column":51}},"110":{"start":{"line":293,"column":20},"end":{"line":293,"column":35}},"111":{"start":{"line":294,"column":20},"end":{"line":294,"column":36}},"112":{"start":{"line":297,"column":17},"end":{"line":297,"column":49}},"113":{"start":{"line":298,"column":17},"end":{"line":298,"column":49}},"114":{"start":{"line":300,"column":31},"end":{"line":300,"column":58}},"115":{"start":{"line":301,"column":4},"end":{"line":301,"column":29}},"116":{"start":{"line":302,"column":4},"end":{"line":302,"column":19}},"117":{"start":{"line":311,"column":4},"end":{"line":313,"column":7}},"118":{"start":{"line":312,"column":6},"end":{"line":312,"column":38}},"119":{"start":{"line":316,"column":24},"end":{"line":316,"column":79}},"120":{"start":{"line":317,"column":4},"end":{"line":319,"column":5}},"121":{"start":{"line":318,"column":6},"end":{"line":318,"column":44}},"122":{"start":{"line":328,"column":4},"end":{"line":328,"column":31}},"123":{"start":{"line":329,"column":4},"end":{"line":332,"column":6}},"124":{"start":{"line":333,"column":4},"end":{"line":333,"column":44}},"125":{"start":{"line":335,"column":17},"end":{"line":335,"column":78}},"126":{"start":{"line":336,"column":4},"end":{"line":336,"column":37}},"127":{"start":{"line":345,"column":4},"end":{"line":345,"column":31}},"128":{"start":{"line":346,"column":4},"end":{"line":349,"column":6}},"129":{"start":{"line":350,"column":4},"end":{"line":350,"column":44}},"130":{"start":{"line":352,"column":17},"end":{"line":352,"column":65}},"131":{"start":{"line":353,"column":4},"end":{"line":353,"column":37}},"132":{"start":{"line":11,"column":0},"end":{"line":11,"column":13}}},"fnMap":{"0":{"name":"(anonymous_0)","decl":{"start":{"line":28,"column":2},"end":{"line":28,"column":14}},"loc":{"start":{"line":28,"column":57},"end":{"line":46,"column":3}}},"1":{"name":"(anonymous_1)","decl":{"start":{"line":53,"column":9},"end":{"line":53,"column":21}},"loc":{"start":{"line":55,"column":69},"end":{"line":88,"column":3}}},"2":{"name":"(anonymous_2)","decl":{"start":{"line":94,"column":9},"end":{"line":94,"column":16}},"loc":{"start":{"line":94,"column":16},"end":{"line":110,"column":3}}},"3":{"name":"(anonymous_3)","decl":{"start":{"line":115,"column":10},"end":{"line":115,"column":28}},"loc":{"start":{"line":115,"column":28},"end":{"line":144,"column":3}}},"4":{"name":"(anonymous_4)","decl":{"start":{"line":116,"column":42},"end":{"line":116,"column":43}},"loc":{"start":{"line":116,"column":60},"end":{"line":143,"column":5}}},"5":{"name":"(anonymous_5)","decl":{"start":{"line":151,"column":10},"end":{"line":151,"column":22}},"loc":{"start":{"line":151,"column":44},"end":{"line":171,"column":3}}},"6":{"name":"(anonymous_6)","decl":{"start":{"line":154,"column":25},"end":{"line":154,"column":26}},"loc":{"start":{"line":154,"column":67},"end":{"line":163,"column":5}}},"7":{"name":"(anonymous_7)","decl":{"start":{"line":177,"column":10},"end":{"line":177,"column":25}},"loc":{"start":{"line":177,"column":25},"end":{"line":193,"column":3}}},"8":{"name":"(anonymous_8)","decl":{"start":{"line":181,"column":26},"end":{"line":181,"column":27}},"loc":{"start":{"line":181,"column":54},"end":{"line":186,"column":5}}},"9":{"name":"(anonymous_9)","decl":{"start":{"line":199,"column":10},"end":{"line":199,"column":28}},"loc":{"start":{"line":199,"column":56},"end":{"line":215,"column":3}}},"10":{"name":"(anonymous_10)","decl":{"start":{"line":202,"column":29},"end":{"line":202,"column":30}},"loc":{"start":{"line":202,"column":57},"end":{"line":210,"column":5}}},"11":{"name":"(anonymous_11)","decl":{"start":{"line":225,"column":10},"end":{"line":225,"column":20}},"loc":{"start":{"line":229,"column":21},"end":{"line":237,"column":3}}},"12":{"name":"(anonymous_12)","decl":{"start":{"line":243,"column":9},"end":{"line":243,"column":19}},"loc":{"start":{"line":243,"column":40},"end":{"line":251,"column":3}}},"13":{"name":"(anonymous_13)","decl":{"start":{"line":258,"column":9},"end":{"line":258,"column":20}},"loc":{"start":{"line":258,"column":41},"end":{"line":303,"column":3}}},"14":{"name":"(anonymous_14)","decl":{"start":{"line":309,"column":9},"end":{"line":309,"column":19}},"loc":{"start":{"line":309,"column":34},"end":{"line":320,"column":3}}},"15":{"name":"(anonymous_15)","decl":{"start":{"line":311,"column":58},"end":{"line":311,"column":59}},"loc":{"start":{"line":311,"column":65},"end":{"line":313,"column":5}}},"16":{"name":"(anonymous_16)","decl":{"start":{"line":326,"column":9},"end":{"line":326,"column":18}},"loc":{"start":{"line":326,"column":34},"end":{"line":337,"column":3}}},"17":{"name":"(anonymous_17)","decl":{"start":{"line":343,"column":9},"end":{"line":343,"column":20}},"loc":{"start":{"line":343,"column":36},"end":{"line":354,"column":3}}}},"branchMap":{"0":{"loc":{"start":{"line":60,"column":4},"end":{"line":63,"column":5}},"type":"if","locations":[{"start":{"line":60,"column":4},"end":{"line":63,"column":5}}]},"1":{"loc":{"start":{"line":95,"column":4},"end":{"line":95,"column":37}},"type":"if","locations":[{"start":{"line":95,"column":4},"end":{"line":95,"column":37}}]},"2":{"loc":{"start":{"line":121,"column":6},"end":{"line":132,"column":7}},"type":"if","locations":[{"start":{"line":121,"column":6},"end":{"line":132,"column":7}}]},"3":{"loc":{"start":{"line":123,"column":8},"end":{"line":129,"column":9}},"type":"if","locations":[{"start":{"line":123,"column":8},"end":{"line":129,"column":9}}]},"4":{"loc":{"start":{"line":126,"column":10},"end":{"line":128,"column":11}},"type":"if","locations":[{"start":{"line":126,"column":10},"end":{"line":128,"column":11}}]},"5":{"loc":{"start":{"line":126,"column":14},"end":{"line":126,"column":46}},"type":"binary-expr","locations":[{"start":{"line":126,"column":14},"end":{"line":126,"column":18}},{"start":{"line":126,"column":22},"end":{"line":126,"column":46}}]},"6":{"loc":{"start":{"line":136,"column":6},"end":{"line":142,"column":7}},"type":"if","locations":[{"start":{"line":136,"column":6},"end":{"line":142,"column":7}}]},"7":{"loc":{"start":{"line":139,"column":8},"end":{"line":141,"column":9}},"type":"if","locations":[{"start":{"line":139,"column":8},"end":{"line":141,"column":9}}]},"8":{"loc":{"start":{"line":139,"column":12},"end":{"line":139,"column":44}},"type":"binary-expr","locations":[{"start":{"line":139,"column":12},"end":{"line":139,"column":16}},{"start":{"line":139,"column":20},"end":{"line":139,"column":44}}]},"9":{"loc":{"start":{"line":152,"column":4},"end":{"line":152,"column":53}},"type":"if","locations":[{"start":{"line":152,"column":4},"end":{"line":152,"column":53}}]},"10":{"loc":{"start":{"line":152,"column":8},"end":{"line":152,"column":39}},"type":"binary-expr","locations":[{"start":{"line":152,"column":8},"end":{"line":152,"column":15}},{"start":{"line":152,"column":19},"end":{"line":152,"column":39}}]},"11":{"loc":{"start":{"line":155,"column":6},"end":{"line":155,"column":42}},"type":"if","locations":[{"start":{"line":155,"column":6},"end":{"line":155,"column":42}}]},"12":{"loc":{"start":{"line":159,"column":8},"end":{"line":159,"column":32}},"type":"if","locations":[{"start":{"line":159,"column":8},"end":{"line":159,"column":32}}]},"13":{"loc":{"start":{"line":167,"column":6},"end":{"line":167,"column":30}},"type":"if","locations":[{"start":{"line":167,"column":6},"end":{"line":167,"column":30}}]},"14":{"loc":{"start":{"line":179,"column":4},"end":{"line":179,"column":43}},"type":"if","locations":[{"start":{"line":179,"column":4},"end":{"line":179,"column":43}}]},"15":{"loc":{"start":{"line":200,"column":4},"end":{"line":200,"column":37}},"type":"if","locations":[{"start":{"line":200,"column":4},"end":{"line":200,"column":37}}]},"16":{"loc":{"start":{"line":203,"column":6},"end":{"line":206,"column":7}},"type":"if","locations":[{"start":{"line":203,"column":6},"end":{"line":206,"column":7}}]},"17":{"loc":{"start":{"line":205,"column":33},"end":{"line":205,"column":69}},"type":"binary-expr","locations":[{"start":{"line":205,"column":33},"end":{"line":205,"column":43}},{"start":{"line":205,"column":47},"end":{"line":205,"column":69}}]},"18":{"loc":{"start":{"line":258,"column":21},"end":{"line":258,"column":41}},"type":"default-arg","locations":[{"start":{"line":258,"column":39},"end":{"line":258,"column":41}}]},"19":{"loc":{"start":{"line":260,"column":4},"end":{"line":262,"column":5}},"type":"if","locations":[{"start":{"line":260,"column":4},"end":{"line":262,"column":5}}]},"20":{"loc":{"start":{"line":260,"column":8},"end":{"line":260,"column":39}},"type":"binary-expr","locations":[{"start":{"line":260,"column":8},"end":{"line":260,"column":20}},{"start":{"line":260,"column":24},"end":{"line":260,"column":39}}]},"21":{"loc":{"start":{"line":266,"column":6},"end":{"line":266,"column":71}},"type":"binary-expr","locations":[{"start":{"line":266,"column":6},"end":{"line":266,"column":29}},{"start":{"line":266,"column":33},"end":{"line":266,"column":66}},{"start":{"line":266,"column":70},"end":{"line":266,"column":71}}]},"22":{"loc":{"start":{"line":268,"column":6},"end":{"line":268,"column":73}},"type":"binary-expr","locations":[{"start":{"line":268,"column":6},"end":{"line":268,"column":30}},{"start":{"line":268,"column":34},"end":{"line":268,"column":68}},{"start":{"line":268,"column":72},"end":{"line":268,"column":73}}]},"23":{"loc":{"start":{"line":270,"column":4},"end":{"line":277,"column":5}},"type":"if","locations":[{"start":{"line":270,"column":4},"end":{"line":277,"column":5}}]},"24":{"loc":{"start":{"line":271,"column":6},"end":{"line":274,"column":23}},"type":"binary-expr","locations":[{"start":{"line":271,"column":6},"end":{"line":271,"column":23}},{"start":{"line":272,"column":6},"end":{"line":272,"column":24}},{"start":{"line":273,"column":6},"end":{"line":273,"column":22}},{"start":{"line":274,"column":6},"end":{"line":274,"column":23}}]},"25":{"loc":{"start":{"line":317,"column":4},"end":{"line":319,"column":5}},"type":"if","locations":[{"start":{"line":317,"column":4},"end":{"line":319,"column":5}}]}},"s":{"0":5,"1":9,"2":9,"3":9,"4":9,"5":9,"6":9,"7":9,"8":9,"9":9,"10":9,"11":9,"12":3,"13":3,"14":3,"15":0,"16":0,"17":3,"18":3,"19":3,"20":3,"21":3,"22":3,"23":3,"24":0,"25":3,"26":3,"27":0,"28":0,"29":0,"30":0,"31":0,"32":0,"33":0,"34":0,"35":9,"36":0,"37":0,"38":0,"39":0,"40":0,"41":0,"42":0,"43":0,"44":0,"45":0,"46":0,"47":0,"48":0,"49":0,"50":0,"51":0,"52":0,"53":0,"54":0,"55":0,"56":0,"57":0,"58":0,"59":0,"60":0,"61":0,"62":0,"63":0,"64":0,"65":0,"66":0,"67":0,"68":3,"69":3,"70":3,"71":0,"72":0,"73":0,"74":0,"75":0,"76":0,"77":0,"78":3,"79":0,"80":3,"81":6,"82":0,"83":0,"84":6,"85":3,"86":3,"87":3,"88":4,"89":4,"90":4,"91":4,"92":4,"93":4,"94":11,"95":11,"96":0,"97":0,"98":0,"99":0,"100":0,"101":0,"102":0,"103":0,"104":0,"105":0,"106":0,"107":0,"108":0,"109":0,"110":0,"111":0,"112":0,"113":0,"114":0,"115":0,"116":0,"117":0,"118":0,"119":0,"120":0,"121":0,"122":4,"123":4,"124":4,"125":4,"126":4,"127":0,"128":0,"129":0,"130":0,"131":0,"132":5},"f":{"0":9,"1":3,"2":0,"3":9,"4":0,"5":0,"6":0,"7":3,"8":0,"9":3,"10":6,"11":4,"12":11,"13":0,"14":0,"15":0,"16":4,"17":0},"b":{"0":[0],"1":[0],"2":[0],"3":[0],"4":[0],"5":[0,0],"6":[0],"7":[0],"8":[0,0],"9":[0],"10":[0,0],"11":[0],"12":[0],"13":[0],"14":[3],"15":[0],"16":[0],"17":[0,0],"18":[0],"19":[0],"20":[0,0],"21":[0,0,0],"22":[0,0,0],"23":[0],"24":[0,0,0,0],"25":[0]}}
,"/home/runner/work/vscode-visual-xml-schema-editor/vscode-visual-xml-schema-editor/webview-src/diagram/Diagram.test.ts": {"path":"/home/runner/work/vscode-visual-xml-schema-editor/vscode-visual-xml-schema-editor/webview-src/diagram/Diagram.test.ts","statementMap":{"0":{"start":{"line":5,"column":0},"end":{"line":5,"column":36}},"1":{"start":{"line":6,"column":0},"end":{"line":6,"column":44}},"2":{"start":{"line":7,"column":0},"end":{"line":7,"column":49}},"3":{"start":{"line":9,"column":0},"end":{"line":92,"column":3}},"4":{"start":{"line":12,"column":2},"end":{"line":14,"column":5}},"5":{"start":{"line":13,"column":4},"end":{"line":13,"column":28}},"6":{"start":{"line":16,"column":2},"end":{"line":26,"column":5}},"7":{"start":{"line":17,"column":4},"end":{"line":19,"column":7}},"8":{"start":{"line":18,"column":6},"end":{"line":18,"column":47}},"9":{"start":{"line":21,"column":4},"end":{"line":25,"column":7}},"10":{"start":{"line":22,"column":6},"end":{"line":22,"column":52}},"11":{"start":{"line":23,"column":6},"end":{"line":23,"column":55}},"12":{"start":{"line":24,"column":6},"end":{"line":24,"column":43}},"13":{"start":{"line":28,"column":2},"end":{"line":46,"column":5}},"14":{"start":{"line":29,"column":4},"end":{"line":36,"column":7}},"15":{"start":{"line":30,"column":19},"end":{"line":30,"column":90}},"16":{"start":{"line":32,"column":6},"end":{"line":32,"column":35}},"17":{"start":{"line":34,"column":6},"end":{"line":34,"column":51}},"18":{"start":{"line":35,"column":6},"end":{"line":35,"column":49}},"19":{"start":{"line":38,"column":4},"end":{"line":45,"column":7}},"20":{"start":{"line":39,"column":19},"end":{"line":39,"column":90}},"21":{"start":{"line":40,"column":25},"end":{"line":40,"column":38}},"22":{"start":{"line":42,"column":6},"end":{"line":42,"column":38}},"23":{"start":{"line":44,"column":6},"end":{"line":44,"column":44}},"24":{"start":{"line":48,"column":2},"end":{"line":68,"column":5}},"25":{"start":{"line":49,"column":4},"end":{"line":53,"column":7}},"26":{"start":{"line":50,"column":18},"end":{"line":50,"column":48}},"27":{"start":{"line":52,"column":6},"end":{"line":52,"column":63}},"28":{"start":{"line":55,"column":4},"end":{"line":67,"column":7}},"29":{"start":{"line":56,"column":19},"end":{"line":56,"column":90}},"30":{"start":{"line":57,"column":6},"end":{"line":57,"column":39}},"31":{"start":{"line":58,"column":6},"end":{"line":58,"column":45}},"32":{"start":{"line":59,"column":6},"end":{"line":59,"column":35}},"33":{"start":{"line":61,"column":18},"end":{"line":61,"column":48}},"34":{"start":{"line":63,"column":6},"end":{"line":63,"column":30}},"35":{"start":{"line":64,"column":6},"end":{"line":64,"column":28}},"36":{"start":{"line":65,"column":6},"end":{"line":65,"column":34}},"37":{"start":{"line":66,"column":6},"end":{"line":66,"column":34}},"38":{"start":{"line":70,"column":2},"end":{"line":91,"column":5}},"39":{"start":{"line":71,"column":4},"end":{"line":78,"column":7}},"40":{"start":{"line":72,"column":6},"end":{"line":72,"column":26}},"41":{"start":{"line":73,"column":19},"end":{"line":73,"column":59}},"42":{"start":{"line":75,"column":21},"end":{"line":75,"column":49}},"43":{"start":{"line":77,"column":6},"end":{"line":77,"column":72}},"44":{"start":{"line":80,"column":4},"end":{"line":90,"column":7}},"45":{"start":{"line":81,"column":6},"end":{"line":81,"column":26}},"46":{"start":{"line":82,"column":19},"end":{"line":82,"column":58}},"47":{"start":{"line":84,"column":21},"end":{"line":84,"column":49}},"48":{"start":{"line":86,"column":6},"end":{"line":86,"column":32}},"49":{"start":{"line":87,"column":6},"end":{"line":87,"column":32}},"50":{"start":{"line":88,"column":6},"end":{"line":88,"column":36}},"51":{"start":{"line":89,"column":6},"end":{"line":89,"column":37}}},"fnMap":{"0":{"name":"(anonymous_0)","decl":{"start":{"line":9,"column":20},"end":{"line":9,"column":23}},"loc":{"start":{"line":9,"column":25},"end":{"line":92,"column":1}}},"1":{"name":"(anonymous_1)","decl":{"start":{"line":12,"column":13},"end":{"line":12,"column":16}},"loc":{"start":{"line":12,"column":18},"end":{"line":14,"column":3}}},"2":{"name":"(anonymous_2)","decl":{"start":{"line":16,"column":26},"end":{"line":16,"column":29}},"loc":{"start":{"line":16,"column":31},"end":{"line":26,"column":3}}},"3":{"name":"(anonymous_3)","decl":{"start":{"line":17,"column":53},"end":{"line":17,"column":56}},"loc":{"start":{"line":17,"column":58},"end":{"line":19,"column":5}}},"4":{"name":"(anonymous_4)","decl":{"start":{"line":21,"column":50},"end":{"line":21,"column":53}},"loc":{"start":{"line":21,"column":55},"end":{"line":25,"column":5}}},"5":{"name":"(anonymous_5)","decl":{"start":{"line":28,"column":29},"end":{"line":28,"column":32}},"loc":{"start":{"line":28,"column":34},"end":{"line":46,"column":3}}},"6":{"name":"(anonymous_6)","decl":{"start":{"line":29,"column":46},"end":{"line":29,"column":49}},"loc":{"start":{"line":29,"column":51},"end":{"line":36,"column":5}}},"7":{"name":"(anonymous_7)","decl":{"start":{"line":38,"column":54},"end":{"line":38,"column":57}},"loc":{"start":{"line":38,"column":59},"end":{"line":45,"column":5}}},"8":{"name":"(anonymous_8)","decl":{"start":{"line":48,"column":35},"end":{"line":48,"column":38}},"loc":{"start":{"line":48,"column":40},"end":{"line":68,"column":3}}},"9":{"name":"(anonymous_9)","decl":{"start":{"line":49,"column":55},"end":{"line":49,"column":58}},"loc":{"start":{"line":49,"column":60},"end":{"line":53,"column":5}}},"10":{"name":"(anonymous_10)","decl":{"start":{"line":55,"column":53},"end":{"line":55,"column":56}},"loc":{"start":{"line":55,"column":58},"end":{"line":67,"column":5}}},"11":{"name":"(anonymous_11)","decl":{"start":{"line":70,"column":29},"end":{"line":70,"column":32}},"loc":{"start":{"line":70,"column":34},"end":{"line":91,"column":3}}},"12":{"name":"(anonymous_12)","decl":{"start":{"line":71,"column":44},"end":{"line":71,"column":47}},"loc":{"start":{"line":71,"column":49},"end":{"line":78,"column":5}}},"13":{"name":"(anonymous_13)","decl":{"start":{"line":80,"column":37},"end":{"line":80,"column":40}},"loc":{"start":{"line":80,"column":42},"end":{"line":90,"column":5}}}},"branchMap":{},"s":{"0":0,"1":0,"2":0,"3":0,"4":0,"5":0,"6":0,"7":0,"8":0,"9":0,"10":0,"11":0,"12":0,"13":0,"14":0,"15":0,"16":0,"17":0,"18":0,"19":0,"20":0,"21":0,"22":0,"23":0,"24":0,"25":0,"26":0,"27":0,"28":0,"29":0,"30":0,"31":0,"32":0,"33":0,"34":0,"35":0,"36":0,"37":0,"38":0,"39":0,"40":0,"41":0,"42":0,"43":0,"44":0,"45":0,"46":0,"47":0,"48":0,"49":0,"50":0,"51":0},"f":{"0":0,"1":0,"2":0,"3":0,"4":0,"5":0,"6":0,"7":0,"8":0,"9":0,"10":0,"11":0,"12":0,"13":0},"b":{}}
,"/home/runner/work/vscode-visual-xml-schema-editor/vscode-visual-xml-schema-editor/webview-src/diagram/Diagram.ts": {"path":"/home/runner/work/vscode-visual-xml-schema-editor/vscode-visual-xml-schema-editor/webview-src/diagram/Diagram.ts","statementMap":{"0":{"start":{"line":8,"column":0},"end":{"line":8,"column":null}},"1":{"start":{"line":20,"column":9},"end":{"line":20,"column":42}},"2":{"start":{"line":23,"column":9},"end":{"line":23,"column":46}},"3":{"start":{"line":26,"column":9},"end":{"line":26,"column":51}},"4":{"start":{"line":29,"column":9},"end":{"line":29,"column":70}},"5":{"start":{"line":32,"column":9},"end":{"line":32,"column":29}},"6":{"start":{"line":35,"column":9},"end":{"line":35,"column":44}},"7":{"start":{"line":38,"column":9},"end":{"line":38,"column":47}},"8":{"start":{"line":41,"column":9},"end":{"line":41,"column":35}},"9":{"start":{"line":44,"column":9},"end":{"line":44,"column":58}},"10":{"start":{"line":58,"column":4},"end":{"line":58,"column":27}},"11":{"start":{"line":59,"column":4},"end":{"line":59,"column":36}},"12":{"start":{"line":70,"column":4},"end":{"line":73,"column":5}},"13":{"start":{"line":71,"column":6},"end":{"line":71,"column":61}},"14":{"start":{"line":72,"column":6},"end":{"line":72,"column":30}},"15":{"start":{"line":75,"column":15},"end":{"line":75,"column":31}},"16":{"start":{"line":76,"column":15},"end":{"line":76,"column":31}},"17":{"start":{"line":77,"column":15},"end":{"line":77,"column":31}},"18":{"start":{"line":78,"column":15},"end":{"line":78,"column":31}},"19":{"start":{"line":80,"column":4},"end":{"line":86,"column":5}},"20":{"start":{"line":81,"column":21},"end":{"line":81,"column":48}},"21":{"start":{"line":82,"column":6},"end":{"line":82,"column":38}},"22":{"start":{"line":83,"column":6},"end":{"line":83,"column":38}},"23":{"start":{"line":84,"column":6},"end":{"line":84,"column":53}},"24":{"start":{"line":85,"column":6},"end":{"line":85,"column":54}},"25":{"start":{"line":88,"column":4},"end":{"line":93,"column":6}},"26":{"start":{"line":95,"column":4},"end":{"line":95,"column":28}},"27":{"start":{"line":106,"column":4},"end":{"line":111,"column":6}},"28":{"start":{"line":18,"column":0},"end":{"line":18,"column":13}}},"fnMap":{"0":{"name":"(anonymous_0)","decl":{"start":{"line":49,"column":2},"end":{"line":49,"column":17}},"loc":{"start":{"line":49,"column":2},"end":{"line":49,"column":18}}},"1":{"name":"(anonymous_1)","decl":{"start":{"line":57,"column":9},"end":{"line":57,"column":23}},"loc":{"start":{"line":57,"column":44},"end":{"line":60,"column":3}}},"2":{"name":"(anonymous_2)","decl":{"start":{"line":69,"column":9},"end":{"line":69,"column":29}},"loc":{"start":{"line":69,"column":29},"end":{"line":96,"column":3}}},"3":{"name":"(anonymous_3)","decl":{"start":{"line":105,"column":9},"end":{"line":105,"column":23}},"loc":{"start":{"line":105,"column":39},"end":{"line":112,"column":3}}}},"branchMap":{"0":{"loc":{"start":{"line":70,"column":4},"end":{"line":73,"column":5}},"type":"if","locations":[{"start":{"line":70,"column":4},"end":{"line":73,"column":5}}]}},"s":{"0":11,"1":54,"2":54,"3":54,"4":54,"5":54,"6":54,"7":54,"8":54,"9":54,"10":10,"11":10,"12":5,"13":1,"14":1,"15":4,"16":4,"17":4,"18":4,"19":4,"20":4,"21":4,"22":4,"23":4,"24":4,"25":4,"26":4,"27":2,"28":11},"f":{"0":54,"1":10,"2":5,"3":2},"b":{"0":[1]}}
[...]
n":6}},"48":{"start":{"line":142,"column":2},"end":{"line":148,"column":3}},"49":{"start":{"line":147,"column":4},"end":{"line":147,"column":11}},"50":{"start":{"line":151,"column":4},"end":{"line":151,"column":67}},"51":{"start":{"line":152,"column":20},"end":{"line":152,"column":60}},"52":{"start":{"line":153,"column":20},"end":{"line":153,"column":56}},"53":{"start":{"line":155,"column":2},"end":{"line":161,"column":4}}},"fnMap":{"0":{"name":"renderText","decl":{"start":{"line":18,"column":16},"end":{"line":18,"column":26}},"loc":{"start":{"line":21,"column":20},"end":{"line":45,"column":1}}},"1":{"name":"truncateText","decl":{"start":{"line":55,"column":16},"end":{"line":55,"column":28}},"loc":{"start":{"line":59,"column":20},"end":{"line":106,"column":1}}},"2":{"name":"renderDocumentation","decl":{"start":{"line":113,"column":16},"end":{"line":113,"column":35}},"loc":{"start":{"line":115,"column":19},"end":{"line":134,"column":1}}},"3":{"name":"renderOccurrence","decl":{"start":{"line":141,"column":16},"end":{"line":141,"column":32}},"loc":{"start":{"line":141,"column":69},"end":{"line":162,"column":1}}}},"branchMap":{"0":{"loc":{"start":{"line":28,"column":2},"end":{"line":30,"column":3}},"type":"if","locations":[{"start":{"line":28,"column":2},"end":{"line":30,"column":3}}]},"1":{"loc":{"start":{"line":28,"column":6},"end":{"line":28,"column":41}},"type":"binary-expr","locations":[{"start":{"line":28,"column":6},"end":{"line":28,"column":28}},{"start":{"line":28,"column":32},"end":{"line":28,"column":41}}]},"2":{"loc":{"start":{"line":34,"column":19},"end":{"line":34,"column":53}},"type":"binary-expr","locations":[{"start":{"line":34,"column":19},"end":{"line":34,"column":47}},{"start":{"line":34,"column":51},"end":{"line":34,"column":53}}]},"3":{"loc":{"start":{"line":43,"column":4},"end":{"line":43,"column":59}},"type":"cond-expr","locations":[{"start":{"line":43,"column":36},"end":{"line":43,"column":47}},{"start":{"line":43,"column":50},"end":{"line":43,"column":59}}]},"4":{"loc":{"start":{"line":69,"column":6},"end":{"line":69,"column":null}},"type":"binary-expr","locations":[{"start":{"line":69,"column":6},"end":{"line":69,"column":26}},{"start":{"line":69,"column":30},"end":{"line":69,"column":null}}]},"5":{"loc":{"start":{"line":79,"column":2},"end":{"line":81,"column":3}},"type":"if","locations":[{"start":{"line":79,"column":2},"end":{"line":81,"column":3}}]},"6":{"loc":{"start":{"line":97,"column":4},"end":{"line":102,"column":5}},"type":"if","locations":[{"start":{"line":97,"column":4},"end":{"line":102,"column":5}},{"start":{"line":100,"column":11},"end":{"line":102,"column":5}}]},"7":{"loc":{"start":{"line":118,"column":2},"end":{"line":118,"column":62}},"type":"if","locations":[{"start":{"line":118,"column":2},"end":{"line":118,"column":62}}]},"8":{"loc":{"start":{"line":118,"column":6},"end":{"line":118,"column":53}},"type":"binary-expr","locations":[{"start":{"line":118,"column":6},"end":{"line":118,"column":27}},{"start":{"line":118,"column":31},"end":{"line":118,"column":53}}]},"9":{"loc":{"start":{"line":122,"column":21},"end":{"line":122,"column":67}},"type":"binary-expr","locations":[{"start":{"line":122,"column":21},"end":{"line":122,"column":62}},{"start":{"line":122,"column":66},"end":{"line":122,"column":67}}]},"10":{"loc":{"start":{"line":142,"column":2},"end":{"line":148,"column":3}},"type":"if","locations":[{"start":{"line":142,"column":2},"end":{"line":148,"column":3}}]},"11":{"loc":{"start":{"line":143,"column":4},"end":{"line":145,"column":28}},"type":"binary-expr","locations":[{"start":{"line":143,"column":4},"end":{"line":143,"column":39}},{"start":{"line":144,"column":4},"end":{"line":144,"column":27}},{"start":{"line":145,"column":4},"end":{"line":145,"column":28}}]},"12":{"loc":{"start":{"line":151,"column":4},"end":{"line":151,"column":67}},"type":"cond-expr","locations":[{"start":{"line":151,"column":32},"end":{"line":151,"column":35}},{"start":{"line":151,"column":38},"end":{"line":151,"column":67}}]}},"s":{"0":6,"1":6,"2":6,"3":6,"4":6,"5":6,"6":10,"7":10,"8":10,"9":10,"10":10,"11":1,"12":10,"13":10,"14":10,"15":0,"16":15,"17":15,"18":15,"19":15,"20":15,"21":0,"22":0,"23":0,"24":0,"25":0,"26":0,"27":0,"28":0,"29":0,"30":0,"31":0,"32":0,"33":0,"34":0,"35":0,"36":0,"37":0,"38":0,"39":6,"40":6,"41":2,"42":4,"43":4,"44":4,"45":4,"46":8,"47":8,"48":6,"49":1,"50":5,"51":5,"52":5,"53":5},"f":{"0":10,"1":15,"2":6,"3":6},"b":{"0":[1],"1":[10,1],"2":[10,0],"3":[0,0],"4":[15,15],"5":[0],"6":[0,0],"7":[2],"8":[6,5],"9":[4,0],"10":[1],"11":[6,5,4],"12":[2,3]}}
,"/home/runner/work/vscode-visual-xml-schema-editor/vscode-visual-xml-schema-editor/webview-src/diagram/TypeNodeCreators.test.ts": {"path":"/home/runner/work/vscode-visual-xml-schema-editor/vscode-visual-xml-schema-editor/webview-src/diagram/TypeNodeCreators.test.ts","statementMap":{"0":{"start":{"line":5,"column":0},"end":{"line":5,"column":null}},"1":{"start":{"line":10,"column":0},"end":{"line":10,"column":36}},"2":{"start":{"line":11,"column":0},"end":{"line":11,"column":49}},"3":{"start":{"line":12,"column":0},"end":{"line":12,"column":57}},"4":{"start":{"line":14,"column":0},"end":{"line":146,"column":3}},"5":{"start":{"line":17,"column":2},"end":{"line":20,"column":5}},"6":{"start":{"line":18,"column":4},"end":{"line":18,"column":28}},"7":{"start":{"line":19,"column":4},"end":{"line":19,"column":21}},"8":{"start":{"line":22,"column":2},"end":{"line":80,"column":5}},"9":{"start":{"line":23,"column":4},"end":{"line":25,"column":7}},"10":{"start":{"line":24,"column":6},"end":{"line":24,"column":63}},"11":{"start":{"line":27,"column":4},"end":{"line":29,"column":7}},"12":{"start":{"line":28,"column":6},"end":{"line":28,"column":56}},"13":{"start":{"line":31,"column":4},"end":{"line":38,"column":7}},"14":{"start":{"line":32,"column":22},"end":{"line":32,"column":45}},"15":{"start":{"line":33,"column":19},"end":{"line":33,"column":54}},"16":{"start":{"line":35,"column":6},"end":{"line":35,"column":34}},"17":{"start":{"line":36,"column":6},"end":{"line":36,"column":45}},"18":{"start":{"line":37,"column":6},"end":{"line":37,"column":59}},"19":{"start":{"line":40,"column":4},"end":{"line":45,"column":7}},"20":{"start":{"line":41,"column":22},"end":{"line":41,"column":62}},"21":{"start":{"line":42,"column":19},"end":{"line":42,"column":54}},"22":{"start":{"line":44,"column":6},"end":{"line":44,"column":40}},"23":{"start":{"line":47,"column":4},"end":{"line":55,"column":7}},"24":{"start":{"line":48,"column":22},"end":{"line":51,"column":8}},"25":{"start":{"line":52,"column":19},"end":{"line":52,"column":54}},"26":{"start":{"line":54,"column":6},"end":{"line":54,"column":60}},"27":{"start":{"line":57,"column":4},"end":{"line":67,"column":7}},"28":{"start":{"line":58,"column":22},"end":{"line":63,"column":8}},"29":{"start":{"line":64,"column":19},"end":{"line":64,"column":54}},"30":{"start":{"line":66,"column":6},"end":{"line":66,"column":51}},"31":{"start":{"line":69,"column":4},"end":{"line":79,"column":7}},"32":{"start":{"line":70,"column":22},"end":{"line":74,"column":8}},"33":{"start":{"line":75,"column":19},"end":{"line":75,"column":54}},"34":{"start":{"line":77,"column":6},"end":{"line":77,"column":42}},"35":{"start":{"line":78,"column":6},"end":{"line":78,"column":43}},"36":{"start":{"line":82,"column":2},"end":{"line":112,"column":5}},"37":{"start":{"line":83,"column":4},"end":{"line":85,"column":7}},"38":{"start":{"line":84,"column":6},"end":{"line":84,"column":67}},"39":{"start":{"line":87,"column":4},"end":{"line":89,"column":7}},"40":{"start":{"line":88,"column":6},"end":{"line":88,"column":60}},"41":{"start":{"line":91,"column":4},"end":{"line":99,"column":7}},"42":{"start":{"line":92,"column":26},"end":{"line":92,"column":48}},"43":{"start":{"line":93,"column":19},"end":{"line":93,"column":62}},"44":{"start":{"line":95,"column":6},"end":{"line":95,"column":34}},"45":{"start":{"line":96,"column":6},"end":{"line":96,"column":44}},"46":{"start":{"line":97,"column":6},"end":{"line":97,"column":56}},"47":{"start":{"line":98,"column":6},"end":{"line":98,"column":45}},"48":{"start":{"line":101,"column":4},"end":{"line":111,"column":7}},"49":{"start":{"line":102,"column":26},"end":{"line":107,"column":8}},"50":{"start":{"line":108,"column":19},"end":{"line":108,"column":62}},"51":{"start":{"line":110,"column":6},"end":{"line":110,"column":56}},"52":{"start":{"line":114,"column":2},"end":{"line":145,"column":5}},"53":{"start":{"line":115,"column":4},"end":{"line":117,"column":7}},"54":{"start":{"line":116,"column":6},"end":{"line":116,"column":66}},"55":{"start":{"line":119,"column":4},"end":{"line":121,"column":7}},"56":{"start":{"line":120,"column":6},"end":{"line":120,"column":59}},"57":{"start":{"line":123,"column":4},"end":{"line":132,"column":7}},"58":{"start":{"line":124,"column":25},"end":{"line":124,"column":44}},"59":{"start":{"line":125,"column":19},"end":{"line":125,"column":60}},"60":{"start":{"line":127,"column":6},"end":{"line":127,"column":34}},"61":{"start":{"line":128,"column":6},"end":{"line":128,"column":41}},"62":{"start":{"line":129,"column":6},"end":{"line":129,"column":56}},"63":{"start":{"line":130,"column":6},"end":{"line":130,"column":44}},"64":{"start":{"line":131,"column":6},"end":{"line":131,"column":47}},"65":{"start":{"line":134,"column":4},"end":{"line":144,"column":7}},"66":{"start":{"line":135,"column":25},"end":{"line":140,"column":8}},"67":{"start":{"line":141,"column":19},"end":{"line":141,"column":60}},"68":{"start":{"line":143,"column":6},"end":{"line":143,"column":58}}},"fnMap":{"0":{"name":"(anonymous_0)","decl":{"start":{"line":14,"column":29},"end":{"line":14,"column":32}},"loc":{"start":{"line":14,"column":34},"end":{"line":146,"column":1}}},"1":{"name":"(anonymous_1)","decl":{"start":{"line":17,"column":13},"end":{"line":17,"column":16}},"loc":{"start":{"line":17,"column":18},"end":{"line":20,"column":3}}},"2":{"name":"(anonymous_2)","decl":{"start":{"line":22,"column":32},"end":{"line":22,"column":35}},"loc":{"start":{"line":22,"column":37},"end":{"line":80,"column":3}}},"3":{"name":"(anonymous_3)","decl":{"start":{"line":23,"column":51},"end":{"line":23,"column":54}},"loc":{"start":{"line":23,"column":56},"end":{"line":25,"column":5}}},"4":{"name":"(anonymous_4)","decl":{"start":{"line":27,"column":54},"end":{"line":27,"column":57}},"loc":{"start":{"line":27,"column":59},"end":{"line":29,"column":5}}},"5":{"name":"(anonymous_5)","decl":{"start":{"line":31,"column":47},"end":{"line":31,"column":50}},"loc":{"start":{"line":31,"column":52},"end":{"line":38,"column":5}}},"6":{"name":"(anonymous_6)","decl":{"start":{"line":40,"column":42},"end":{"line":40,"column":45}},"loc":{"start":{"line":40,"column":47},"end":{"line":45,"column":5}}},"7":{"name":"(anonymous_7)","decl":{"start":{"line":47,"column":35},"end":{"line":47,"column":38}},"loc":{"start":{"line":47,"column":40},"end":{"line":55,"column":5}}},"8":{"name":"(anonymous_8)","decl":{"start":{"line":57,"column":55},"end":{"line":57,"column":58}},"loc":{"start":{"line":57,"column":60},"end":{"line":67,"column":5}}},"9":{"name":"(anonymous_9)","decl":{"start":{"line":69,"column":48},"end":{"line":69,"column":51}},"loc":{"start":{"line":69,"column":53},"end":{"line":79,"column":5}}},"10":{"name":"(anonymous_10)","decl":{"start":{"line":82,"column":36},"end":{"line":82,"column":39}},"loc":{"start":{"line":82,"column":41},"end":{"line":112,"column":3}}},"11":{"name":"(anonymous_11)","decl":{"start":{"line":83,"column":48},"end":{"line":83,"column":51}},"loc":{"start":{"line":83,"column":53},"end":{"line":85,"column":5}}},"12":{"name":"(anonymous_12)","decl":{"start":{"line":87,"column":51},"end":{"line":87,"column":54}},"loc":{"start":{"line":87,"column":56},"end":{"line":89,"column":5}}},"13":{"name":"(anonymous_13)","decl":{"start":{"line":91,"column":42},"end":{"line":91,"column":45}},"loc":{"start":{"line":91,"column":47},"end":{"line":99,"column":5}}},"14":{"name":"(anonymous_14)","decl":{"start":{"line":101,"column":39},"end":{"line":101,"column":42}},"loc":{"start":{"line":101,"column":44},"end":{"line":111,"column":5}}},"15":{"name":"(anonymous_15)","decl":{"start":{"line":114,"column":35},"end":{"line":114,"column":38}},"loc":{"start":{"line":114,"column":40},"end":{"line":145,"column":3}}},"16":{"name":"(anonymous_16)","decl":{"start":{"line":115,"column":48},"end":{"line":115,"column":51}},"loc":{"start":{"line":115,"column":53},"end":{"line":117,"column":5}}},"17":{"name":"(anonymous_17)","decl":{"start":{"line":119,"column":51},"end":{"line":119,"column":54}},"loc":{"start":{"line":119,"column":56},"end":{"line":121,"column":5}}},"18":{"name":"(anonymous_18)","decl":{"start":{"line":123,"column":41},"end":{"line":123,"column":44}},"loc":{"start":{"line":123,"column":46},"end":{"line":132,"column":5}}},"19":{"name":"(anonymous_19)","decl":{"start":{"line":134,"column":39},"end":{"line":134,"column":42}},"loc":{"start":{"line":134,"column":44},"end":{"line":144,"column":5}}}},"branchMap":{},"s":{"0":0,"1":0,"2":0,"3":0,"4":0,"5":0,"6":0,"7":0,"8":0,"9":0,"10":0,"11":0,"12":0,"13":0,"14":0,"15":0,"16":0,"17":0,"18":0,"19":0,"20":0,"21":0,"22":0,"23":0,"24":0,"25":0,"26":0,"27":0,"28":0,"29":0,"30":0,"31":0,"32":0,"33":0,"34":0,"35":0,"36":0,"37":0,"38":0,"39":0,"40":0,"41":0,"42":0,"43":0,"44":0,"45":0,"46":0,"47":0,"48":0,"49":0,"50":0,"51":0,"52":0,"53":0,"54":0,"55":0,"56":0,"57":0,"58":0,"59":0,"60":0,"61":0,"62":0,"63":0,"64":0,"65":0,"66":0,"67":0,"68":0},"f":{"0":0,"1":0,"2":0,"3":0,"4":0,"5":0,"6":0,"7":0,"8":0,"9":0,"10":0,"11":0,"12":0,"13":0,"14":0,"15":0,"16":0,"17":0,"18":0,"19":0},"b":{}}
,"/home/runner/work/vscode-visual-xml-schema-editor/vscode-visual-xml-schema-editor/webview-src/diagram/TypeNodeCreators.ts": {"path":"/home/runner/work/vscode-visual-xml-schema-editor/vscode-visual-xml-schema-editor/webview-src/diagram/TypeNodeCreators.ts","statementMap":{"0":{"start":{"line":23,"column":0},"end":{"line":23,"column":16}},"1":{"start":{"line":65,"column":0},"end":{"line":65,"column":16}},"2":{"start":{"line":96,"column":0},"end":{"line":96,"column":16}},"3":{"start":{"line":7,"column":0},"end":{"line":7,"column":44}},"4":{"start":{"line":8,"column":0},"end":{"line":8,"column":49}},"5":{"start":{"line":9,"column":0},"end":{"line":9,"column":null}},"6":{"start":{"line":27,"column":2},"end":{"line":29,"column":3}},"7":{"start":{"line":28,"column":4},"end":{"line":28,"column":16}},"8":{"start":{"line":31,"column":15},"end":{"line":35,"column":null}},"9":{"start":{"line":39,"column":2},"end":{"line":41,"column":3}},"10":{"start":{"line":40,"column":4},"end":{"line":40,"column":41}},"11":{"start":{"line":44,"column":2},"end":{"line":46,"column":3}},"12":{"start":{"line":45,"column":4},"end":{"line":45,"column":56}},"13":{"start":{"line":49,"column":2},"end":{"line":49,"column":70}},"14":{"start":{"line":52,"column":2},"end":{"line":52,"column":46}},"15":{"start":{"line":54,"column":2},"end":{"line":54,"column":14}},"16":{"start":{"line":69,"column":2},"end":{"line":71,"column":3}},"17":{"start":{"line":70,"column":4},"end":{"line":70,"column":16}},"18":{"start":{"line":73,"column":15},"end":{"line":77,"column":null}},"19":{"start":{"line":80,"column":2},"end":{"line":80,"column":28}},"20":{"start":{"line":83,"column":2},"end":{"line":83,"column":74}},"21":{"start":{"line":85,"column":2},"end":{"line":85,"column":14}},"22":{"start":{"line":100,"column":2},"end":{"line":102,"column":3}},"23":{"start":{"line":101,"column":4},"end":{"line":101,"column":16}},"24":{"start":{"line":104,"column":15},"end":{"line":108,"column":null}},"25":{"start":{"line":111,"column":2},"end":{"line":111,"column":27}},"26":{"start":{"line":112,"column":2},"end":{"line":112,"column":30}},"27":{"start":{"line":115,"column":2},"end":{"line":115,"column":73}},"28":{"start":{"line":117,"column":2},"end":{"line":117,"column":14}}},"fnMap":{"0":{"name":"createElementNode","decl":{"start":{"line":23,"column":16},"end":{"line":23,"column":33}},"loc":{"start":{"line":25,"column":18},"end":{"line":55,"column":1}}},"1":{"name":"createComplexTypeNode","decl":{"start":{"line":65,"column":16},"end":{"line":65,"column":37}},"loc":{"start":{"line":67,"column":18},"end":{"line":86,"column":1}}},"2":{"name":"createSimpleTypeNode","decl":{"start":{"line":96,"column":16},"end":{"line":96,"column":36}},"loc":{"start":{"line":98,"column":18},"end":{"line":118,"column":1}}}},"branchMap":{"0":{"loc":{"start":{"line":27,"column":2},"end":{"line":29,"column":3}},"type":"if","locations":[{"start":{"line":27,"column":2},"end":{"line":29,"column":3}}]},"1":{"loc":{"start":{"line":27,"column":6},"end":{"line":27,"column":31}},"type":"binary-expr","locations":[{"start":{"line":27,"column":6},"end":{"line":27,"column":14}},{"start":{"line":27,"column":18},"end":{"line":27,"column":31}}]},"2":{"loc":{"start":{"line":39,"column":2},"end":{"line":41,"column":3}},"type":"if","locations":[{"start":{"line":39,"column":2},"end":{"line":41,"column":3}}]},"3":{"loc":{"start":{"line":44,"column":2},"end":{"line":46,"column":3}},"type":"if","locations":[{"start":{"line":44,"column":2},"end":{"line":46,"column":3}}]},"4":{"loc":{"start":{"line":49,"column":23},"end":{"line":49,"column":69}},"type":"binary-expr","locations":[{"start":{"line":49,"column":23},"end":{"line":49,"column":63}},{"start":{"line":49,"column":67},"end":{"line":49,"column":69}}]},"5":{"loc":{"start":{"line":69,"column":2},"end":{"line":71,"column":3}},"type":"if","locations":[{"start":{"line":69,"column":2},"end":{"line":71,"column":3}}]},"6":{"loc":{"start":{"line":69,"column":6},"end":{"line":69,"column":39}},"type":"binary-expr","locations":[{"start":{"line":69,"column":6},"end":{"line":69,"column":18}},{"start":{"line":69,"column":22},"end":{"line":69,"column":39}}]},"7":{"loc":{"start":{"line":83,"column":23},"end":{"line":83,"column":73}},"type":"binary-expr","locations":[{"start":{"line":83,"column":23},"end":{"line":83,"column":67}},{"start":{"line":83,"column":71},"end":{"line":83,"column":73}}]},"8":{"loc":{"start":{"line":100,"column":2},"end":{"line":102,"column":3}},"type":"if","locations":[{"start":{"line":100,"column":2},"end":{"line":102,"column":3}}]},"9":{"loc":{"start":{"line":100,"column":6},"end":{"line":100,"column":37}},"type":"binary-expr","locations":[{"start":{"line":100,"column":6},"end":{"line":100,"column":17}},{"start":{"line":100,"column":21},"end":{"line":100,"column":37}}]},"10":{"loc":{"start":{"line":115,"column":23},"end":{"line":115,"column":72}},"type":"binary-expr","locations":[{"start":{"line":115,"column":23},"end":{"line":115,"column":66}},{"start":{"line":115,"column":70},"end":{"line":115,"column":72}}]}},"s":{"0":7,"1":7,"2":7,"3":7,"4":7,"5":7,"6":11,"7":2,"8":9,"9":9,"10":4,"11":9,"12":1,"13":9,"14":9,"15":9,"16":5,"17":2,"18":3,"19":3,"20":3,"21":3,"22":4,"23":2,"24":2,"25":2,"26":2,"27":2,"28":2},"f":{"0":11,"1":5,"2":4},"b":{"0":[2],"1":[11,10],"2":[4],"3":[1],"4":[9,8],"5":[2],"6":[5,4],"7":[3,2],"8":[2],"9":[4,3],"10":[2,1]}}
,"/home/runner/work/vscode-visual-xml-schema-editor/vscode-visual-xml-schema-editor/webview-src/diagram/index.ts": {"path":"/home/runner/work/vscode-visual-xml-schema-editor/vscode-visual-xml-schema-editor/webview-src/diagram/index.ts","statementMap":{"0":{"start":{"line":6,"column":0},"end":{"line":6,"column":31}},"1":{"start":{"line":7,"column":0},"end":{"line":7,"column":30}},"2":{"start":{"line":8,"column":0},"end":{"line":8,"column":26}},"3":{"start":{"line":9,"column":0},"end":{"line":9,"column":33}},"4":{"start":{"line":10,"column":0},"end":{"line":10,"column":40}},"5":{"start":{"line":11,"column":0},"end":{"line":11,"column":35}},"6":{"start":{"line":12,"column":0},"end":{"line":12,"column":35}},"7":{"start":{"line":13,"column":0},"end":{"line":13,"column":32}},"8":{"start":{"line":14,"column":0},"end":{"line":14,"column":37}}},"fnMap":{},"branchMap":{},"s":{"0":5,"1":5,"2":5,"3":5,"4":5,"5":5,"6":5,"7":5,"8":5},"f":{},"b":{}}
}
