TN:
SF:shared/types.ts
FN:10,(anonymous_4)
FNF:1
FNH:0
FNDA:0,(anonymous_4)
DA:7,0
DA:10,0
DA:13,0
DA:16,0
LF:4
LH:0
BRF:0
BRH:0
end_of_record
TN:
SF:shared/commands/index.ts
FNF:0
FNH:0
DA:7,0
DA:10,0
DA:11,0
DA:12,0
DA:13,0
DA:14,0
DA:15,0
LF:7
LH:0
BRF:0
BRH:0
end_of_record
TN:
SF:src/extension.test.ts
FN:8,(anonymous_9)
FN:15,(anonymous_10)
FN:25,(anonymous_11)
FN:26,(anonymous_12)
FN:41,(anonymous_13)
FN:50,(anonymous_14)
FN:57,(anonymous_15)
FN:58,(anonymous_16)
FN:63,(anonymous_17)
FN:81,(anonymous_18)
FN:85,(anonymous_19)
FN:101,(anonymous_20)
FN:102,(anonymous_21)
FN:103,(anonymous_22)
FNF:14
FNH:0
FNDA:0,(anonymous_9)
FNDA:0,(anonymous_10)
FNDA:0,(anonymous_11)
FNDA:0,(anonymous_12)
FNDA:0,(anonymous_13)
FNDA:0,(anonymous_14)
FNDA:0,(anonymous_15)
FNDA:0,(anonymous_16)
FNDA:0,(anonymous_17)
FNDA:0,(anonymous_18)
FNDA:0,(anonymous_19)
FNDA:0,(anonymous_20)
FNDA:0,(anonymous_21)
FNDA:0,(anonymous_22)
DA:5,0
DA:6,0
DA:8,0
DA:11,0
DA:15,0
DA:17,0
DA:20,0
DA:25,0
DA:26,0
DA:27,0
DA:29,0
DA:41,0
DA:42,0
DA:44,0
DA:50,0
DA:51,0
DA:53,0
DA:57,0
DA:58,0
DA:59,0
DA:62,0
DA:63,0
DA:66,0
DA:67,0
DA:71,0
DA:72,0
DA:74,0
DA:81,0
DA:82,0
DA:84,0
DA:85,0
DA:88,0
DA:89,0
DA:92,0
DA:93,0
DA:95,0
DA:101,0
DA:102,0
DA:103,0
LF:39
LH:0
BRDA:66,0,0,0
BRDA:88,1,0,0
BRF:2
BRH:0
end_of_record
TN:
SF:src/extension.ts
FN:10,activate
FN:31,(anonymous_10)
FN:63,deactivate
FNF:3
FNH:0
FNDA:0,activate
FNDA:0,(anonymous_10)
FNDA:0,deactivate
DA:1,0
DA:2,0
DA:10,0
DA:12,0
DA:14,0
DA:28,0
DA:34,0
DA:36,0
DA:37,0
DA:38,0
DA:39,0
DA:43,0
DA:44,0
DA:50,0
DA:63,0
LF:15
LH:0
BRDA:36,0,0,0
BRDA:38,1,0,0
BRDA:38,2,0,0
BRDA:38,2,1,0
BRDA:43,3,0,0
BRDA:43,3,1,0
BRDA:43,4,0,0
BRDA:43,4,1,0
BRF:8
BRH:0
end_of_record
TN:
SF:src/webviewProvider.test.ts
FN:10,(anonymous_9)
FN:12,(anonymous_10)
FN:19,(anonymous_11)
FN:41,(anonymous_12)
FN:42,(anonymous_13)
FN:48,(anonymous_14)
FN:49,(anonymous_15)
FN:53,(anonymous_16)
FN:58,(anonymous_17)
FN:59,(anonymous_18)
FN:69,(anonymous_19)
FN:80,(anonymous_20)
FN:90,(anonymous_21)
FNF:13
FNH:0
FNDA:0,(anonymous_9)
FNDA:0,(anonymous_10)
FNDA:0,(anonymous_11)
FNDA:0,(anonymous_12)
FNDA:0,(anonymous_13)
FNDA:0,(anonymous_14)
FNDA:0,(anonymous_15)
FNDA:0,(anonymous_16)
FNDA:0,(anonymous_17)
FNDA:0,(anonymous_18)
FNDA:0,(anonymous_19)
FNDA:0,(anonymous_20)
FNDA:0,(anonymous_21)
DA:5,0
DA:6,0
DA:9,0
DA:10,0
DA:12,0
DA:19,0
DA:20,0
DA:22,0
DA:27,0
DA:35,0
DA:40,0
DA:41,0
DA:42,0
DA:45,0
DA:48,0
DA:49,0
DA:50,0
DA:53,0
DA:54,0
DA:58,0
DA:59,0
DA:60,0
DA:66,0
DA:69,0
DA:70,0
DA:76,0
DA:77,0
DA:80,0
DA:81,0
DA:87,0
DA:90,0
DA:91,0
DA:97,0
LF:33
LH:0
BRF:0
BRH:0
end_of_record
TN:
SF:src/webviewProvider.ts
FN:18,(anonymous_9)
FN:28,(anonymous_10)
FN:44,(anonymous_11)
FN:53,(anonymous_12)
FN:59,(anonymous_13)
FN:71,(anonymous_14)
FN:108,(anonymous_15)
FN:127,(anonymous_16)
FN:146,(anonymous_17)
FN:191,(anonymous_18)
FNF:10
FNH:0
FNDA:0,(anonymous_9)
FNDA:0,(anonymous_10)
FNDA:0,(anonymous_11)
FNDA:0,(anonymous_12)
FNDA:0,(anonymous_13)
FNDA:0,(anonymous_14)
FNDA:0,(anonymous_15)
FNDA:0,(anonymous_16)
FNDA:0,(anonymous_17)
FNDA:0,(anonymous_18)
DA:1,0
DA:2,0
DA:3,0
DA:11,0
DA:18,0
DA:33,0
DA:37,0
DA:40,0
DA:43,0
DA:45,0
DA:46,0
DA:52,0
DA:54,0
DA:59,0
DA:60,0
DA:75,0
DA:76,0
DA:77,0
DA:78,0
DA:79,0
DA:82,0
DA:84,0
DA:85,0
DA:88,0
DA:93,0
DA:94,0
DA:112,0
DA:114,0
DA:115,0
DA:134,0
DA:135,0
DA:147,0
DA:150,0
DA:153,0
DA:154,0
DA:156,0
DA:158,0
DA:192,0
DA:194,0
DA:195,0
DA:196,0
DA:198,0
LF:42
LH:0
BRDA:45,0,0,0
BRDA:112,1,0,0
BRF:2
BRH:0
end_of_record
TN:
SF:webview-src/main.ts
FN:24,(anonymous_0)
FN:56,(anonymous_1)
FN:59,(anonymous_2)
FN:84,(anonymous_3)
FN:96,(anonymous_4)
FN:114,(anonymous_5)
FN:136,(anonymous_6)
FN:155,(anonymous_7)
FN:160,(anonymous_8)
FN:164,(anonymous_9)
FN:168,(anonymous_10)
FN:181,(anonymous_11)
FN:209,(anonymous_12)
FN:219,(anonymous_13)
FN:237,(anonymous_14)
FN:246,(anonymous_15)
FN:259,(anonymous_16)
FN:288,(anonymous_17)
FN:296,(anonymous_18)
FN:303,(anonymous_19)
FN:313,(anonymous_20)
FNF:21
FNH:9
FNDA:4,(anonymous_0)
FNDA:4,(anonymous_1)
FNDA:2,(anonymous_2)
FNDA:1,(anonymous_3)
FNDA:0,(anonymous_4)
FNDA:1,(anonymous_5)
FNDA:0,(anonymous_6)
FNDA:4,(anonymous_7)
FNDA:0,(anonymous_8)
FNDA:0,(anonymous_9)
FNDA:0,(anonymous_10)
FNDA:0,(anonymous_11)
FNDA:4,(anonymous_12)
FNDA:0,(anonymous_13)
FNDA:0,(anonymous_14)
FNDA:0,(anonymous_15)
FNDA:0,(anonymous_16)
FNDA:1,(anonymous_17)
FNDA:0,(anonymous_18)
FNDA:2,(anonymous_19)
FNDA:0,(anonymous_20)
DA:1,4
DA:2,4
DA:25,4
DA:26,4
DA:28,4
DA:29,4
DA:30,0
DA:33,4
DA:34,4
DA:38,4
DA:39,4
DA:40,4
DA:43,4
DA:44,4
DA:45,0
DA:46,0
DA:47,0
DA:48,0
DA:57,4
DA:60,2
DA:62,2
DA:64,1
DA:65,1
DA:66,1
DA:67,1
DA:71,1
DA:72,1
DA:73,1
DA:85,1
DA:86,0
DA:87,0
DA:90,1
DA:91,1
DA:94,1
DA:97,0
DA:102,1
DA:103,1
DA:106,0
DA:107,0
DA:115,1
DA:116,1
DA:119,1
DA:120,1
DA:124,1
DA:125,1
DA:127,1
DA:128,1
DA:140,0
DA:142,0
DA:145,0
DA:148,0
DA:156,4
DA:157,4
DA:158,4
DA:160,4
DA:161,0
DA:164,4
DA:165,0
DA:168,4
DA:169,0
DA:171,0
DA:172,0
DA:173,0
DA:182,0
DA:184,0
DA:185,0
DA:188,0
DA:189,0
DA:192,0
DA:193,0
DA:196,0
DA:199,0
DA:200,0
DA:202,0
DA:203,0
DA:210,4
DA:211,4
DA:212,0
DA:214,4
DA:215,4
DA:216,4
DA:217,4
DA:219,4
DA:220,0
DA:223,0
DA:224,0
DA:225,0
DA:227,0
DA:228,0
DA:229,0
DA:230,0
DA:231,0
DA:232,0
DA:233,0
DA:237,4
DA:238,0
DA:239,0
DA:240,0
DA:241,0
DA:242,0
DA:246,4
DA:247,0
DA:248,0
DA:249,0
DA:250,0
DA:251,0
DA:253,0
DA:259,4
DA:260,0
DA:263,0
DA:264,0
DA:265,0
DA:268,0
DA:269,0
DA:272,0
DA:273,0
DA:276,0
DA:277,0
DA:279,0
DA:280,0
DA:289,1
DA:297,0
DA:304,2
DA:312,4
DA:313,0
DA:315,4
LF:126
LH:57
BRDA:29,0,0,0
BRDA:29,1,0,4
BRDA:29,1,1,4
BRDA:44,2,0,0
BRDA:45,3,0,0
BRDA:45,3,1,0
BRDA:46,4,0,0
BRDA:62,5,0,1
BRDA:62,5,1,1
BRDA:71,6,0,1
BRDA:71,6,1,0
BRDA:85,7,0,0
BRDA:102,8,0,1
BRDA:102,9,0,1
BRDA:102,9,1,1
BRDA:116,10,0,0
BRDA:138,11,0,0
BRDA:140,12,0,0
BRDA:140,12,1,0
BRDA:169,13,0,0
BRDA:182,14,0,0
BRDA:185,15,0,0
BRDA:211,16,0,0
BRDA:211,17,0,4
BRDA:211,17,1,4
BRDA:224,18,0,0
BRDA:224,18,1,0
BRDA:225,19,0,0
BRDA:225,19,1,0
BRDA:227,20,0,0
BRDA:227,21,0,0
BRDA:227,21,1,0
BRDA:227,21,2,0
BRDA:238,22,0,0
BRDA:247,23,0,0
BRDA:250,24,0,0
BRDA:272,25,0,0
BRDA:272,25,1,0
BRDA:312,26,0,0
BRDA:312,26,1,4
BRF:40
BRH:11
end_of_record
TN:
SF:webview-src/propertyPanel.ts
FN:19,(anonymous_0)
FN:29,(anonymous_1)
FN:62,(anonymous_2)
FN:92,(anonymous_3)
FN:114,(anonymous_4)
FN:136,(anonymous_5)
FN:152,(anonymous_6)
FNF:7
FNH:4
FNDA:9,(anonymous_0)
FNDA:4,(anonymous_1)
FNDA:0,(anonymous_2)
FNDA:9,(anonymous_3)
FNDA:0,(anonymous_4)
FNDA:0,(anonymous_5)
FNDA:1,(anonymous_6)
DA:11,5
DA:20,9
DA:30,4
DA:33,4
DA:36,4
DA:37,1
DA:41,4
DA:42,0
DA:46,4
DA:47,4
DA:48,4
DA:49,4
DA:53,4
DA:54,0
DA:58,4
DA:59,0
DA:60,0
DA:62,0
DA:63,0
DA:64,0
DA:68,0
DA:69,0
DA:71,0
DA:72,0
DA:74,0
DA:77,0
DA:81,4
DA:82,0
DA:93,9
DA:94,9
DA:96,9
DA:97,9
DA:99,9
DA:100,9
DA:102,9
DA:103,9
DA:104,9
DA:115,0
DA:116,0
DA:118,0
DA:119,0
DA:121,0
DA:122,0
DA:124,0
DA:125,0
DA:126,0
DA:137,0
DA:138,0
DA:140,0
DA:141,0
DA:143,0
DA:144,0
DA:145,0
DA:153,1
LF:54
LH:24
BRDA:36,0,0,1
BRDA:41,1,0,0
BRDA:46,2,0,4
BRDA:46,3,0,4
BRDA:46,3,1,0
BRDA:47,4,0,4
BRDA:47,4,1,0
BRDA:48,5,0,1
BRDA:48,5,1,3
BRDA:48,6,0,3
BRDA:48,6,1,0
BRDA:53,7,0,0
BRDA:58,8,0,0
BRDA:58,9,0,4
BRDA:58,9,1,4
BRDA:66,10,0,0
BRDA:66,10,1,0
BRDA:68,11,0,0
BRDA:71,12,0,0
BRDA:81,13,0,0
BRDA:81,14,0,4
BRDA:81,14,1,4
BRF:22
BRH:11
end_of_record
TN:
SF:webview-src/renderer.ts
FN:28,(anonymous_0)
FN:53,(anonymous_1)
FN:94,(anonymous_2)
FN:115,(anonymous_3)
FN:116,(anonymous_4)
FN:151,(anonymous_5)
FN:154,(anonymous_6)
FN:177,(anonymous_7)
FN:181,(anonymous_8)
FN:199,(anonymous_9)
FN:202,(anonymous_10)
FN:225,(anonymous_11)
FN:243,(anonymous_12)
FN:258,(anonymous_13)
FN:309,(anonymous_14)
FN:311,(anonymous_15)
FN:326,(anonymous_16)
FN:343,(anonymous_17)
FNF:18
FNH:9
FNDA:9,(anonymous_0)
FNDA:3,(anonymous_1)
FNDA:0,(anonymous_2)
FNDA:9,(anonymous_3)
FNDA:0,(anonymous_4)
FNDA:0,(anonymous_5)
FNDA:0,(anonymous_6)
FNDA:3,(anonymous_7)
FNDA:0,(anonymous_8)
FNDA:3,(anonymous_9)
FNDA:6,(anonymous_10)
FNDA:4,(anonymous_11)
FNDA:11,(anonymous_12)
FNDA:0,(anonymous_13)
FNDA:0,(anonymous_14)
FNDA:0,(anonymous_15)
FNDA:4,(anonymous_16)
FNDA:0,(anonymous_17)
DA:3,5
DA:11,5
DA:15,9
DA:16,9
DA:19,9
DA:29,9
DA:30,9
DA:33,9
DA:37,9
DA:38,9
DA:41,9
DA:42,9
DA:45,9
DA:57,3
DA:58,3
DA:60,3
DA:61,0
DA:62,0
DA:65,3
DA:67,3
DA:70,3
DA:71,3
DA:74,3
DA:77,3
DA:80,3
DA:83,0
DA:85,3
DA:86,3
DA:95,0
DA:97,0
DA:99,0
DA:102,0
DA:105,0
DA:107,0
DA:108,0
DA:116,9
DA:117,0
DA:120,0
DA:121,0
DA:122,0
DA:123,0
DA:124,0
DA:125,0
DA:126,0
DA:127,0
DA:130,0
DA:131,0
DA:135,0
DA:136,0
DA:137,0
DA:138,0
DA:139,0
DA:140,0
DA:152,0
DA:154,0
DA:155,0
DA:157,0
DA:158,0
DA:159,0
DA:162,0
DA:165,0
DA:166,0
DA:167,0
DA:170,0
DA:178,3
DA:179,3
DA:181,0
DA:182,0
DA:183,0
DA:184,0
DA:188,0
DA:189,0
DA:192,0
DA:200,3
DA:202,3
DA:203,6
DA:204,0
DA:205,0
DA:207,6
DA:208,3
DA:212,3
DA:213,3
DA:231,4
DA:232,4
DA:233,4
DA:234,4
DA:235,4
DA:236,4
DA:244,11
DA:247,11
DA:260,0
DA:261,0
DA:264,0
DA:266,0
DA:268,0
DA:270,0
DA:276,0
DA:280,0
DA:281,0
DA:284,0
DA:285,0
DA:286,0
DA:289,0
DA:290,0
DA:293,0
DA:294,0
DA:297,0
DA:298,0
DA:300,0
DA:301,0
DA:302,0
DA:311,0
DA:312,0
DA:316,0
DA:317,0
DA:318,0
DA:328,4
DA:329,4
DA:333,4
DA:335,4
DA:336,4
DA:345,0
DA:346,0
DA:350,0
DA:352,0
DA:353,0
LF:126
LH:48
BRDA:60,0,0,0
BRDA:95,1,0,0
BRDA:121,2,0,0
BRDA:123,3,0,0
BRDA:126,4,0,0
BRDA:126,5,0,0
BRDA:126,5,1,0
BRDA:136,6,0,0
BRDA:139,7,0,0
BRDA:139,8,0,0
BRDA:139,8,1,0
BRDA:152,9,0,0
BRDA:152,10,0,0
BRDA:152,10,1,0
BRDA:155,11,0,0
BRDA:159,12,0,0
BRDA:167,13,0,0
BRDA:179,14,0,3
BRDA:200,15,0,0
BRDA:203,16,0,0
BRDA:205,17,0,0
BRDA:205,17,1,0
BRDA:258,18,0,0
BRDA:260,19,0,0
BRDA:260,20,0,0
BRDA:260,20,1,0
BRDA:266,21,0,0
BRDA:266,21,1,0
BRDA:266,21,2,0
BRDA:268,22,0,0
BRDA:268,22,1,0
BRDA:268,22,2,0
BRDA:270,23,0,0
BRDA:271,24,0,0
BRDA:271,24,1,0
BRDA:271,24,2,0
BRDA:271,24,3,0
BRDA:317,25,0,0
BRF:38
BRH:1
end_of_record
TN:
SF:webview-src/diagram/Diagram.test.ts
FN:9,(anonymous_0)
FN:12,(anonymous_1)
FN:16,(anonymous_2)
FN:17,(anonymous_3)
FN:21,(anonymous_4)
FN:28,(anonymous_5)
FN:29,(anonymous_6)
FN:38,(anonymous_7)
FN:48,(anonymous_8)
FN:49,(anonymous_9)
FN:55,(anonymous_10)
FN:70,(anonymous_11)
FN:71,(anonymous_12)
FN:80,(anonymous_13)
FNF:14
FNH:0
FNDA:0,(anonymous_0)
FNDA:0,(anonymous_1)
FNDA:0,(anonymous_2)
FNDA:0,(anonymous_3)
FNDA:0,(anonymous_4)
FNDA:0,(anonymous_5)
FNDA:0,(anonymous_6)
FNDA:0,(anonymous_7)
FNDA:0,(anonymous_8)
FNDA:0,(anonymous_9)
FNDA:0,(anonymous_10)
FNDA:0,(anonymous_11)
FNDA:0,(anonymous_12)
FNDA:0,(anonymous_13)
DA:5,0
DA:6,0
DA:7,0
DA:9,0
DA:12,0
DA:13,0
DA:16,0
DA:17,0
DA:18,0
DA:21,0
DA:22,0
DA:23,0
DA:24,0
DA:28,0
DA:29,0
DA:30,0
DA:32,0
DA:34,0
DA:35,0
DA:38,0
DA:39,0
DA:40,0
DA:42,0
DA:44,0
DA:48,0
DA:49,0
DA:50,0
DA:52,0
DA:55,0
DA:56,0
DA:57,0
DA:58,0
DA:59,0
DA:61,0
DA:63,0
DA:64,0
DA:65,0
DA:66,0
DA:70,0
DA:71,0
DA:72,0
DA:73,0
DA:75,0
DA:77,0
DA:80,0
DA:81,0
DA:82,0
DA:84,0
DA:86,0
DA:87,0
DA:88,0
DA:89,0
LF:52
LH:0
BRF:0
BRH:0
end_of_record
TN:
SF:webview-src/diagram/Diagram.ts
FN:49,(anonymous_0)
FN:57,(anonymous_1)
FN:69,(anonymous_2)
FN:105,(anonymous_3)
FNF:4
FNH:4
FNDA:54,(anonymous_0)
FNDA:10,(anonymous_1)
FNDA:5,(anonymous_2)
FNDA:2,(anonymous_3)
DA:8,11
DA:18,11
DA:20,54
DA:23,54
DA:26,54
DA:29,54
DA:32,54
DA:35,54
DA:38,54
DA:41,54
DA:44,54
DA:58,10
DA:59,10
DA:70,5
DA:71,1
DA:72,1
DA:75,4
DA:76,4
DA:77,4
DA:78,4
DA:80,4
DA:81,4
DA:82,4
DA:83,4
DA:84,4
DA:85,4
DA:88,4
DA:95,4
DA:106,2
LF:29
LH:29
BRDA:70,0,0,1
BRF:1
BRH:1
end_of_record
TN:
SF:webview-src/diagram/DiagramBuilder.test.ts
FN:7,(anonymous_0)
FN:10,(anonymous_1)
FN:14,(anonymous_2)
FN:15,(anonymous_3)
FN:27,(anonymous_4)
FN:43,(anonymous_5)
FN:55,(anonymous_6)
FNF:7
FNH:0
FNDA:0,(anonymous_0)
FNDA:0,(anonymous_1)
FNDA:0,(anonymous_2)
FNDA:0,(anonymous_3)
FNDA:0,(anonymous_4)
FNDA:0,(anonymous_5)
FNDA:0,(anonymous_6)
DA:5,0
DA:7,0
DA:10,0
DA:11,0
DA:14,0
DA:15,0
DA:16,0
DA:20,0
DA:22,0
DA:23,0
DA:24,0
DA:27,0
DA:28,0
DA:35,0
DA:37,0
DA:38,0
DA:39,0
DA:40,0
DA:43,0
DA:44,0
DA:48,0
DA:50,0
DA:51,0
DA:52,0
DA:55,0
DA:56,0
DA:58,0
DA:60,0
DA:61,0
DA:62,0
LF:30
LH:0
BRF:0
BRH:0
end_of_record
TN:
SF:webview-src/diagram/DiagramBuilder.ts
FN:43,(anonymous_0)
FN:54,(anonymous_1)
FN:74,(anonymous_2)
FN:80,(anonymous_3)
FN:86,(anonymous_4)
FN:111,(anonymous_5)
FN:137,(anonymous_6)
FN:155,(anonymous_7)
FNF:8
FNH:6
FNDA:7,(anonymous_0)
FNDA:7,(anonymous_1)
FNDA:4,(anonymous_2)
FNDA:1,(anonymous_3)
FNDA:0,(anonymous_4)
FNDA:4,(anonymous_5)
FNDA:1,(anonymous_6)
FNDA:0,(anonymous_7)
DA:11,6
DA:12,6
DA:13,6
DA:15,6
DA:19,6
DA:24,6
DA:36,6
DA:38,7
DA:44,7
DA:55,7
DA:56,7
DA:57,7
DA:59,7
DA:62,7
DA:63,7
DA:71,7
DA:74,4
DA:77,7
DA:80,1
DA:83,7
DA:86,0
DA:90,7
DA:91,3
DA:97,3
DA:100,7
DA:101,7
DA:112,4
DA:113,4
DA:114,0
DA:118,4
DA:119,0
DA:123,4
DA:124,0
DA:127,4
DA:138,1
DA:139,1
DA:140,0
DA:143,1
DA:145,1
DA:156,0
DA:157,0
DA:158,0
DA:162,0
DA:163,0
DA:166,0
LF:45
LH:34
BRDA:62,0,0,7
BRDA:62,0,1,6
BRDA:90,1,0,3
BRDA:113,2,0,0
BRDA:118,3,0,0
BRDA:123,4,0,0
BRDA:139,5,0,0
BRDA:157,6,0,0
BRDA:162,7,0,0
BRF:9
BRH:3
end_of_record
TN:
SF:webview-src/diagram/DiagramBuilderHelpers.test.ts
FN:17,(anonymous_0)
FN:18,(anonymous_1)
FN:19,(anonymous_2)
FN:23,(anonymous_3)
FN:28,(anonymous_4)
FN:34,(anonymous_5)
FN:35,(anonymous_6)
FN:40,(anonymous_7)
FN:48,(anonymous_8)
FN:52,(anonymous_9)
FN:57,(anonymous_10)
FN:64,(anonymous_11)
FN:71,(anonymous_12)
FN:75,(anonymous_13)
FN:80,(anonymous_14)
FN:95,(anonymous_15)
FN:96,(anonymous_16)
FNF:17
FNH:0
FNDA:0,(anonymous_0)
FNDA:0,(anonymous_1)
FNDA:0,(anonymous_2)
FNDA:0,(anonymous_3)
FNDA:0,(anonymous_4)
FNDA:0,(anonymous_5)
FNDA:0,(anonymous_6)
FNDA:0,(anonymous_7)
FNDA:0,(anonymous_8)
FNDA:0,(anonymous_9)
FNDA:0,(anonymous_10)
FNDA:0,(anonymous_11)
FNDA:0,(anonymous_12)
FNDA:0,(anonymous_13)
FNDA:0,(anonymous_14)
FNDA:0,(anonymous_15)
FNDA:0,(anonymous_16)
DA:5,0
DA:13,0
DA:14,0
DA:15,0
DA:17,0
DA:18,0
DA:19,0
DA:20,0
DA:23,0
DA:24,0
DA:25,0
DA:28,0
DA:29,0
DA:30,0
DA:34,0
DA:35,0
DA:36,0
DA:37,0
DA:40,0
DA:41,0
DA:44,0
DA:48,0
DA:52,0
DA:53,0
DA:54,0
DA:57,0
DA:58,0
DA:59,0
DA:60,0
DA:61,0
DA:64,0
DA:65,0
DA:66,0
DA:67,0
DA:71,0
DA:75,0
DA:76,0
DA:77,0
DA:80,0
DA:81,0
DA:88,0
DA:89,0
DA:90,0
DA:91,0
DA:95,0
DA:96,0
DA:97,0
DA:98,0
DA:99,0
DA:101,0
DA:102,0
LF:51
LH:0
BRF:0
BRH:0
end_of_record
TN:
SF:webview-src/diagram/DiagramBuilderHelpers.ts
FN:24,toArray
FN:38,extractDocumentation
FN:44,(anonymous_2)
FN:54,extractOccurrenceConstraints
FN:75,extractAttributes
FN:109,generateId
FN:117,resetIdCounter
FNF:7
FNH:7
FNDA:36,toArray
FNDA:19,extractDocumentation
FNDA:4,(anonymous_2)
FNDA:11,extractOccurrenceConstraints
FNDA:7,extractAttributes
FNDA:26,generateId
FNDA:23,resetIdCounter
DA:24,9
DA:25,36
DA:26,24
DA:28,12
DA:38,9
DA:39,19
DA:40,15
DA:43,4
DA:44,4
DA:54,9
DA:58,11
DA:59,2
DA:61,11
DA:62,3
DA:63,3
DA:75,9
DA:76,7
DA:77,0
DA:80,7
DA:82,7
DA:83,1
DA:84,0
DA:87,1
DA:101,9
DA:109,9
DA:110,26
DA:117,9
DA:118,23
LF:28
LH:26
BRDA:25,0,0,24
BRDA:28,1,0,8
BRDA:28,1,1,4
BRDA:39,2,0,15
BRDA:44,3,0,4
BRDA:44,3,1,0
BRDA:58,4,0,2
BRDA:59,5,0,2
BRDA:59,5,1,2
BRDA:61,6,0,3
BRDA:64,7,0,2
BRDA:64,7,1,1
BRDA:64,8,0,1
BRDA:64,8,1,0
BRDA:76,9,0,0
BRDA:83,10,0,0
BRDA:89,11,0,1
BRDA:89,11,1,0
BRDA:90,12,0,1
BRDA:90,12,1,0
BRDA:91,13,0,0
BRDA:91,13,1,1
BRDA:92,14,0,0
BRDA:92,14,1,1
BRF:24
BRH:16
end_of_record
TN:
SF:webview-src/diagram/DiagramItem.ts
FN:63,(anonymous_0)
FN:78,(anonymous_1)
FN:87,(anonymous_2)
FN:94,(anonymous_3)
FN:102,(anonymous_4)
FN:113,(anonymous_5)
FN:124,(anonymous_6)
FN:137,(anonymous_7)
FNF:8
FNH:4
FNDA:61,(anonymous_0)
FNDA:8,(anonymous_1)
FNDA:0,(anonymous_2)
FNDA:0,(anonymous_3)
FNDA:0,(anonymous_4)
FNDA:0,(anonymous_5)
FNDA:6,(anonymous_6)
FNDA:7,(anonymous_7)
DA:6,12
DA:15,12
DA:19,61
DA:21,61
DA:22,61
DA:23,61
DA:24,61
DA:27,61
DA:28,61
DA:31,61
DA:32,61
DA:33,61
DA:34,61
DA:35,61
DA:38,61
DA:39,61
DA:40,61
DA:41,61
DA:42,61
DA:43,61
DA:46,61
DA:49,61
DA:52,61
DA:61,61
DA:69,61
DA:70,61
DA:71,61
DA:72,61
DA:79,8
DA:80,8
DA:81,8
DA:88,0
DA:95,0
DA:96,0
DA:103,0
DA:104,0
DA:114,0
DA:115,0
DA:125,6
DA:126,6
DA:138,7
DA:139,7
DA:140,7
DA:141,7
DA:143,7
DA:144,0
DA:145,0
DA:146,0
DA:147,0
DA:148,0
DA:149,0
DA:153,7
DA:160,7
LF:53
LH:40
BRDA:67,0,0,19
BRDA:95,1,0,0
BRDA:103,2,0,0
BRDA:114,3,0,0
BRDA:125,4,0,0
BRDA:143,5,0,0
BRF:6
BRH:1
end_of_record
TN:
SF:webview-src/diagram/DiagramLayout.ts
FN:10,(anonymous_0)
FN:24,(anonymous_1)
FN:40,(anonymous_2)
FN:79,(anonymous_3)
FN:114,(anonymous_4)
FN:141,(anonymous_5)
FN:165,(anonymous_6)
FNF:7
FNH:4
FNDA:9,(anonymous_0)
FNDA:3,(anonymous_1)
FNDA:3,(anonymous_2)
FNDA:3,(anonymous_3)
FNDA:0,(anonymous_4)
FNDA:0,(anonymous_5)
FNDA:0,(anonymous_6)
DA:8,5
DA:10,5
DA:12,9
DA:13,9
DA:14,9
DA:15,9
DA:16,9
DA:17,9
DA:18,9
DA:19,9
DA:26,3
DA:27,3
DA:28,3
DA:29,3
DA:30,3
DA:34,3
DA:42,3
DA:45,3
DA:53,3
DA:54,3
DA:63,3
DA:64,0
DA:68,3
DA:69,0
DA:73,3
DA:80,3
DA:83,3
DA:87,3
DA:90,0
DA:94,0
DA:97,0
DA:101,0
DA:104,0
DA:119,0
DA:123,0
DA:124,0
DA:126,0
DA:127,0
DA:129,0
DA:131,0
DA:132,0
DA:133,0
DA:134,0
DA:142,0
DA:143,0
DA:144,0
DA:149,0
DA:150,0
DA:151,0
DA:152,0
DA:154,0
DA:166,0
DA:169,0
DA:170,0
DA:171,0
DA:172,0
DA:176,0
DA:177,0
LF:58
LH:26
BRDA:53,0,0,3
BRDA:63,1,0,0
BRDA:63,2,0,3
BRDA:63,2,1,0
BRDA:68,3,0,0
BRDA:68,4,0,3
BRDA:68,4,1,0
BRDA:80,5,0,3
BRDA:80,5,1,3
BRDA:80,5,2,0
BRDA:80,5,3,0
BRDA:80,5,4,0
BRDA:119,6,0,0
BRDA:119,6,1,0
BRDA:142,7,0,0
BRDA:176,8,0,0
BRF:16
BRH:5
end_of_record
TN:
SF:webview-src/diagram/DiagramSvgRenderer.ts
FN:38,(anonymous_0)
FN:59,(anonymous_1)
FN:79,(anonymous_2)
FN:136,(anonymous_3)
FN:249,(anonymous_4)
FN:294,(anonymous_5)
FN:344,(anonymous_6)
FNF:7
FNH:4
FNDA:9,(anonymous_0)
FNDA:3,(anonymous_1)
FNDA:3,(anonymous_2)
FNDA:0,(anonymous_3)
FNDA:3,(anonymous_4)
FNDA:0,(anonymous_5)
FNDA:0,(anonymous_6)
DA:8,5
DA:12,5
DA:17,5
DA:22,5
DA:28,5
DA:39,9
DA:41,9
DA:44,9
DA:45,0
DA:48,9
DA:52,9
DA:61,3
DA:63,3
DA:67,3
DA:70,3
DA:71,3
DA:80,3
DA:81,3
DA:82,3
DA:85,3
DA:86,0
DA:90,0
DA:91,0
DA:95,3
DA:96,0
DA:97,0
DA:99,0
DA:103,3
DA:106,3
DA:107,3
DA:111,0
DA:112,0
DA:116,0
DA:119,0
DA:120,0
DA:124,0
DA:125,0
DA:128,0
DA:137,0
DA:139,0
DA:140,0
DA:144,0
DA:146,0
DA:148,0
DA:149,0
DA:151,0
DA:157,0
DA:160,0
DA:170,0
DA:180,0
DA:190,0
DA:191,0
DA:193,0
DA:198,0
DA:199,0
DA:202,0
DA:203,0
DA:206,0
DA:217,0
DA:220,0
DA:223,0
DA:233,0
DA:250,3
DA:252,3
DA:253,3
DA:254,3
DA:256,3
DA:258,3
DA:265,3
DA:268,0
DA:275,0
DA:278,0
DA:285,0
DA:295,0
DA:296,0
DA:297,0
DA:300,0
DA:304,0
DA:305,0
DA:307,0
DA:310,0
DA:311,0
DA:312,0
DA:315,0
DA:324,0
DA:326,0
DA:336,0
DA:345,0
DA:346,0
DA:347,0
DA:348,0
DA:349,0
DA:350,0
DA:352,0
DA:355,0
DA:361,0
LF:96
LH:30
BRDA:42,0,0,9
BRDA:42,0,1,0
BRDA:44,1,0,0
BRDA:85,2,0,0
BRDA:95,3,0,0
BRDA:106,4,0,3
BRDA:111,5,0,0
BRDA:111,6,0,0
BRDA:111,6,1,0
BRDA:119,7,0,0
BRDA:124,8,0,0
BRDA:137,9,0,0
BRDA:146,10,0,0
BRDA:146,10,1,0
BRDA:254,11,0,0
BRDA:254,11,1,3
BRDA:256,12,0,3
BRDA:256,12,1,0
BRDA:256,12,2,0
BRDA:324,13,0,0
BRF:20
BRH:4
end_of_record
TN:
SF:webview-src/diagram/DiagramTypes.ts
FN:6,(anonymous_0)
FN:13,(anonymous_1)
FN:49,getCssVar
FNF:3
FNH:3
FNDA:12,(anonymous_0)
FNDA:12,(anonymous_1)
FNDA:48,getCssVar
DA:6,12
DA:7,12
DA:8,12
DA:9,12
DA:10,12
DA:13,12
DA:14,12
DA:15,12
DA:16,12
DA:50,48
DA:51,48
DA:57,0
DA:60,12
LF:13
LH:12
BRDA:6,0,0,12
BRDA:6,0,1,12
BRDA:13,1,0,12
BRDA:13,1,1,12
BRDA:50,2,0,48
BRDA:52,3,0,48
BRDA:52,3,1,48
BRF:7
BRH:7
end_of_record
TN:
SF:webview-src/diagram/SchemaProcessors.test.ts
FN:15,(anonymous_0)
FN:19,(anonymous_1)
FN:24,(anonymous_2)
FN:25,(anonymous_3)
FN:34,(anonymous_4)
FN:44,(anonymous_5)
FN:45,(anonymous_6)
FN:54,(anonymous_7)
FN:64,(anonymous_8)
FN:65,(anonymous_9)
FN:77,(anonymous_10)
FN:86,(anonymous_11)
FN:87,(anonymous_12)
FN:101,(anonymous_13)
FNF:14
FNH:0
FNDA:0,(anonymous_0)
FNDA:0,(anonymous_1)
FNDA:0,(anonymous_2)
FNDA:0,(anonymous_3)
FNDA:0,(anonymous_4)
FNDA:0,(anonymous_5)
FNDA:0,(anonymous_6)
FNDA:0,(anonymous_7)
FNDA:0,(anonymous_8)
FNDA:0,(anonymous_9)
FNDA:0,(anonymous_10)
FNDA:0,(anonymous_11)
FNDA:0,(anonymous_12)
FNDA:0,(anonymous_13)
DA:5,0
DA:11,0
DA:12,0
DA:13,0
DA:15,0
DA:19,0
DA:20,0
DA:21,0
DA:24,0
DA:25,0
DA:26,0
DA:27,0
DA:29,0
DA:31,0
DA:34,0
DA:35,0
DA:36,0
DA:38,0
DA:40,0
DA:44,0
DA:45,0
DA:46,0
DA:47,0
DA:49,0
DA:51,0
DA:54,0
DA:55,0
DA:56,0
DA:58,0
DA:60,0
DA:64,0
DA:65,0
DA:66,0
DA:70,0
DA:72,0
DA:73,0
DA:74,0
DA:77,0
DA:78,0
DA:80,0
DA:82,0
DA:86,0
DA:87,0
DA:88,0
DA:89,0
DA:95,0
DA:97,0
DA:98,0
DA:101,0
DA:102,0
DA:103,0
DA:109,0
DA:111,0
DA:112,0
DA:113,0
LF:55
LH:0
BRF:0
BRH:0
end_of_record
TN:
SF:webview-src/diagram/SchemaProcessors.ts
FN:23,processChildCollection
FN:44,processAnonymousComplexType
FN:69,processAnonymousSimpleType
FN:99,processComplexType
FN:153,processSequence
FN:164,processChoice
FN:175,processAll
FN:188,processGroup
FN:205,(anonymous_8)
FN:243,processExtension
FN:275,processRestriction
FNF:11
FNH:5
FNDA:21,processChildCollection
FNDA:0,processAnonymousComplexType
FNDA:2,processAnonymousSimpleType
FNDA:3,processComplexType
FNDA:0,processSequence
FNDA:0,processChoice
FNDA:0,processAll
FNDA:0,processGroup
FNDA:0,(anonymous_8)
FNDA:3,processExtension
FNDA:4,processRestriction
DA:6,7
DA:7,7
DA:8,7
DA:23,7
DA:28,21
DA:29,21
DA:30,5
DA:31,5
DA:32,5
DA:44,7
DA:49,0
DA:50,0
DA:54,0
DA:55,0
DA:59,0
DA:69,7
DA:74,2
DA:77,2
DA:78,2
DA:82,2
DA:83,2
DA:87,2
DA:88,1
DA:99,7
DA:101,3
DA:104,3
DA:105,1
DA:107,1
DA:108,1
DA:111,1
DA:112,0
DA:117,3
DA:118,1
DA:119,1
DA:121,1
DA:122,0
DA:125,1
DA:126,1
DA:131,3
DA:132,0
DA:136,3
DA:137,0
DA:141,3
DA:142,0
DA:153,7
DA:154,0
DA:164,7
DA:165,0
DA:175,7
DA:176,0
DA:194,0
DA:200,0
DA:205,0
DA:206,0
DA:212,0
DA:213,0
DA:215,0
DA:218,0
DA:219,0
DA:221,0
DA:222,0
DA:223,0
DA:227,0
DA:231,0
DA:232,0
DA:243,7
DA:245,3
DA:246,3
DA:250,3
DA:253,3
DA:254,0
DA:258,3
DA:259,0
DA:263,3
DA:264,0
DA:275,7
DA:277,4
DA:278,4
DA:282,4
DA:283,0
DA:287,4
DA:288,0
DA:292,4
DA:293,0
LF:84
LH:50
BRDA:31,0,0,5
BRDA:49,1,0,0
BRDA:54,2,0,0
BRDA:55,3,0,0
BRDA:55,3,1,0
BRDA:77,4,0,2
BRDA:78,5,0,2
BRDA:78,5,1,2
BRDA:82,6,0,2
BRDA:87,7,0,1
BRDA:104,8,0,1
BRDA:107,9,0,1
BRDA:111,10,0,0
BRDA:117,11,0,1
BRDA:121,12,0,0
BRDA:125,13,0,1
BRDA:131,14,0,0
BRDA:136,15,0,0
BRDA:141,16,0,0
BRDA:208,17,0,0
BRDA:208,17,1,0
BRDA:212,18,0,0
BRDA:215,19,0,0
BRDA:215,19,1,0
BRDA:218,20,0,0
BRDA:219,21,0,0
BRDA:219,21,1,0
BRDA:221,22,0,0
BRDA:224,23,0,0
BRDA:224,23,1,0
BRDA:224,24,0,0
BRDA:224,24,1,0
BRDA:231,25,0,0
BRDA:245,26,0,3
BRDA:253,27,0,0
BRDA:258,28,0,0
BRDA:263,29,0,0
BRDA:277,30,0,4
BRDA:282,31,0,0
BRDA:287,32,0,0
BRDA:292,33,0,0
BRF:41
BRH:12
end_of_record
TN:
SF:webview-src/diagram/ShapeRenderers.ts
FN:21,renderElementShape
FN:46,renderGroupShape
FN:67,(anonymous_2)
FN:87,renderTypeShape
FN:106,(anonymous_4)
FN:136,renderGroupTypeIndicator
FNF:6
FNH:1
FNDA:3,renderElementShape
FNDA:0,renderGroupShape
FNDA:0,(anonymous_2)
FNDA:0,renderTypeShape
FNDA:0,(anonymous_4)
FNDA:0,renderGroupTypeIndicator
DA:7,5
DA:8,5
DA:11,5
DA:21,5
DA:28,3
DA:30,0
DA:31,0
DA:32,0
DA:33,0
DA:35,3
DA:46,5
DA:53,0
DA:54,0
DA:65,0
DA:67,0
DA:71,0
DA:73,0
DA:76,0
DA:87,5
DA:94,0
DA:95,0
DA:104,0
DA:106,0
DA:110,0
DA:114,0
DA:117,0
DA:118,0
DA:125,0
DA:126,0
DA:136,5
DA:141,0
DA:142,0
DA:143,0
DA:144,0
DA:146,0
DA:149,0
DA:150,0
DA:152,0
DA:161,0
DA:162,0
DA:170,0
DA:174,0
DA:175,0
DA:176,0
DA:177,0
DA:178,0
DA:179,0
DA:180,0
DA:181,0
DA:182,0
DA:183,0
DA:186,0
DA:187,0
DA:190,0
DA:191,0
DA:192,0
DA:193,0
DA:196,0
DA:197,0
DA:198,0
DA:199,0
DA:200,0
DA:204,0
DA:205,0
DA:206,0
DA:207,0
DA:208,0
DA:209,0
DA:210,0
DA:211,0
DA:212,0
DA:213,0
DA:216,0
DA:217,0
DA:225,0
DA:226,0
DA:229,0
DA:230,0
DA:238,0
DA:239,0
DA:242,0
DA:243,0
DA:244,0
DA:245,0
DA:246,0
LF:85
LH:9
BRDA:28,0,0,0
BRDA:65,1,0,0
BRDA:104,2,0,0
BRDA:117,3,0,0
BRDA:146,4,0,0
BRDA:146,4,1,0
BRDA:146,4,2,0
BRF:7
BRH:0
end_of_record
TN:
SF:webview-src/diagram/SvgHelpers.ts
FN:17,svgLine
FN:41,svgRectangle
FN:66,svgPolygon
FN:76,(anonymous_3)
FN:90,svgCircle
FN:117,svgText
FNF:6
FNH:6
FNDA:4,svgLine
FNDA:7,svgRectangle
FNDA:4,svgPolygon
FNDA:8,(anonymous_3)
FNDA:5,svgCircle
FNDA:21,svgText
DA:17,7
DA:25,4
DA:26,4
DA:27,4
DA:28,4
DA:29,4
DA:30,4
DA:31,4
DA:41,7
DA:47,7
DA:51,7
DA:52,7
DA:53,7
DA:54,7
DA:55,7
DA:56,7
DA:66,7
DA:72,4
DA:76,8
DA:77,4
DA:78,4
DA:79,4
DA:90,7
DA:97,5
DA:101,5
DA:102,5
DA:103,5
DA:104,5
DA:105,5
DA:117,7
DA:125,21
DA:129,21
DA:130,21
DA:131,21
DA:132,21
DA:135,21
DA:136,1
DA:140,1
DA:141,1
DA:144,21
LF:40
LH:40
BRDA:135,0,0,1
BRF:1
BRH:1
end_of_record
TN:
SF:webview-src/diagram/TextRenderers.ts
FN:18,renderText
FN:55,truncateText
FN:113,renderDocumentation
FN:141,renderOccurrence
FNF:4
FNH:4
FNDA:10,renderText
FNDA:15,truncateText
FNDA:6,renderDocumentation
FNDA:6,renderOccurrence
DA:7,6
DA:10,6
DA:18,6
DA:23,10
DA:24,10
DA:25,10
DA:27,10
DA:28,10
DA:29,1
DA:33,10
DA:34,10
DA:35,10
DA:37,0
DA:55,6
DA:62,15
DA:66,15
DA:72,15
DA:73,15
DA:75,15
DA:76,0
DA:79,0
DA:80,0
DA:84,0
DA:85,0
DA:86,0
DA:88,0
DA:89,0
DA:90,0
DA:92,0
DA:93,0
DA:94,0
DA:95,0
DA:97,0
DA:98,0
DA:99,0
DA:101,0
DA:105,0
DA:113,6
DA:117,6
DA:118,6
DA:121,4
DA:122,4
DA:124,4
DA:125,8
DA:126,8
DA:141,6
DA:142,6
DA:147,1
DA:151,5
DA:152,5
DA:153,5
DA:155,5
LF:52
LH:33
BRDA:28,0,0,1
BRDA:28,1,0,10
BRDA:28,1,1,1
BRDA:34,2,0,10
BRDA:34,2,1,0
BRDA:43,3,0,0
BRDA:43,3,1,0
BRDA:69,4,0,15
BRDA:69,4,1,15
BRDA:79,5,0,0
BRDA:97,6,0,0
BRDA:97,6,1,0
BRDA:118,7,0,2
BRDA:118,8,0,6
BRDA:118,8,1,5
BRDA:122,9,0,4
BRDA:122,9,1,0
BRDA:142,10,0,1
BRDA:143,11,0,6
BRDA:143,11,1,5
BRDA:143,11,2,4
BRDA:151,12,0,2
BRDA:151,12,1,3
BRF:23
BRH:16
end_of_record
TN:
SF:webview-src/diagram/TypeNodeCreators.test.ts
FN:14,(anonymous_0)
FN:17,(anonymous_1)
FN:22,(anonymous_2)
FN:23,(anonymous_3)
FN:27,(anonymous_4)
FN:31,(anonymous_5)
FN:40,(anonymous_6)
FN:47,(anonymous_7)
FN:57,(anonymous_8)
FN:69,(anonymous_9)
FN:82,(anonymous_10)
FN:83,(anonymous_11)
FN:87,(anonymous_12)
FN:91,(anonymous_13)
FN:101,(anonymous_14)
FN:114,(anonymous_15)
FN:115,(anonymous_16)
FN:119,(anonymous_17)
FN:123,(anonymous_18)
FN:134,(anonymous_19)
FNF:20
FNH:0
FNDA:0,(anonymous_0)
FNDA:0,(anonymous_1)
FNDA:0,(anonymous_2)
FNDA:0,(anonymous_3)
FNDA:0,(anonymous_4)
FNDA:0,(anonymous_5)
FNDA:0,(anonymous_6)
FNDA:0,(anonymous_7)
FNDA:0,(anonymous_8)
FNDA:0,(anonymous_9)
FNDA:0,(anonymous_10)
FNDA:0,(anonymous_11)
FNDA:0,(anonymous_12)
FNDA:0,(anonymous_13)
FNDA:0,(anonymous_14)
FNDA:0,(anonymous_15)
FNDA:0,(anonymous_16)
FNDA:0,(anonymous_17)
FNDA:0,(anonymous_18)
FNDA:0,(anonymous_19)
DA:5,0
DA:10,0
DA:11,0
DA:12,0
DA:14,0
DA:17,0
DA:18,0
DA:19,0
DA:22,0
DA:23,0
DA:24,0
DA:27,0
DA:28,0
DA:31,0
DA:32,0
DA:33,0
DA:35,0
DA:36,0
DA:37,0
DA:40,0
DA:41,0
DA:42,0
DA:44,0
DA:47,0
DA:48,0
DA:52,0
DA:54,0
DA:57,0
DA:58,0
DA:64,0
DA:66,0
DA:69,0
DA:70,0
DA:75,0
DA:77,0
DA:78,0
DA:82,0
DA:83,0
DA:84,0
DA:87,0
DA:88,0
DA:91,0
DA:92,0
DA:93,0
DA:95,0
DA:96,0
DA:97,0
DA:98,0
DA:101,0
DA:102,0
DA:108,0
DA:110,0
DA:114,0
DA:115,0
DA:116,0
DA:119,0
DA:120,0
DA:123,0
DA:124,0
DA:125,0
DA:127,0
DA:128,0
DA:129,0
DA:130,0
DA:131,0
DA:134,0
DA:135,0
DA:141,0
DA:143,0
LF:69
LH:0
BRF:0
BRH:0
end_of_record
TN:
SF:webview-src/diagram/TypeNodeCreators.ts
FN:23,createElementNode
FN:65,createComplexTypeNode
FN:96,createSimpleTypeNode
FNF:3
FNH:3
FNDA:11,createElementNode
FNDA:5,createComplexTypeNode
FNDA:4,createSimpleTypeNode
DA:7,7
DA:8,7
DA:9,7
DA:23,7
DA:27,11
DA:28,2
DA:31,9
DA:39,9
DA:40,4
DA:44,9
DA:45,1
DA:49,9
DA:52,9
DA:54,9
DA:65,7
DA:69,5
DA:70,2
DA:73,3
DA:80,3
DA:83,3
DA:85,3
DA:96,7
DA:100,4
DA:101,2
DA:104,2
DA:111,2
DA:112,2
DA:115,2
DA:117,2
LF:29
LH:29
BRDA:27,0,0,2
BRDA:27,1,0,11
BRDA:27,1,1,10
BRDA:39,2,0,4
BRDA:44,3,0,1
BRDA:49,4,0,9
BRDA:49,4,1,8
BRDA:69,5,0,2
BRDA:69,6,0,5
BRDA:69,6,1,4
BRDA:83,7,0,3
BRDA:83,7,1,2
BRDA:100,8,0,2
BRDA:100,9,0,4
BRDA:100,9,1,3
BRDA:115,10,0,2
BRDA:115,10,1,1
BRF:17
BRH:17
end_of_record
TN:
SF:webview-src/diagram/index.ts
FNF:0
FNH:0
DA:6,5
DA:7,5
DA:8,5
DA:9,5
DA:10,5
DA:11,5
DA:12,5
DA:13,5
DA:14,5
LF:9
LH:9
BRF:0
BRH:0
end_of_record
